{"/home/natty/linkedin-automation/apps/web/app/layout.tsx": {"path":"/home/natty/linkedin-automation/apps/web/app/layout.tsx","statementMap":{"0":{"start":{"line":5,"column":34},"end":{"line":8,"column":null}},"1":{"start":{"line":15,"column":2},"end":{"line":20,"column":null}}},"fnMap":{"0":{"name":"RootLayout","decl":{"start":{"line":10,"column":24},"end":{"line":10,"column":35}},"loc":{"start":{"line":14,"column":3},"end":{"line":22,"column":null}},"line":14}},"branchMap":{},"s":{"0":0,"1":0},"f":{"0":0},"b":{},"meta":{"lastBranch":0,"lastFunction":1,"lastStatement":2,"seen":{"s:5:34:8:Infinity":0,"f:10:24:10:35":0,"s:15:2:20:Infinity":1}}}
,"/home/natty/linkedin-automation/apps/web/app/page.tsx": {"path":"/home/natty/linkedin-automation/apps/web/app/page.tsx","statementMap":{"0":{"start":{"line":5,"column":21},"end":{"line":5,"column":null}},"1":{"start":{"line":7,"column":2},"end":{"line":9,"column":null}},"2":{"start":{"line":8,"column":4},"end":{"line":8,"column":null}},"3":{"start":{"line":11,"column":2},"end":{"line":20,"column":null}}},"fnMap":{"0":{"name":"HomePage","decl":{"start":{"line":4,"column":30},"end":{"line":4,"column":41}},"loc":{"start":{"line":4,"column":41},"end":{"line":22,"column":null}},"line":4}},"branchMap":{"0":{"loc":{"start":{"line":7,"column":2},"end":{"line":9,"column":null}},"type":"if","locations":[{"start":{"line":7,"column":2},"end":{"line":9,"column":null}},{"start":{},"end":{}}],"line":7}},"s":{"0":0,"1":0,"2":0,"3":0},"f":{"0":0},"b":{"0":[0,0]},"meta":{"lastBranch":1,"lastFunction":1,"lastStatement":4,"seen":{"f:4:30:4:41":0,"s:5:21:5:Infinity":0,"b:7:2:9:Infinity:undefined:undefined:undefined:undefined":0,"s:7:2:9:Infinity":1,"s:8:4:8:Infinity":2,"s:11:2:20:Infinity":3}}}
,"/home/natty/linkedin-automation/apps/web/app/(auth)/sign-in/[[...sign-in]]/page.tsx": {"path":"/home/natty/linkedin-automation/apps/web/app/(auth)/sign-in/[[...sign-in]]/page.tsx","statementMap":{"0":{"start":{"line":4,"column":2},"end":{"line":7,"column":null}}},"fnMap":{"0":{"name":"SignInPage","decl":{"start":{"line":3,"column":24},"end":{"line":3,"column":37}},"loc":{"start":{"line":3,"column":37},"end":{"line":9,"column":null}},"line":3}},"branchMap":{},"s":{"0":0},"f":{"0":0},"b":{},"meta":{"lastBranch":0,"lastFunction":1,"lastStatement":1,"seen":{"f:3:24:3:37":0,"s:4:2:7:Infinity":0}}}
,"/home/natty/linkedin-automation/apps/web/app/(auth)/sign-up/[[...sign-up]]/page.tsx": {"path":"/home/natty/linkedin-automation/apps/web/app/(auth)/sign-up/[[...sign-up]]/page.tsx","statementMap":{"0":{"start":{"line":4,"column":2},"end":{"line":7,"column":null}}},"fnMap":{"0":{"name":"SignUpPage","decl":{"start":{"line":3,"column":24},"end":{"line":3,"column":37}},"loc":{"start":{"line":3,"column":37},"end":{"line":9,"column":null}},"line":3}},"branchMap":{},"s":{"0":0},"f":{"0":0},"b":{},"meta":{"lastBranch":0,"lastFunction":1,"lastStatement":1,"seen":{"f:3:24:3:37":0,"s:4:2:7:Infinity":0}}}
,"/home/natty/linkedin-automation/apps/web/app/(dashboard)/dashboard/layout.tsx": {"path":"/home/natty/linkedin-automation/apps/web/app/(dashboard)/dashboard/layout.tsx","statementMap":{"0":{"start":{"line":12,"column":2},"end":{"line":16,"column":null}},"1":{"start":{"line":13,"column":4},"end":{"line":15,"column":null}},"2":{"start":{"line":18,"column":2},"end":{"line":24,"column":null}}},"fnMap":{"0":{"name":"DashboardLayout","decl":{"start":{"line":6,"column":24},"end":{"line":6,"column":40}},"loc":{"start":{"line":10,"column":3},"end":{"line":26,"column":null}},"line":10},"1":{"name":"(anonymous_1)","decl":{"start":{"line":12,"column":12},"end":{"line":12,"column":18}},"loc":{"start":{"line":12,"column":18},"end":{"line":16,"column":5}},"line":12},"2":{"name":"(anonymous_2)","decl":{"start":{"line":13,"column":27},"end":{"line":13,"column":33}},"loc":{"start":{"line":13,"column":33},"end":{"line":15,"column":5}},"line":13}},"branchMap":{},"s":{"0":0,"1":0,"2":0},"f":{"0":0,"1":0,"2":0},"b":{},"meta":{"lastBranch":0,"lastFunction":3,"lastStatement":3,"seen":{"f:6:24:6:40":0,"s:12:2:16:Infinity":0,"f:12:12:12:18":1,"s:13:4:15:Infinity":1,"f:13:27:13:33":2,"s:18:2:24:Infinity":2}}}
,"/home/natty/linkedin-automation/apps/web/app/(dashboard)/dashboard/page.tsx": {"path":"/home/natty/linkedin-automation/apps/web/app/(dashboard)/dashboard/page.tsx","statementMap":{"0":{"start":{"line":5,"column":2},"end":{"line":61,"column":null}}},"fnMap":{"0":{"name":"DashboardPage","decl":{"start":{"line":4,"column":24},"end":{"line":4,"column":40}},"loc":{"start":{"line":4,"column":40},"end":{"line":63,"column":null}},"line":4}},"branchMap":{},"s":{"0":0},"f":{"0":0},"b":{},"meta":{"lastBranch":0,"lastFunction":1,"lastStatement":1,"seen":{"f:4:24:4:40":0,"s:5:2:61:Infinity":0}}}
,"/home/natty/linkedin-automation/apps/web/app/(dashboard)/onboarding/client.tsx": {"path":"/home/natty/linkedin-automation/apps/web/app/(dashboard)/onboarding/client.tsx","statementMap":{"0":{"start":{"line":16,"column":45},"end":{"line":24,"column":null}},"1":{"start":{"line":26,"column":40},"end":{"line":33,"column":null}},"2":{"start":{"line":35,"column":41},"end":{"line":41,"column":null}},"3":{"start":{"line":43,"column":47},"end":{"line":49,"column":null}},"4":{"start":{"line":51,"column":51},"end":{"line":55,"column":null}},"5":{"start":{"line":57,"column":42},"end":{"line":68,"column":null}},"6":{"start":{"line":70,"column":50},"end":{"line":74,"column":null}},"7":{"start":{"line":76,"column":48},"end":{"line":84,"column":null}},"8":{"start":{"line":86,"column":54},"end":{"line":88,"column":null}},"9":{"start":{"line":90,"column":45},"end":{"line":99,"column":null}},"10":{"start":{"line":101,"column":50},"end":{"line":105,"column":null}},"11":{"start":{"line":124,"column":32},"end":{"line":124,"column":null}},"12":{"start":{"line":125,"column":24},"end":{"line":125,"column":null}},"13":{"start":{"line":129,"column":27},"end":{"line":134,"column":null}},"14":{"start":{"line":130,"column":4},"end":{"line":132,"column":null}},"15":{"start":{"line":131,"column":6},"end":{"line":131,"column":null}},"16":{"start":{"line":133,"column":4},"end":{"line":133,"column":null}},"17":{"start":{"line":136,"column":26},"end":{"line":136,"column":null}},"18":{"start":{"line":142,"column":8},"end":{"line":176,"column":null}},"19":{"start":{"line":143,"column":4},"end":{"line":143,"column":null}},"20":{"start":{"line":144,"column":4},"end":{"line":144,"column":null}},"21":{"start":{"line":145,"column":4},"end":{"line":145,"column":null}},"22":{"start":{"line":147,"column":4},"end":{"line":175,"column":null}},"23":{"start":{"line":148,"column":23},"end":{"line":153,"column":null}},"24":{"start":{"line":155,"column":6},"end":{"line":160,"column":null}},"25":{"start":{"line":157,"column":21},"end":{"line":157,"column":null}},"26":{"start":{"line":157,"column":56},"end":{"line":157,"column":59}},"27":{"start":{"line":158,"column":8},"end":{"line":158,"column":null}},"28":{"start":{"line":159,"column":8},"end":{"line":159,"column":null}},"29":{"start":{"line":162,"column":19},"end":{"line":162,"column":null}},"30":{"start":{"line":164,"column":6},"end":{"line":166,"column":null}},"31":{"start":{"line":165,"column":8},"end":{"line":165,"column":null}},"32":{"start":{"line":169,"column":6},"end":{"line":169,"column":null}},"33":{"start":{"line":171,"column":27},"end":{"line":171,"column":null}},"34":{"start":{"line":172,"column":6},"end":{"line":172,"column":null}},"35":{"start":{"line":173,"column":6},"end":{"line":173,"column":null}},"36":{"start":{"line":174,"column":6},"end":{"line":174,"column":null}},"37":{"start":{"line":179,"column":2},"end":{"line":216,"column":null}},"38":{"start":{"line":180,"column":4},"end":{"line":214,"column":null}},"39":{"start":{"line":208,"column":31},"end":{"line":208,"column":68}},"40":{"start":{"line":218,"column":2},"end":{"line":247,"column":null}}},"fnMap":{"0":{"name":"OnboardingClient","decl":{"start":{"line":120,"column":16},"end":{"line":120,"column":33}},"loc":{"start":{"line":123,"column":26},"end":{"line":249,"column":null}},"line":123},"1":{"name":"(anonymous_1)","decl":{"start":{"line":129,"column":27},"end":{"line":129,"column":51}},"loc":{"start":{"line":129,"column":51},"end":{"line":134,"column":null}},"line":129},"2":{"name":"(anonymous_2)","decl":{"start":{"line":142,"column":36},"end":{"line":142,"column":48}},"loc":{"start":{"line":142,"column":48},"end":{"line":176,"column":5}},"line":142},"3":{"name":"(anonymous_3)","decl":{"start":{"line":157,"column":49},"end":{"line":157,"column":56}},"loc":{"start":{"line":157,"column":56},"end":{"line":157,"column":59}},"line":157},"4":{"name":"(anonymous_4)","decl":{"start":{"line":208,"column":23},"end":{"line":208,"column":29}},"loc":{"start":{"line":208,"column":29},"end":{"line":208,"column":null}},"line":208}},"branchMap":{"0":{"loc":{"start":{"line":130,"column":4},"end":{"line":132,"column":null}},"type":"if","locations":[{"start":{"line":130,"column":4},"end":{"line":132,"column":null}},{"start":{},"end":{}}],"line":130},"1":{"loc":{"start":{"line":131,"column":48},"end":{"line":131,"column":95}},"type":"binary-expr","locations":[{"start":{"line":131,"column":48},"end":{"line":131,"column":70}},{"start":{"line":131,"column":48},"end":{"line":131,"column":95}}],"line":131},"2":{"loc":{"start":{"line":155,"column":6},"end":{"line":160,"column":null}},"type":"if","locations":[{"start":{"line":155,"column":6},"end":{"line":160,"column":null}},{"start":{},"end":{}}],"line":155},"3":{"loc":{"start":{"line":164,"column":6},"end":{"line":166,"column":null}},"type":"if","locations":[{"start":{"line":164,"column":6},"end":{"line":166,"column":null}},{"start":{},"end":{}}],"line":164},"4":{"loc":{"start":{"line":171,"column":27},"end":{"line":171,"column":null}},"type":"cond-expr","locations":[{"start":{"line":171,"column":50},"end":{"line":171,"column":64}},{"start":{"line":171,"column":64},"end":{"line":171,"column":null}}],"line":171},"5":{"loc":{"start":{"line":179,"column":2},"end":{"line":216,"column":null}},"type":"if","locations":[{"start":{"line":179,"column":2},"end":{"line":216,"column":null}},{"start":{},"end":{}}],"line":179},"6":{"loc":{"start":{"line":235,"column":17},"end":{"line":235,"column":null}},"type":"cond-expr","locations":[{"start":{"line":235,"column":29},"end":{"line":235,"column":52}},{"start":{"line":235,"column":52},"end":{"line":235,"column":null}}],"line":235},"7":{"loc":{"start":{"line":238,"column":11},"end":{"line":238,"column":null}},"type":"cond-expr","locations":[{"start":{"line":238,"column":23},"end":{"line":238,"column":41}},{"start":{"line":238,"column":41},"end":{"line":238,"column":null}}],"line":238},"8":{"loc":{"start":{"line":241,"column":9},"end":{"line":244,"column":null}},"type":"binary-expr","locations":[{"start":{"line":241,"column":9},"end":{"line":241,"column":null}},{"start":{"line":242,"column":10},"end":{"line":244,"column":null}}],"line":241}},"s":{"0":1,"1":1,"2":1,"3":1,"4":1,"5":1,"6":1,"7":1,"8":1,"9":1,"10":1,"11":15,"12":15,"13":15,"14":8,"15":3,"16":5,"17":15,"18":15,"19":4,"20":4,"21":4,"22":4,"23":4,"24":3,"25":1,"26":0,"27":1,"28":1,"29":2,"30":2,"31":1,"32":1,"33":3,"34":3,"35":3,"36":3,"37":15,"38":3,"39":1,"40":12},"f":{"0":15,"1":8,"2":4,"3":0,"4":1},"b":{"0":[3,5],"1":[3,1],"2":[1,2],"3":[1,1],"4":[3,0],"5":[3,12],"6":[4,8],"7":[4,8],"8":[15,3]},"meta":{"lastBranch":9,"lastFunction":5,"lastStatement":41,"seen":{"s:16:45:24:Infinity":0,"s:26:40:33:Infinity":1,"s:35:41:41:Infinity":2,"s:43:47:49:Infinity":3,"s:51:51:55:Infinity":4,"s:57:42:68:Infinity":5,"s:70:50:74:Infinity":6,"s:76:48:84:Infinity":7,"s:86:54:88:Infinity":8,"s:90:45:99:Infinity":9,"s:101:50:105:Infinity":10,"f:120:16:120:33":0,"s:124:32:124:Infinity":11,"s:125:24:125:Infinity":12,"s:129:27:134:Infinity":13,"f:129:27:129:51":1,"b:130:4:132:Infinity:undefined:undefined:undefined:undefined":0,"s:130:4:132:Infinity":14,"s:131:6:131:Infinity":15,"b:131:48:131:70:131:48:131:95":1,"s:133:4:133:Infinity":16,"s:136:26:136:Infinity":17,"s:142:8:176:Infinity":18,"f:142:36:142:48":2,"s:143:4:143:Infinity":19,"s:144:4:144:Infinity":20,"s:145:4:145:Infinity":21,"s:147:4:175:Infinity":22,"s:148:23:153:Infinity":23,"b:155:6:160:Infinity:undefined:undefined:undefined:undefined":2,"s:155:6:160:Infinity":24,"s:157:21:157:Infinity":25,"f:157:49:157:56":3,"s:157:56:157:59":26,"s:158:8:158:Infinity":27,"s:159:8:159:Infinity":28,"s:162:19:162:Infinity":29,"b:164:6:166:Infinity:undefined:undefined:undefined:undefined":3,"s:164:6:166:Infinity":30,"s:165:8:165:Infinity":31,"s:169:6:169:Infinity":32,"s:171:27:171:Infinity":33,"b:171:50:171:64:171:64:171:Infinity":4,"s:172:6:172:Infinity":34,"s:173:6:173:Infinity":35,"s:174:6:174:Infinity":36,"b:179:2:216:Infinity:undefined:undefined:undefined:undefined":5,"s:179:2:216:Infinity":37,"s:180:4:214:Infinity":38,"f:208:23:208:29":4,"s:208:31:208:68":39,"s:218:2:247:Infinity":40,"b:235:29:235:52:235:52:235:Infinity":6,"b:238:23:238:41:238:41:238:Infinity":7,"b:241:9:241:Infinity:242:10:244:Infinity":8}}}
,"/home/natty/linkedin-automation/apps/web/app/(dashboard)/onboarding/page.tsx": {"path":"/home/natty/linkedin-automation/apps/web/app/(dashboard)/onboarding/page.tsx","statementMap":{"0":{"start":{"line":18,"column":17},"end":{"line":25,"column":null}},"1":{"start":{"line":27,"column":2},"end":{"line":29,"column":null}},"2":{"start":{"line":28,"column":4},"end":{"line":28,"column":null}},"3":{"start":{"line":31,"column":15},"end":{"line":31,"column":null}},"4":{"start":{"line":32,"column":2},"end":{"line":35,"column":null}},"5":{"start":{"line":40,"column":21},"end":{"line":40,"column":null}},"6":{"start":{"line":41,"column":2},"end":{"line":43,"column":null}},"7":{"start":{"line":42,"column":4},"end":{"line":42,"column":null}},"8":{"start":{"line":46,"column":37},"end":{"line":46,"column":null}},"9":{"start":{"line":48,"column":2},"end":{"line":48,"column":null}}},"fnMap":{"0":{"name":"getConnectionStatus","decl":{"start":{"line":17,"column":15},"end":{"line":17,"column":35}},"loc":{"start":{"line":17,"column":51},"end":{"line":36,"column":null}},"line":17},"1":{"name":"OnboardingPage","decl":{"start":{"line":38,"column":30},"end":{"line":38,"column":47}},"loc":{"start":{"line":38,"column":47},"end":{"line":49,"column":null}},"line":38}},"branchMap":{"0":{"loc":{"start":{"line":27,"column":2},"end":{"line":29,"column":null}},"type":"if","locations":[{"start":{"line":27,"column":2},"end":{"line":29,"column":null}},{"start":{},"end":{}}],"line":27},"1":{"loc":{"start":{"line":34,"column":17},"end":{"line":34,"column":null}},"type":"binary-expr","locations":[{"start":{"line":34,"column":17},"end":{"line":34,"column":60}},{"start":{"line":34,"column":60},"end":{"line":34,"column":null}}],"line":34},"2":{"loc":{"start":{"line":41,"column":2},"end":{"line":43,"column":null}},"type":"if","locations":[{"start":{"line":41,"column":2},"end":{"line":43,"column":null}},{"start":{},"end":{}}],"line":41}},"s":{"0":0,"1":0,"2":0,"3":0,"4":0,"5":0,"6":0,"7":0,"8":0,"9":0},"f":{"0":0,"1":0},"b":{"0":[0,0],"1":[0,0],"2":[0,0]},"meta":{"lastBranch":3,"lastFunction":2,"lastStatement":10,"seen":{"f:17:15:17:35":0,"s:18:17:25:Infinity":0,"b:27:2:29:Infinity:undefined:undefined:undefined:undefined":0,"s:27:2:29:Infinity":1,"s:28:4:28:Infinity":2,"s:31:15:31:Infinity":3,"s:32:2:35:Infinity":4,"b:34:17:34:60:34:60:34:Infinity":1,"f:38:30:38:47":1,"s:40:21:40:Infinity":5,"b:41:2:43:Infinity:undefined:undefined:undefined:undefined":2,"s:41:2:43:Infinity":6,"s:42:4:42:Infinity":7,"s:46:37:46:Infinity":8,"s:48:2:48:Infinity":9}}}
,"/home/natty/linkedin-automation/apps/web/app/(dashboard)/onboarding/error/client.tsx": {"path":"/home/natty/linkedin-automation/apps/web/app/(dashboard)/onboarding/error/client.tsx","statementMap":{"0":{"start":{"line":15,"column":45},"end":{"line":23,"column":null}},"1":{"start":{"line":25,"column":40},"end":{"line":33,"column":null}},"2":{"start":{"line":35,"column":54},"end":{"line":44,"column":null}},"3":{"start":{"line":46,"column":41},"end":{"line":51,"column":null}},"4":{"start":{"line":53,"column":47},"end":{"line":58,"column":null}},"5":{"start":{"line":60,"column":51},"end":{"line":64,"column":null}},"6":{"start":{"line":66,"column":42},"end":{"line":77,"column":null}},"7":{"start":{"line":79,"column":44},"end":{"line":85,"column":null}},"8":{"start":{"line":87,"column":45},"end":{"line":92,"column":null}},"9":{"start":{"line":94,"column":44},"end":{"line":100,"column":null}},"10":{"start":{"line":107,"column":35},"end":{"line":110,"column":null}},"11":{"start":{"line":112,"column":2},"end":{"line":160,"column":null}},"12":{"start":{"line":145,"column":27},"end":{"line":145,"column":65}}},"fnMap":{"0":{"name":"ErrorClient","decl":{"start":{"line":106,"column":16},"end":{"line":106,"column":30}},"loc":{"start":{"line":106,"column":30},"end":{"line":162,"column":null}},"line":106},"1":{"name":"(anonymous_1)","decl":{"start":{"line":145,"column":19},"end":{"line":145,"column":25}},"loc":{"start":{"line":145,"column":25},"end":{"line":145,"column":null}},"line":145}},"branchMap":{},"s":{"0":0,"1":0,"2":0,"3":0,"4":0,"5":0,"6":0,"7":0,"8":0,"9":0,"10":0,"11":0,"12":0},"f":{"0":0,"1":0},"b":{},"meta":{"lastBranch":0,"lastFunction":2,"lastStatement":13,"seen":{"s:15:45:23:Infinity":0,"s:25:40:33:Infinity":1,"s:35:54:44:Infinity":2,"s:46:41:51:Infinity":3,"s:53:47:58:Infinity":4,"s:60:51:64:Infinity":5,"s:66:42:77:Infinity":6,"s:79:44:85:Infinity":7,"s:87:45:92:Infinity":8,"s:94:44:100:Infinity":9,"f:106:16:106:30":0,"s:107:35:110:Infinity":10,"s:112:2:160:Infinity":11,"f:145:19:145:25":1,"s:145:27:145:65":12}}}
,"/home/natty/linkedin-automation/apps/web/app/(dashboard)/onboarding/error/page.tsx": {"path":"/home/natty/linkedin-automation/apps/web/app/(dashboard)/onboarding/error/page.tsx","statementMap":{"0":{"start":{"line":14,"column":21},"end":{"line":14,"column":null}},"1":{"start":{"line":15,"column":2},"end":{"line":17,"column":null}},"2":{"start":{"line":16,"column":4},"end":{"line":16,"column":null}},"3":{"start":{"line":19,"column":2},"end":{"line":19,"column":null}}},"fnMap":{"0":{"name":"OnboardingErrorPage","decl":{"start":{"line":12,"column":30},"end":{"line":12,"column":52}},"loc":{"start":{"line":12,"column":52},"end":{"line":20,"column":null}},"line":12}},"branchMap":{"0":{"loc":{"start":{"line":15,"column":2},"end":{"line":17,"column":null}},"type":"if","locations":[{"start":{"line":15,"column":2},"end":{"line":17,"column":null}},{"start":{},"end":{}}],"line":15}},"s":{"0":0,"1":0,"2":0,"3":0},"f":{"0":0},"b":{"0":[0,0]},"meta":{"lastBranch":1,"lastFunction":1,"lastStatement":4,"seen":{"f:12:30:12:52":0,"s:14:21:14:Infinity":0,"b:15:2:17:Infinity:undefined:undefined:undefined:undefined":0,"s:15:2:17:Infinity":1,"s:16:4:16:Infinity":2,"s:19:2:19:Infinity":3}}}
,"/home/natty/linkedin-automation/apps/web/app/(dashboard)/onboarding/success/client.tsx": {"path":"/home/natty/linkedin-automation/apps/web/app/(dashboard)/onboarding/success/client.tsx","statementMap":{"0":{"start":{"line":17,"column":25},"end":{"line":17,"column":null}},"1":{"start":{"line":18,"column":19},"end":{"line":18,"column":null}},"2":{"start":{"line":24,"column":45},"end":{"line":32,"column":null}},"3":{"start":{"line":34,"column":40},"end":{"line":42,"column":null}},"4":{"start":{"line":44,"column":52},"end":{"line":48,"column":null}},"5":{"start":{"line":50,"column":43},"end":{"line":57,"column":null}},"6":{"start":{"line":59,"column":54},"end":{"line":68,"column":null}},"7":{"start":{"line":70,"column":41},"end":{"line":75,"column":null}},"8":{"start":{"line":77,"column":47},"end":{"line":82,"column":null}},"9":{"start":{"line":84,"column":51},"end":{"line":88,"column":null}},"10":{"start":{"line":90,"column":42},"end":{"line":101,"column":null}},"11":{"start":{"line":103,"column":51},"end":{"line":107,"column":null}},"12":{"start":{"line":109,"column":46},"end":{"line":114,"column":null}},"13":{"start":{"line":116,"column":48},"end":{"line":121,"column":null}},"14":{"start":{"line":123,"column":47},"end":{"line":127,"column":null}},"15":{"start":{"line":140,"column":32},"end":{"line":140,"column":null}},"16":{"start":{"line":141,"column":46},"end":{"line":141,"column":null}},"17":{"start":{"line":142,"column":8},"end":{"line":142,"column":null}},"18":{"start":{"line":143,"column":8},"end":{"line":143,"column":null}},"19":{"start":{"line":144,"column":8},"end":{"line":144,"column":null}},"20":{"start":{"line":147,"column":2},"end":{"line":149,"column":null}},"21":{"start":{"line":148,"column":4},"end":{"line":148,"column":null}},"22":{"start":{"line":155,"column":8},"end":{"line":195,"column":null}},"23":{"start":{"line":156,"column":4},"end":{"line":194,"column":null}},"24":{"start":{"line":157,"column":23},"end":{"line":162,"column":null}},"25":{"start":{"line":165,"column":6},"end":{"line":168,"column":null}},"26":{"start":{"line":166,"column":8},"end":{"line":166,"column":null}},"27":{"start":{"line":167,"column":8},"end":{"line":167,"column":null}},"28":{"start":{"line":170,"column":6},"end":{"line":174,"column":null}},"29":{"start":{"line":172,"column":8},"end":{"line":172,"column":null}},"30":{"start":{"line":173,"column":8},"end":{"line":173,"column":null}},"31":{"start":{"line":176,"column":19},"end":{"line":176,"column":null}},"32":{"start":{"line":178,"column":6},"end":{"line":188,"column":null}},"33":{"start":{"line":180,"column":8},"end":{"line":186,"column":null}},"34":{"start":{"line":181,"column":10},"end":{"line":184,"column":null}},"35":{"start":{"line":185,"column":10},"end":{"line":185,"column":null}},"36":{"start":{"line":187,"column":8},"end":{"line":187,"column":null}},"37":{"start":{"line":190,"column":6},"end":{"line":190,"column":null}},"38":{"start":{"line":192,"column":6},"end":{"line":192,"column":null}},"39":{"start":{"line":193,"column":6},"end":{"line":193,"column":null}},"40":{"start":{"line":201,"column":2},"end":{"line":246,"column":null}},"41":{"start":{"line":203,"column":4},"end":{"line":203,"column":null}},"42":{"start":{"line":205,"column":17},"end":{"line":237,"column":null}},"43":{"start":{"line":206,"column":6},"end":{"line":206,"column":null}},"44":{"start":{"line":206,"column":32},"end":{"line":206,"column":null}},"45":{"start":{"line":207,"column":6},"end":{"line":209,"column":null}},"46":{"start":{"line":208,"column":8},"end":{"line":208,"column":null}},"47":{"start":{"line":211,"column":22},"end":{"line":211,"column":null}},"48":{"start":{"line":214,"column":6},"end":{"line":220,"column":null}},"49":{"start":{"line":215,"column":8},"end":{"line":218,"column":null}},"50":{"start":{"line":216,"column":10},"end":{"line":216,"column":null}},"51":{"start":{"line":217,"column":10},"end":{"line":217,"column":null}},"52":{"start":{"line":219,"column":8},"end":{"line":219,"column":null}},"53":{"start":{"line":222,"column":6},"end":{"line":222,"column":null}},"54":{"start":{"line":223,"column":21},"end":{"line":223,"column":null}},"55":{"start":{"line":225,"column":6},"end":{"line":225,"column":null}},"56":{"start":{"line":225,"column":32},"end":{"line":225,"column":null}},"57":{"start":{"line":227,"column":6},"end":{"line":231,"column":null}},"58":{"start":{"line":229,"column":8},"end":{"line":229,"column":null}},"59":{"start":{"line":230,"column":8},"end":{"line":230,"column":null}},"60":{"start":{"line":233,"column":6},"end":{"line":235,"column":null}},"61":{"start":{"line":234,"column":8},"end":{"line":234,"column":null}},"62":{"start":{"line":240,"column":4},"end":{"line":240,"column":null}},"63":{"start":{"line":242,"column":4},"end":{"line":245,"column":null}},"64":{"start":{"line":243,"column":6},"end":{"line":243,"column":null}},"65":{"start":{"line":244,"column":6},"end":{"line":244,"column":null}},"66":{"start":{"line":249,"column":2},"end":{"line":288,"column":null}},"67":{"start":{"line":250,"column":4},"end":{"line":286,"column":null}},"68":{"start":{"line":272,"column":27},"end":{"line":272,"column":null}},"69":{"start":{"line":281,"column":29},"end":{"line":281,"column":67}},"70":{"start":{"line":291,"column":2},"end":{"line":329,"column":null}},"71":{"start":{"line":292,"column":4},"end":{"line":327,"column":null}},"72":{"start":{"line":322,"column":29},"end":{"line":322,"column":66}},"73":{"start":{"line":332,"column":2},"end":{"line":353,"column":null}}},"fnMap":{"0":{"name":"SuccessClient","decl":{"start":{"line":139,"column":16},"end":{"line":139,"column":32}},"loc":{"start":{"line":139,"column":32},"end":{"line":355,"column":null}},"line":139},"1":{"name":"(anonymous_1)","decl":{"start":{"line":147,"column":12},"end":{"line":147,"column":18}},"loc":{"start":{"line":147,"column":18},"end":{"line":149,"column":5}},"line":147},"2":{"name":"(anonymous_2)","decl":{"start":{"line":155,"column":34},"end":{"line":155,"column":93}},"loc":{"start":{"line":155,"column":93},"end":{"line":195,"column":5}},"line":155},"3":{"name":"(anonymous_3)","decl":{"start":{"line":201,"column":12},"end":{"line":201,"column":18}},"loc":{"start":{"line":201,"column":18},"end":{"line":246,"column":5}},"line":201},"4":{"name":"(anonymous_4)","decl":{"start":{"line":205,"column":17},"end":{"line":205,"column":29}},"loc":{"start":{"line":205,"column":29},"end":{"line":237,"column":null}},"line":205},"5":{"name":"(anonymous_5)","decl":{"start":{"line":242,"column":11},"end":{"line":242,"column":17}},"loc":{"start":{"line":242,"column":17},"end":{"line":245,"column":null}},"line":242},"6":{"name":"(anonymous_6)","decl":{"start":{"line":272,"column":21},"end":{"line":272,"column":27}},"loc":{"start":{"line":272,"column":27},"end":{"line":272,"column":null}},"line":272},"7":{"name":"(anonymous_7)","decl":{"start":{"line":281,"column":21},"end":{"line":281,"column":27}},"loc":{"start":{"line":281,"column":27},"end":{"line":281,"column":null}},"line":281},"8":{"name":"(anonymous_8)","decl":{"start":{"line":322,"column":21},"end":{"line":322,"column":27}},"loc":{"start":{"line":322,"column":27},"end":{"line":322,"column":null}},"line":322}},"branchMap":{"0":{"loc":{"start":{"line":165,"column":6},"end":{"line":168,"column":null}},"type":"if","locations":[{"start":{"line":165,"column":6},"end":{"line":168,"column":null}},{"start":{},"end":{}}],"line":165},"1":{"loc":{"start":{"line":170,"column":6},"end":{"line":174,"column":null}},"type":"if","locations":[{"start":{"line":170,"column":6},"end":{"line":174,"column":null}},{"start":{},"end":{}}],"line":170},"2":{"loc":{"start":{"line":178,"column":6},"end":{"line":188,"column":null}},"type":"if","locations":[{"start":{"line":178,"column":6},"end":{"line":188,"column":null}},{"start":{},"end":{}}],"line":178},"3":{"loc":{"start":{"line":180,"column":8},"end":{"line":186,"column":null}},"type":"if","locations":[{"start":{"line":180,"column":8},"end":{"line":186,"column":null}},{"start":{},"end":{}}],"line":180},"4":{"loc":{"start":{"line":183,"column":25},"end":{"line":183,"column":null}},"type":"binary-expr","locations":[{"start":{"line":183,"column":25},"end":{"line":183,"column":45}},{"start":{"line":183,"column":30},"end":{"line":183,"column":null}}],"line":183},"5":{"loc":{"start":{"line":206,"column":6},"end":{"line":206,"column":null}},"type":"if","locations":[{"start":{"line":206,"column":6},"end":{"line":206,"column":null}},{"start":{},"end":{}}],"line":206},"6":{"loc":{"start":{"line":207,"column":6},"end":{"line":209,"column":null}},"type":"if","locations":[{"start":{"line":207,"column":6},"end":{"line":209,"column":null}},{"start":{},"end":{}}],"line":207},"7":{"loc":{"start":{"line":214,"column":6},"end":{"line":220,"column":null}},"type":"if","locations":[{"start":{"line":214,"column":6},"end":{"line":220,"column":null}},{"start":{},"end":{}}],"line":214},"8":{"loc":{"start":{"line":215,"column":8},"end":{"line":218,"column":null}},"type":"if","locations":[{"start":{"line":215,"column":8},"end":{"line":218,"column":null}},{"start":{},"end":{}}],"line":215},"9":{"loc":{"start":{"line":225,"column":6},"end":{"line":225,"column":null}},"type":"if","locations":[{"start":{"line":225,"column":6},"end":{"line":225,"column":null}},{"start":{},"end":{}}],"line":225},"10":{"loc":{"start":{"line":227,"column":6},"end":{"line":231,"column":null}},"type":"if","locations":[{"start":{"line":227,"column":6},"end":{"line":231,"column":null}},{"start":{},"end":{}}],"line":227},"11":{"loc":{"start":{"line":233,"column":6},"end":{"line":235,"column":null}},"type":"if","locations":[{"start":{"line":233,"column":6},"end":{"line":235,"column":null}},{"start":{},"end":{}}],"line":233},"12":{"loc":{"start":{"line":249,"column":2},"end":{"line":288,"column":null}},"type":"if","locations":[{"start":{"line":249,"column":2},"end":{"line":288,"column":null}},{"start":{},"end":{}}],"line":249},"13":{"loc":{"start":{"line":291,"column":2},"end":{"line":329,"column":null}},"type":"if","locations":[{"start":{"line":291,"column":2},"end":{"line":329,"column":null}},{"start":{},"end":{}}],"line":291}},"s":{"0":1,"1":1,"2":1,"3":1,"4":1,"5":1,"6":1,"7":1,"8":1,"9":1,"10":1,"11":1,"12":1,"13":1,"14":1,"15":10,"16":10,"17":10,"18":10,"19":10,"20":10,"21":6,"22":10,"23":6,"24":6,"25":5,"26":1,"27":1,"28":4,"29":0,"30":0,"31":4,"32":4,"33":4,"34":4,"35":4,"36":4,"37":0,"38":0,"39":0,"40":10,"41":6,"42":6,"43":6,"44":0,"45":6,"46":0,"47":6,"48":6,"49":0,"50":0,"51":0,"52":0,"53":6,"54":6,"55":5,"56":0,"57":5,"58":1,"59":1,"60":4,"61":0,"62":6,"63":6,"64":6,"65":6,"66":10,"67":0,"68":0,"69":0,"70":10,"71":4,"72":1,"73":6},"f":{"0":10,"1":6,"2":6,"3":6,"4":6,"5":6,"6":0,"7":0,"8":1},"b":{"0":[1,4],"1":[0,4],"2":[4,0],"3":[4,0],"4":[4,0],"5":[0,6],"6":[0,6],"7":[0,6],"8":[0,0],"9":[0,5],"10":[1,4],"11":[0,4],"12":[0,10],"13":[4,6]},"meta":{"lastBranch":14,"lastFunction":9,"lastStatement":74,"seen":{"s:17:25:17:Infinity":0,"s:18:19:18:Infinity":1,"s:24:45:32:Infinity":2,"s:34:40:42:Infinity":3,"s:44:52:48:Infinity":4,"s:50:43:57:Infinity":5,"s:59:54:68:Infinity":6,"s:70:41:75:Infinity":7,"s:77:47:82:Infinity":8,"s:84:51:88:Infinity":9,"s:90:42:101:Infinity":10,"s:103:51:107:Infinity":11,"s:109:46:114:Infinity":12,"s:116:48:121:Infinity":13,"s:123:47:127:Infinity":14,"f:139:16:139:32":0,"s:140:32:140:Infinity":15,"s:141:46:141:Infinity":16,"s:142:8:142:Infinity":17,"s:143:8:143:Infinity":18,"s:144:8:144:Infinity":19,"s:147:2:149:Infinity":20,"f:147:12:147:18":1,"s:148:4:148:Infinity":21,"s:155:8:195:Infinity":22,"f:155:34:155:93":2,"s:156:4:194:Infinity":23,"s:157:23:162:Infinity":24,"b:165:6:168:Infinity:undefined:undefined:undefined:undefined":0,"s:165:6:168:Infinity":25,"s:166:8:166:Infinity":26,"s:167:8:167:Infinity":27,"b:170:6:174:Infinity:undefined:undefined:undefined:undefined":1,"s:170:6:174:Infinity":28,"s:172:8:172:Infinity":29,"s:173:8:173:Infinity":30,"s:176:19:176:Infinity":31,"b:178:6:188:Infinity:undefined:undefined:undefined:undefined":2,"s:178:6:188:Infinity":32,"b:180:8:186:Infinity:undefined:undefined:undefined:undefined":3,"s:180:8:186:Infinity":33,"s:181:10:184:Infinity":34,"b:183:25:183:45:183:30:183:Infinity":4,"s:185:10:185:Infinity":35,"s:187:8:187:Infinity":36,"s:190:6:190:Infinity":37,"s:192:6:192:Infinity":38,"s:193:6:193:Infinity":39,"s:201:2:246:Infinity":40,"f:201:12:201:18":3,"s:203:4:203:Infinity":41,"s:205:17:237:Infinity":42,"f:205:17:205:29":4,"b:206:6:206:Infinity:undefined:undefined:undefined:undefined":5,"s:206:6:206:Infinity":43,"s:206:32:206:Infinity":44,"b:207:6:209:Infinity:undefined:undefined:undefined:undefined":6,"s:207:6:209:Infinity":45,"s:208:8:208:Infinity":46,"s:211:22:211:Infinity":47,"b:214:6:220:Infinity:undefined:undefined:undefined:undefined":7,"s:214:6:220:Infinity":48,"b:215:8:218:Infinity:undefined:undefined:undefined:undefined":8,"s:215:8:218:Infinity":49,"s:216:10:216:Infinity":50,"s:217:10:217:Infinity":51,"s:219:8:219:Infinity":52,"s:222:6:222:Infinity":53,"s:223:21:223:Infinity":54,"b:225:6:225:Infinity:undefined:undefined:undefined:undefined":9,"s:225:6:225:Infinity":55,"s:225:32:225:Infinity":56,"b:227:6:231:Infinity:undefined:undefined:undefined:undefined":10,"s:227:6:231:Infinity":57,"s:229:8:229:Infinity":58,"s:230:8:230:Infinity":59,"b:233:6:235:Infinity:undefined:undefined:undefined:undefined":11,"s:233:6:235:Infinity":60,"s:234:8:234:Infinity":61,"s:240:4:240:Infinity":62,"s:242:4:245:Infinity":63,"f:242:11:242:17":5,"s:243:6:243:Infinity":64,"s:244:6:244:Infinity":65,"b:249:2:288:Infinity:undefined:undefined:undefined:undefined":12,"s:249:2:288:Infinity":66,"s:250:4:286:Infinity":67,"f:272:21:272:27":6,"s:272:27:272:Infinity":68,"f:281:21:281:27":7,"s:281:29:281:67":69,"b:291:2:329:Infinity:undefined:undefined:undefined:undefined":13,"s:291:2:329:Infinity":70,"s:292:4:327:Infinity":71,"f:322:21:322:27":8,"s:322:29:322:66":72,"s:332:2:353:Infinity":73}}}
,"/home/natty/linkedin-automation/apps/web/app/(dashboard)/onboarding/success/page.tsx": {"path":"/home/natty/linkedin-automation/apps/web/app/(dashboard)/onboarding/success/page.tsx","statementMap":{"0":{"start":{"line":15,"column":21},"end":{"line":15,"column":null}},"1":{"start":{"line":16,"column":2},"end":{"line":18,"column":null}},"2":{"start":{"line":17,"column":4},"end":{"line":17,"column":null}},"3":{"start":{"line":20,"column":2},"end":{"line":20,"column":null}}},"fnMap":{"0":{"name":"OnboardingSuccessPage","decl":{"start":{"line":13,"column":30},"end":{"line":13,"column":54}},"loc":{"start":{"line":13,"column":54},"end":{"line":21,"column":null}},"line":13}},"branchMap":{"0":{"loc":{"start":{"line":16,"column":2},"end":{"line":18,"column":null}},"type":"if","locations":[{"start":{"line":16,"column":2},"end":{"line":18,"column":null}},{"start":{},"end":{}}],"line":16}},"s":{"0":0,"1":0,"2":0,"3":0},"f":{"0":0},"b":{"0":[0,0]},"meta":{"lastBranch":1,"lastFunction":1,"lastStatement":4,"seen":{"f:13:30:13:54":0,"s:15:21:15:Infinity":0,"b:16:2:18:Infinity:undefined:undefined:undefined:undefined":0,"s:16:2:18:Infinity":1,"s:17:4:17:Infinity":2,"s:20:2:20:Infinity":3}}}
,"/home/natty/linkedin-automation/apps/web/app/api/auth/unipile/connect/route.ts": {"path":"/home/natty/linkedin-automation/apps/web/app/api/auth/unipile/connect/route.ts","statementMap":{"0":{"start":{"line":23,"column":21},"end":{"line":23,"column":null}},"1":{"start":{"line":24,"column":2},"end":{"line":26,"column":null}},"2":{"start":{"line":25,"column":4},"end":{"line":25,"column":null}},"3":{"start":{"line":28,"column":2},"end":{"line":56,"column":null}},"4":{"start":{"line":29,"column":19},"end":{"line":29,"column":null}},"5":{"start":{"line":32,"column":4},"end":{"line":39,"column":null}},"6":{"start":{"line":41,"column":4},"end":{"line":41,"column":null}},"7":{"start":{"line":43,"column":25},"end":{"line":43,"column":null}},"8":{"start":{"line":46,"column":4},"end":{"line":53,"column":null}},"9":{"start":{"line":55,"column":4},"end":{"line":55,"column":null}}},"fnMap":{"0":{"name":"POST","decl":{"start":{"line":21,"column":22},"end":{"line":21,"column":29}},"loc":{"start":{"line":21,"column":29},"end":{"line":57,"column":null}},"line":21}},"branchMap":{"0":{"loc":{"start":{"line":24,"column":2},"end":{"line":26,"column":null}},"type":"if","locations":[{"start":{"line":24,"column":2},"end":{"line":26,"column":null}},{"start":{},"end":{}}],"line":24},"1":{"loc":{"start":{"line":43,"column":25},"end":{"line":43,"column":null}},"type":"cond-expr","locations":[{"start":{"line":43,"column":50},"end":{"line":43,"column":66}},{"start":{"line":43,"column":66},"end":{"line":43,"column":null}}],"line":43}},"s":{"0":4,"1":4,"2":1,"3":3,"4":3,"5":1,"6":1,"7":2,"8":2,"9":2},"f":{"0":4},"b":{"0":[1,3],"1":[1,1]},"meta":{"lastBranch":2,"lastFunction":1,"lastStatement":10,"seen":{"f:21:22:21:29":0,"s:23:21:23:Infinity":0,"b:24:2:26:Infinity:undefined:undefined:undefined:undefined":0,"s:24:2:26:Infinity":1,"s:25:4:25:Infinity":2,"s:28:2:56:Infinity":3,"s:29:19:29:Infinity":4,"s:32:4:39:Infinity":5,"s:41:4:41:Infinity":6,"s:43:25:43:Infinity":7,"b:43:50:43:66:43:66:43:Infinity":1,"s:46:4:53:Infinity":8,"s:55:4:55:Infinity":9}}}
,"/home/natty/linkedin-automation/apps/web/app/api/health/route.ts": {"path":"/home/natty/linkedin-automation/apps/web/app/api/health/route.ts","statementMap":{"0":{"start":{"line":6,"column":23},"end":{"line":6,"column":null}},"1":{"start":{"line":9,"column":8},"end":{"line":9,"column":null}},"2":{"start":{"line":11,"column":2},"end":{"line":32,"column":null}},"3":{"start":{"line":13,"column":4},"end":{"line":13,"column":null}},"4":{"start":{"line":15,"column":4},"end":{"line":19,"column":null}},"5":{"start":{"line":21,"column":4},"end":{"line":21,"column":null}},"6":{"start":{"line":23,"column":4},"end":{"line":31,"column":null}}},"fnMap":{"0":{"name":"GET","decl":{"start":{"line":8,"column":22},"end":{"line":8,"column":28}},"loc":{"start":{"line":8,"column":28},"end":{"line":33,"column":null}},"line":8}},"branchMap":{"0":{"loc":{"start":{"line":28,"column":15},"end":{"line":28,"column":null}},"type":"cond-expr","locations":[{"start":{"line":28,"column":40},"end":{"line":28,"column":56}},{"start":{"line":28,"column":56},"end":{"line":28,"column":null}}],"line":28}},"s":{"0":1,"1":5,"2":5,"3":5,"4":2,"5":3,"6":3},"f":{"0":5},"b":{"0":[2,1]},"meta":{"lastBranch":1,"lastFunction":1,"lastStatement":7,"seen":{"s:6:23:6:Infinity":0,"f:8:22:8:28":0,"s:9:8:9:Infinity":1,"s:11:2:32:Infinity":2,"s:13:4:13:Infinity":3,"s:15:4:19:Infinity":4,"s:21:4:21:Infinity":5,"s:23:4:31:Infinity":6,"b:28:40:28:56:28:56:28:Infinity":0}}}
,"/home/natty/linkedin-automation/apps/web/app/api/me/route.ts": {"path":"/home/natty/linkedin-automation/apps/web/app/api/me/route.ts","statementMap":{"0":{"start":{"line":7,"column":21},"end":{"line":7,"column":null}},"1":{"start":{"line":9,"column":2},"end":{"line":14,"column":null}},"2":{"start":{"line":10,"column":4},"end":{"line":13,"column":null}},"3":{"start":{"line":16,"column":2},"end":{"line":72,"column":null}},"4":{"start":{"line":18,"column":22},"end":{"line":18,"column":null}},"5":{"start":{"line":20,"column":4},"end":{"line":25,"column":null}},"6":{"start":{"line":21,"column":6},"end":{"line":24,"column":null}},"7":{"start":{"line":28,"column":18},"end":{"line":28,"column":null}},"8":{"start":{"line":29,"column":17},"end":{"line":31,"column":null}},"9":{"start":{"line":34,"column":25},"end":{"line":36,"column":null}},"10":{"start":{"line":40,"column":4},"end":{"line":63,"column":null}},"11":{"start":{"line":42,"column":24},"end":{"line":50,"column":null}},"12":{"start":{"line":51,"column":6},"end":{"line":51,"column":null}},"13":{"start":{"line":54,"column":24},"end":{"line":61,"column":null}},"14":{"start":{"line":62,"column":6},"end":{"line":62,"column":null}},"15":{"start":{"line":65,"column":4},"end":{"line":65,"column":null}},"16":{"start":{"line":67,"column":4},"end":{"line":67,"column":null}},"17":{"start":{"line":68,"column":4},"end":{"line":71,"column":null}}},"fnMap":{"0":{"name":"GET","decl":{"start":{"line":6,"column":22},"end":{"line":6,"column":28}},"loc":{"start":{"line":6,"column":28},"end":{"line":73,"column":null}},"line":6}},"branchMap":{"0":{"loc":{"start":{"line":9,"column":2},"end":{"line":14,"column":null}},"type":"if","locations":[{"start":{"line":9,"column":2},"end":{"line":14,"column":null}},{"start":{},"end":{}}],"line":9},"1":{"loc":{"start":{"line":20,"column":4},"end":{"line":25,"column":null}},"type":"if","locations":[{"start":{"line":20,"column":4},"end":{"line":25,"column":null}},{"start":{},"end":{}}],"line":20},"2":{"loc":{"start":{"line":28,"column":18},"end":{"line":28,"column":null}},"type":"binary-expr","locations":[{"start":{"line":28,"column":18},"end":{"line":28,"column":63}},{"start":{"line":28,"column":63},"end":{"line":28,"column":null}}],"line":28},"3":{"loc":{"start":{"line":29,"column":17},"end":{"line":31,"column":null}},"type":"cond-expr","locations":[{"start":{"line":30,"column":8},"end":{"line":30,"column":null}},{"start":{"line":31,"column":8},"end":{"line":31,"column":null}}],"line":29},"4":{"loc":{"start":{"line":30,"column":34},"end":{"line":30,"column":58}},"type":"binary-expr","locations":[{"start":{"line":30,"column":34},"end":{"line":30,"column":56}},{"start":{"line":30,"column":56},"end":{"line":30,"column":58}}],"line":30},"5":{"loc":{"start":{"line":40,"column":4},"end":{"line":63,"column":null}},"type":"if","locations":[{"start":{"line":40,"column":4},"end":{"line":63,"column":null}},{"start":{"line":52,"column":11},"end":{"line":63,"column":null}}],"line":40}},"s":{"0":9,"1":9,"2":1,"3":8,"4":8,"5":8,"6":1,"7":7,"8":9,"9":9,"10":5,"11":1,"12":1,"13":4,"14":4,"15":5,"16":2,"17":2},"f":{"0":9},"b":{"0":[1,8],"1":[1,7],"2":[7,1],"3":[6,1],"4":[6,4],"5":[1,4]},"meta":{"lastBranch":6,"lastFunction":1,"lastStatement":18,"seen":{"f:6:22:6:28":0,"s:7:21:7:Infinity":0,"b:9:2:14:Infinity:undefined:undefined:undefined:undefined":0,"s:9:2:14:Infinity":1,"s:10:4:13:Infinity":2,"s:16:2:72:Infinity":3,"s:18:22:18:Infinity":4,"b:20:4:25:Infinity:undefined:undefined:undefined:undefined":1,"s:20:4:25:Infinity":5,"s:21:6:24:Infinity":6,"s:28:18:28:Infinity":7,"b:28:18:28:63:28:63:28:Infinity":2,"s:29:17:31:Infinity":8,"b:30:8:30:Infinity:31:8:31:Infinity":3,"b:30:34:30:56:30:56:30:58":4,"s:34:25:36:Infinity":9,"b:40:4:63:Infinity:52:11:63:Infinity":5,"s:40:4:63:Infinity":10,"s:42:24:50:Infinity":11,"s:51:6:51:Infinity":12,"s:54:24:61:Infinity":13,"s:62:6:62:Infinity":14,"s:65:4:65:Infinity":15,"s:67:4:67:Infinity":16,"s:68:4:71:Infinity":17}}}
,"/home/natty/linkedin-automation/apps/web/app/api/user/status/route.ts": {"path":"/home/natty/linkedin-automation/apps/web/app/api/user/status/route.ts","statementMap":{"0":{"start":{"line":33,"column":21},"end":{"line":33,"column":null}},"1":{"start":{"line":34,"column":2},"end":{"line":41,"column":null}},"2":{"start":{"line":35,"column":4},"end":{"line":40,"column":null}},"3":{"start":{"line":43,"column":2},"end":{"line":101,"column":null}},"4":{"start":{"line":45,"column":19},"end":{"line":52,"column":null}},"5":{"start":{"line":54,"column":4},"end":{"line":66,"column":null}},"6":{"start":{"line":57,"column":43},"end":{"line":60,"column":null}},"7":{"start":{"line":61,"column":6},"end":{"line":65,"column":null}},"8":{"start":{"line":68,"column":17},"end":{"line":68,"column":null}},"9":{"start":{"line":69,"column":30},"end":{"line":69,"column":null}},"10":{"start":{"line":70,"column":24},"end":{"line":70,"column":null}},"11":{"start":{"line":72,"column":41},"end":{"line":75,"column":null}},"12":{"start":{"line":77,"column":4},"end":{"line":81,"column":null}},"13":{"start":{"line":83,"column":25},"end":{"line":83,"column":null}},"14":{"start":{"line":86,"column":4},"end":{"line":93,"column":null}},"15":{"start":{"line":95,"column":4},"end":{"line":100,"column":null}}},"fnMap":{"0":{"name":"GET","decl":{"start":{"line":31,"column":22},"end":{"line":31,"column":28}},"loc":{"start":{"line":31,"column":28},"end":{"line":102,"column":null}},"line":31}},"branchMap":{"0":{"loc":{"start":{"line":34,"column":2},"end":{"line":41,"column":null}},"type":"if","locations":[{"start":{"line":34,"column":2},"end":{"line":41,"column":null}},{"start":{},"end":{}}],"line":34},"1":{"loc":{"start":{"line":54,"column":4},"end":{"line":66,"column":null}},"type":"if","locations":[{"start":{"line":54,"column":4},"end":{"line":66,"column":null}},{"start":{},"end":{}}],"line":54},"2":{"loc":{"start":{"line":70,"column":24},"end":{"line":70,"column":null}},"type":"binary-expr","locations":[{"start":{"line":70,"column":24},"end":{"line":70,"column":67}},{"start":{"line":70,"column":67},"end":{"line":70,"column":null}}],"line":70},"3":{"loc":{"start":{"line":83,"column":25},"end":{"line":83,"column":null}},"type":"cond-expr","locations":[{"start":{"line":83,"column":50},"end":{"line":83,"column":66}},{"start":{"line":83,"column":66},"end":{"line":83,"column":null}}],"line":83}},"s":{"0":7,"1":7,"2":1,"3":6,"4":6,"5":4,"6":1,"7":1,"8":3,"9":3,"10":3,"11":7,"12":7,"13":2,"14":2,"15":2},"f":{"0":7},"b":{"0":[1,6],"1":[1,3],"2":[3,2],"3":[1,1]},"meta":{"lastBranch":4,"lastFunction":1,"lastStatement":16,"seen":{"f:31:22:31:28":0,"s:33:21:33:Infinity":0,"b:34:2:41:Infinity:undefined:undefined:undefined:undefined":0,"s:34:2:41:Infinity":1,"s:35:4:40:Infinity":2,"s:43:2:101:Infinity":3,"s:45:19:52:Infinity":4,"b:54:4:66:Infinity:undefined:undefined:undefined:undefined":1,"s:54:4:66:Infinity":5,"s:57:43:60:Infinity":6,"s:61:6:65:Infinity":7,"s:68:17:68:Infinity":8,"s:69:30:69:Infinity":9,"s:70:24:70:Infinity":10,"b:70:24:70:67:70:67:70:Infinity":2,"s:72:41:75:Infinity":11,"s:77:4:81:Infinity":12,"s:83:25:83:Infinity":13,"b:83:50:83:66:83:66:83:Infinity":3,"s:86:4:93:Infinity":14,"s:95:4:100:Infinity":15}}}
,"/home/natty/linkedin-automation/apps/web/app/api/webhooks/unipile/route.ts": {"path":"/home/natty/linkedin-automation/apps/web/app/api/webhooks/unipile/route.ts","statementMap":{"0":{"start":{"line":36,"column":23},"end":{"line":36,"column":null}},"1":{"start":{"line":39,"column":30},"end":{"line":39,"column":null}},"2":{"start":{"line":56,"column":2},"end":{"line":56,"column":null}},"3":{"start":{"line":63,"column":2},"end":{"line":63,"column":null}},"4":{"start":{"line":74,"column":2},"end":{"line":74,"column":null}},"5":{"start":{"line":74,"column":14},"end":{"line":74,"column":null}},"6":{"start":{"line":75,"column":2},"end":{"line":77,"column":null}},"7":{"start":{"line":86,"column":20},"end":{"line":86,"column":null}},"8":{"start":{"line":87,"column":8},"end":{"line":87,"column":null}},"9":{"start":{"line":89,"column":2},"end":{"line":98,"column":null}},"10":{"start":{"line":90,"column":4},"end":{"line":96,"column":null}},"11":{"start":{"line":97,"column":4},"end":{"line":97,"column":null}},"12":{"start":{"line":101,"column":24},"end":{"line":101,"column":null}},"13":{"start":{"line":102,"column":18},"end":{"line":102,"column":null}},"14":{"start":{"line":105,"column":18},"end":{"line":105,"column":null}},"15":{"start":{"line":109,"column":2},"end":{"line":121,"column":null}},"16":{"start":{"line":110,"column":4},"end":{"line":110,"column":null}},"17":{"start":{"line":112,"column":4},"end":{"line":118,"column":null}},"18":{"start":{"line":120,"column":4},"end":{"line":120,"column":null}},"19":{"start":{"line":124,"column":2},"end":{"line":135,"column":null}},"20":{"start":{"line":125,"column":4},"end":{"line":132,"column":null}},"21":{"start":{"line":134,"column":4},"end":{"line":134,"column":null}},"22":{"start":{"line":137,"column":18},"end":{"line":137,"column":null}},"23":{"start":{"line":140,"column":20},"end":{"line":140,"column":null}},"24":{"start":{"line":142,"column":4},"end":{"line":144,"column":null}},"25":{"start":{"line":146,"column":4},"end":{"line":146,"column":null}},"26":{"start":{"line":149,"column":2},"end":{"line":158,"column":null}},"27":{"start":{"line":163,"column":24},"end":{"line":163,"column":null}},"28":{"start":{"line":164,"column":2},"end":{"line":190,"column":null}},"29":{"start":{"line":165,"column":25},"end":{"line":174,"column":null}},"30":{"start":{"line":176,"column":4},"end":{"line":176,"column":null}},"31":{"start":{"line":179,"column":25},"end":{"line":179,"column":null}},"32":{"start":{"line":180,"column":4},"end":{"line":188,"column":null}},"33":{"start":{"line":189,"column":4},"end":{"line":189,"column":null}},"34":{"start":{"line":193,"column":2},"end":{"line":284,"column":null}},"35":{"start":{"line":194,"column":21},"end":{"line":201,"column":null}},"36":{"start":{"line":203,"column":4},"end":{"line":215,"column":null}},"37":{"start":{"line":206,"column":6},"end":{"line":213,"column":null}},"38":{"start":{"line":214,"column":6},"end":{"line":214,"column":null}},"39":{"start":{"line":217,"column":19},"end":{"line":217,"column":null}},"40":{"start":{"line":218,"column":24},"end":{"line":218,"column":null}},"41":{"start":{"line":221,"column":4},"end":{"line":253,"column":null}},"42":{"start":{"line":222,"column":22},"end":{"line":222,"column":null}},"43":{"start":{"line":223,"column":6},"end":{"line":252,"column":null}},"44":{"start":{"line":225,"column":8},"end":{"line":233,"column":null}},"45":{"start":{"line":235,"column":8},"end":{"line":251,"column":null}},"46":{"start":{"line":237,"column":10},"end":{"line":245,"column":null}},"47":{"start":{"line":248,"column":10},"end":{"line":248,"column":null}},"48":{"start":{"line":256,"column":4},"end":{"line":269,"column":null}},"49":{"start":{"line":257,"column":6},"end":{"line":267,"column":null}},"50":{"start":{"line":268,"column":6},"end":{"line":268,"column":null}},"51":{"start":{"line":273,"column":4},"end":{"line":282,"column":null}},"52":{"start":{"line":283,"column":4},"end":{"line":283,"column":null}},"53":{"start":{"line":287,"column":17},"end":{"line":287,"column":null}},"54":{"start":{"line":289,"column":2},"end":{"line":329,"column":null}},"55":{"start":{"line":290,"column":25},"end":{"line":290,"column":null}},"56":{"start":{"line":292,"column":4},"end":{"line":303,"column":null}},"57":{"start":{"line":305,"column":4},"end":{"line":316,"column":null}},"58":{"start":{"line":307,"column":6},"end":{"line":314,"column":null}},"59":{"start":{"line":308,"column":8},"end":{"line":311,"column":null}},"60":{"start":{"line":315,"column":6},"end":{"line":315,"column":null}},"61":{"start":{"line":319,"column":4},"end":{"line":325,"column":null}},"62":{"start":{"line":320,"column":6},"end":{"line":322,"column":null}},"63":{"start":{"line":328,"column":4},"end":{"line":328,"column":null}},"64":{"start":{"line":332,"column":2},"end":{"line":350,"column":null}},"65":{"start":{"line":333,"column":4},"end":{"line":336,"column":null}},"66":{"start":{"line":339,"column":25},"end":{"line":339,"column":null}},"67":{"start":{"line":340,"column":4},"end":{"line":348,"column":null}},"68":{"start":{"line":349,"column":4},"end":{"line":349,"column":null}},"69":{"start":{"line":353,"column":2},"end":{"line":362,"column":null}},"70":{"start":{"line":364,"column":2},"end":{"line":364,"column":null}}},"fnMap":{"0":{"name":"computeEventId","decl":{"start":{"line":55,"column":9},"end":{"line":55,"column":24}},"loc":{"start":{"line":55,"column":60},"end":{"line":57,"column":null}},"line":55},"1":{"name":"isValidPayloadObject","decl":{"start":{"line":62,"column":9},"end":{"line":62,"column":30}},"loc":{"start":{"line":62,"column":80},"end":{"line":64,"column":null}},"line":62},"2":{"name":"isNonRetriableError","decl":{"start":{"line":73,"column":9},"end":{"line":73,"column":29}},"loc":{"start":{"line":73,"column":65},"end":{"line":79,"column":null}},"line":73},"3":{"name":"POST","decl":{"start":{"line":84,"column":22},"end":{"line":84,"column":27}},"loc":{"start":{"line":84,"column":45},"end":{"line":365,"column":null}},"line":84}},"branchMap":{"0":{"loc":{"start":{"line":63,"column":9},"end":{"line":63,"column":null}},"type":"binary-expr","locations":[{"start":{"line":63,"column":9},"end":{"line":63,"column":38}},{"start":{"line":63,"column":38},"end":{"line":63,"column":56}},{"start":{"line":63,"column":56},"end":{"line":63,"column":null}}],"line":63},"1":{"loc":{"start":{"line":74,"column":2},"end":{"line":74,"column":null}},"type":"if","locations":[{"start":{"line":74,"column":2},"end":{"line":74,"column":null}},{"start":{},"end":{}}],"line":74},"2":{"loc":{"start":{"line":76,"column":4},"end":{"line":77,"column":null}},"type":"binary-expr","locations":[{"start":{"line":76,"column":4},"end":{"line":76,"column":null}},{"start":{"line":77,"column":4},"end":{"line":77,"column":null}}],"line":76},"3":{"loc":{"start":{"line":89,"column":2},"end":{"line":98,"column":null}},"type":"if","locations":[{"start":{"line":89,"column":2},"end":{"line":98,"column":null}},{"start":{},"end":{}}],"line":89},"4":{"loc":{"start":{"line":124,"column":2},"end":{"line":135,"column":null}},"type":"if","locations":[{"start":{"line":124,"column":2},"end":{"line":135,"column":null}},{"start":{},"end":{}}],"line":124},"5":{"loc":{"start":{"line":129,"column":21},"end":{"line":129,"column":null}},"type":"cond-expr","locations":[{"start":{"line":129,"column":39},"end":{"line":129,"column":48}},{"start":{"line":129,"column":48},"end":{"line":129,"column":null}}],"line":129},"6":{"loc":{"start":{"line":129,"column":48},"end":{"line":129,"column":null}},"type":"cond-expr","locations":[{"start":{"line":129,"column":72},"end":{"line":129,"column":82}},{"start":{"line":129,"column":82},"end":{"line":129,"column":null}}],"line":129},"7":{"loc":{"start":{"line":140,"column":20},"end":{"line":140,"column":null}},"type":"cond-expr","locations":[{"start":{"line":140,"column":56},"end":{"line":140,"column":72}},{"start":{"line":140,"column":72},"end":{"line":140,"column":null}}],"line":140},"8":{"loc":{"start":{"line":142,"column":4},"end":{"line":144,"column":null}},"type":"cond-expr","locations":[{"start":{"line":143,"column":8},"end":{"line":143,"column":null}},{"start":{"line":144,"column":8},"end":{"line":144,"column":null}}],"line":142},"9":{"loc":{"start":{"line":142,"column":4},"end":{"line":142,"column":null}},"type":"binary-expr","locations":[{"start":{"line":142,"column":4},"end":{"line":142,"column":31}},{"start":{"line":142,"column":31},"end":{"line":142,"column":null}}],"line":142},"10":{"loc":{"start":{"line":146,"column":4},"end":{"line":146,"column":null}},"type":"cond-expr","locations":[{"start":{"line":146,"column":60},"end":{"line":146,"column":75}},{"start":{"line":146,"column":75},"end":{"line":146,"column":null}}],"line":146},"11":{"loc":{"start":{"line":146,"column":4},"end":{"line":146,"column":60}},"type":"binary-expr","locations":[{"start":{"line":146,"column":4},"end":{"line":146,"column":25}},{"start":{"line":146,"column":25},"end":{"line":146,"column":60}}],"line":146},"12":{"loc":{"start":{"line":179,"column":25},"end":{"line":179,"column":null}},"type":"cond-expr","locations":[{"start":{"line":179,"column":50},"end":{"line":179,"column":66}},{"start":{"line":179,"column":66},"end":{"line":179,"column":null}}],"line":179},"13":{"loc":{"start":{"line":193,"column":2},"end":{"line":284,"column":null}},"type":"if","locations":[{"start":{"line":193,"column":2},"end":{"line":284,"column":null}},{"start":{},"end":{}}],"line":193},"14":{"loc":{"start":{"line":203,"column":4},"end":{"line":215,"column":null}},"type":"if","locations":[{"start":{"line":203,"column":4},"end":{"line":215,"column":null}},{"start":{},"end":{}}],"line":203},"15":{"loc":{"start":{"line":221,"column":4},"end":{"line":253,"column":null}},"type":"if","locations":[{"start":{"line":221,"column":4},"end":{"line":253,"column":null}},{"start":{},"end":{}}],"line":221},"16":{"loc":{"start":{"line":221,"column":8},"end":{"line":221,"column":42}},"type":"binary-expr","locations":[{"start":{"line":221,"column":8},"end":{"line":221,"column":24}},{"start":{"line":221,"column":24},"end":{"line":221,"column":42}}],"line":221},"17":{"loc":{"start":{"line":223,"column":6},"end":{"line":252,"column":null}},"type":"if","locations":[{"start":{"line":223,"column":6},"end":{"line":252,"column":null}},{"start":{},"end":{}}],"line":223},"18":{"loc":{"start":{"line":256,"column":4},"end":{"line":269,"column":null}},"type":"if","locations":[{"start":{"line":256,"column":4},"end":{"line":269,"column":null}},{"start":{},"end":{}}],"line":256},"19":{"loc":{"start":{"line":289,"column":2},"end":{"line":329,"column":null}},"type":"if","locations":[{"start":{"line":289,"column":2},"end":{"line":329,"column":null}},{"start":{},"end":{}}],"line":289},"20":{"loc":{"start":{"line":305,"column":4},"end":{"line":316,"column":null}},"type":"if","locations":[{"start":{"line":305,"column":4},"end":{"line":316,"column":null}},{"start":{},"end":{}}],"line":305},"21":{"loc":{"start":{"line":339,"column":25},"end":{"line":339,"column":null}},"type":"cond-expr","locations":[{"start":{"line":339,"column":50},"end":{"line":339,"column":66}},{"start":{"line":339,"column":66},"end":{"line":339,"column":null}}],"line":339}},"s":{"0":1,"1":1,"2":13,"3":12,"4":2,"5":0,"6":2,"7":15,"8":15,"9":15,"10":2,"11":2,"12":13,"13":13,"14":13,"15":13,"16":13,"17":1,"18":1,"19":12,"20":3,"21":3,"22":9,"23":9,"24":15,"25":15,"26":15,"27":15,"28":15,"29":15,"30":8,"31":1,"32":1,"33":1,"34":8,"35":2,"36":2,"37":0,"38":0,"39":2,"40":2,"41":2,"42":1,"43":1,"44":0,"45":0,"46":0,"47":0,"48":2,"49":1,"50":1,"51":1,"52":1,"53":6,"54":6,"55":2,"56":2,"57":2,"58":1,"59":1,"60":1,"61":1,"62":1,"63":1,"64":4,"65":4,"66":0,"67":0,"68":0,"69":4,"70":4},"f":{"0":13,"1":12,"2":2,"3":15},"b":{"0":[12,11,10],"1":[0,2],"2":[2,1],"3":[2,13],"4":[3,9],"5":[1,2],"6":[1,1],"7":[9,0],"8":[8,1],"9":[15,8],"10":[7,2],"11":[15,7],"12":[1,0],"13":[2,6],"14":[0,2],"15":[1,1],"16":[2,1],"17":[0,1],"18":[1,1],"19":[2,4],"20":[1,1],"21":[0,0]},"meta":{"lastBranch":22,"lastFunction":4,"lastStatement":71,"seen":{"s:36:23:36:Infinity":0,"s:39:30:39:Infinity":1,"f:55:9:55:24":0,"s:56:2:56:Infinity":2,"f:62:9:62:30":1,"s:63:2:63:Infinity":3,"b:63:9:63:38:63:38:63:56:63:56:63:Infinity":0,"f:73:9:73:29":2,"b:74:2:74:Infinity:undefined:undefined:undefined:undefined":1,"s:74:2:74:Infinity":4,"s:74:14:74:Infinity":5,"s:75:2:77:Infinity":6,"b:76:4:76:Infinity:77:4:77:Infinity":2,"f:84:22:84:27":3,"s:86:20:86:Infinity":7,"s:87:8:87:Infinity":8,"b:89:2:98:Infinity:undefined:undefined:undefined:undefined":3,"s:89:2:98:Infinity":9,"s:90:4:96:Infinity":10,"s:97:4:97:Infinity":11,"s:101:24:101:Infinity":12,"s:102:18:102:Infinity":13,"s:105:18:105:Infinity":14,"s:109:2:121:Infinity":15,"s:110:4:110:Infinity":16,"s:112:4:118:Infinity":17,"s:120:4:120:Infinity":18,"b:124:2:135:Infinity:undefined:undefined:undefined:undefined":4,"s:124:2:135:Infinity":19,"s:125:4:132:Infinity":20,"b:129:39:129:48:129:48:129:Infinity":5,"b:129:72:129:82:129:82:129:Infinity":6,"s:134:4:134:Infinity":21,"s:137:18:137:Infinity":22,"s:140:20:140:Infinity":23,"b:140:56:140:72:140:72:140:Infinity":7,"s:142:4:144:Infinity":24,"b:143:8:143:Infinity:144:8:144:Infinity":8,"b:142:4:142:31:142:31:142:Infinity":9,"s:146:4:146:Infinity":25,"b:146:60:146:75:146:75:146:Infinity":10,"b:146:4:146:25:146:25:146:60":11,"s:149:2:158:Infinity":26,"s:163:24:163:Infinity":27,"s:164:2:190:Infinity":28,"s:165:25:174:Infinity":29,"s:176:4:176:Infinity":30,"s:179:25:179:Infinity":31,"b:179:50:179:66:179:66:179:Infinity":12,"s:180:4:188:Infinity":32,"s:189:4:189:Infinity":33,"b:193:2:284:Infinity:undefined:undefined:undefined:undefined":13,"s:193:2:284:Infinity":34,"s:194:21:201:Infinity":35,"b:203:4:215:Infinity:undefined:undefined:undefined:undefined":14,"s:203:4:215:Infinity":36,"s:206:6:213:Infinity":37,"s:214:6:214:Infinity":38,"s:217:19:217:Infinity":39,"s:218:24:218:Infinity":40,"b:221:4:253:Infinity:undefined:undefined:undefined:undefined":15,"s:221:4:253:Infinity":41,"b:221:8:221:24:221:24:221:42":16,"s:222:22:222:Infinity":42,"b:223:6:252:Infinity:undefined:undefined:undefined:undefined":17,"s:223:6:252:Infinity":43,"s:225:8:233:Infinity":44,"s:235:8:251:Infinity":45,"s:237:10:245:Infinity":46,"s:248:10:248:Infinity":47,"b:256:4:269:Infinity:undefined:undefined:undefined:undefined":18,"s:256:4:269:Infinity":48,"s:257:6:267:Infinity":49,"s:268:6:268:Infinity":50,"s:273:4:282:Infinity":51,"s:283:4:283:Infinity":52,"s:287:17:287:Infinity":53,"b:289:2:329:Infinity:undefined:undefined:undefined:undefined":19,"s:289:2:329:Infinity":54,"s:290:25:290:Infinity":55,"s:292:4:303:Infinity":56,"b:305:4:316:Infinity:undefined:undefined:undefined:undefined":20,"s:305:4:316:Infinity":57,"s:307:6:314:Infinity":58,"s:308:8:311:Infinity":59,"s:315:6:315:Infinity":60,"s:319:4:325:Infinity":61,"s:320:6:322:Infinity":62,"s:328:4:328:Infinity":63,"s:332:2:350:Infinity":64,"s:333:4:336:Infinity":65,"s:339:25:339:Infinity":66,"b:339:50:339:66:339:66:339:Infinity":21,"s:340:4:348:Infinity":67,"s:349:4:349:Infinity":68,"s:353:2:362:Infinity":69,"s:364:2:364:Infinity":70}}}
,"/home/natty/linkedin-automation/apps/web/components/header.tsx": {"path":"/home/natty/linkedin-automation/apps/web/components/header.tsx","statementMap":{"0":{"start":{"line":6,"column":2},"end":{"line":9,"column":null}}},"fnMap":{"0":{"name":"Header","decl":{"start":{"line":5,"column":16},"end":{"line":5,"column":23}},"loc":{"start":{"line":5,"column":47},"end":{"line":11,"column":null}},"line":5}},"branchMap":{},"s":{"0":0},"f":{"0":0},"b":{},"meta":{"lastBranch":0,"lastFunction":1,"lastStatement":1,"seen":{"f:5:16:5:23":0,"s:6:2:9:Infinity":0}}}
,"/home/natty/linkedin-automation/apps/web/components/linkedin-connection-status.tsx": {"path":"/home/natty/linkedin-automation/apps/web/components/linkedin-connection-status.tsx","statementMap":{"0":{"start":{"line":51,"column":49},"end":{"line":59,"column":null}},"1":{"start":{"line":61,"column":45},"end":{"line":66,"column":null}},"2":{"start":{"line":68,"column":42},"end":{"line":78,"column":null}},"3":{"start":{"line":92,"column":2},"end":{"line":128,"column":null}},"4":{"start":{"line":94,"column":6},"end":{"line":99,"column":null}},"5":{"start":{"line":101,"column":6},"end":{"line":106,"column":null}},"6":{"start":{"line":108,"column":6},"end":{"line":113,"column":null}},"7":{"start":{"line":115,"column":6},"end":{"line":120,"column":null}},"8":{"start":{"line":122,"column":6},"end":{"line":127,"column":null}},"9":{"start":{"line":141,"column":2},"end":{"line":143,"column":null}},"10":{"start":{"line":142,"column":4},"end":{"line":142,"column":null}},"11":{"start":{"line":145,"column":15},"end":{"line":145,"column":null}},"12":{"start":{"line":146,"column":2},"end":{"line":148,"column":null}},"13":{"start":{"line":147,"column":4},"end":{"line":147,"column":null}},"14":{"start":{"line":150,"column":14},"end":{"line":150,"column":null}},"15":{"start":{"line":151,"column":17},"end":{"line":151,"column":null}},"16":{"start":{"line":152,"column":19},"end":{"line":152,"column":null}},"17":{"start":{"line":153,"column":20},"end":{"line":153,"column":null}},"18":{"start":{"line":154,"column":19},"end":{"line":154,"column":null}},"19":{"start":{"line":156,"column":2},"end":{"line":158,"column":null}},"20":{"start":{"line":157,"column":4},"end":{"line":157,"column":null}},"21":{"start":{"line":159,"column":2},"end":{"line":161,"column":null}},"22":{"start":{"line":160,"column":4},"end":{"line":160,"column":null}},"23":{"start":{"line":162,"column":2},"end":{"line":164,"column":null}},"24":{"start":{"line":163,"column":4},"end":{"line":163,"column":null}},"25":{"start":{"line":165,"column":2},"end":{"line":167,"column":null}},"26":{"start":{"line":166,"column":4},"end":{"line":166,"column":null}},"27":{"start":{"line":169,"column":2},"end":{"line":173,"column":null}},"28":{"start":{"line":207,"column":17},"end":{"line":207,"column":null}},"29":{"start":{"line":208,"column":32},"end":{"line":208,"column":null}},"30":{"start":{"line":211,"column":2},"end":{"line":213,"column":null}},"31":{"start":{"line":212,"column":4},"end":{"line":212,"column":null}},"32":{"start":{"line":215,"column":8},"end":{"line":219,"column":null}},"33":{"start":{"line":216,"column":4},"end":{"line":218,"column":null}},"34":{"start":{"line":217,"column":6},"end":{"line":217,"column":null}},"35":{"start":{"line":222,"column":8},"end":{"line":224,"column":null}},"36":{"start":{"line":227,"column":46},"end":{"line":233,"column":null}},"37":{"start":{"line":235,"column":2},"end":{"line":289,"column":null}}},"fnMap":{"0":{"name":"getStatusConfig","decl":{"start":{"line":91,"column":9},"end":{"line":91,"column":25}},"loc":{"start":{"line":91,"column":65},"end":{"line":129,"column":null}},"line":91},"1":{"name":"formatConnectedAt","decl":{"start":{"line":140,"column":9},"end":{"line":140,"column":27}},"loc":{"start":{"line":140,"column":85},"end":{"line":174,"column":null}},"line":140},"2":{"name":"LinkedInConnectionStatus","decl":{"start":{"line":202,"column":16},"end":{"line":202,"column":41}},"loc":{"start":{"line":206,"column":34},"end":{"line":291,"column":null}},"line":206},"3":{"name":"(anonymous_3)","decl":{"start":{"line":211,"column":12},"end":{"line":211,"column":18}},"loc":{"start":{"line":211,"column":18},"end":{"line":213,"column":5}},"line":211},"4":{"name":"(anonymous_4)","decl":{"start":{"line":215,"column":41},"end":{"line":215,"column":47}},"loc":{"start":{"line":215,"column":47},"end":{"line":219,"column":5}},"line":215}},"branchMap":{"0":{"loc":{"start":{"line":92,"column":2},"end":{"line":128,"column":null}},"type":"switch","locations":[{"start":{"line":93,"column":4},"end":{"line":99,"column":null}},{"start":{"line":100,"column":4},"end":{"line":106,"column":null}},{"start":{"line":107,"column":4},"end":{"line":113,"column":null}},{"start":{"line":114,"column":4},"end":{"line":120,"column":null}},{"start":{"line":121,"column":4},"end":{"line":127,"column":null}}],"line":92},"1":{"loc":{"start":{"line":141,"column":2},"end":{"line":143,"column":null}},"type":"if","locations":[{"start":{"line":141,"column":2},"end":{"line":143,"column":null}},{"start":{},"end":{}}],"line":141},"2":{"loc":{"start":{"line":146,"column":2},"end":{"line":148,"column":null}},"type":"if","locations":[{"start":{"line":146,"column":2},"end":{"line":148,"column":null}},{"start":{},"end":{}}],"line":146},"3":{"loc":{"start":{"line":156,"column":2},"end":{"line":158,"column":null}},"type":"if","locations":[{"start":{"line":156,"column":2},"end":{"line":158,"column":null}},{"start":{},"end":{}}],"line":156},"4":{"loc":{"start":{"line":159,"column":2},"end":{"line":161,"column":null}},"type":"if","locations":[{"start":{"line":159,"column":2},"end":{"line":161,"column":null}},{"start":{},"end":{}}],"line":159},"5":{"loc":{"start":{"line":162,"column":2},"end":{"line":164,"column":null}},"type":"if","locations":[{"start":{"line":162,"column":2},"end":{"line":164,"column":null}},{"start":{},"end":{}}],"line":162},"6":{"loc":{"start":{"line":165,"column":2},"end":{"line":167,"column":null}},"type":"if","locations":[{"start":{"line":165,"column":2},"end":{"line":167,"column":null}},{"start":{},"end":{}}],"line":165},"7":{"loc":{"start":{"line":172,"column":10},"end":{"line":172,"column":null}},"type":"cond-expr","locations":[{"start":{"line":172,"column":53},"end":{"line":172,"column":65}},{"start":{"line":172,"column":65},"end":{"line":172,"column":null}}],"line":172},"8":{"loc":{"start":{"line":216,"column":4},"end":{"line":218,"column":null}},"type":"if","locations":[{"start":{"line":216,"column":4},"end":{"line":218,"column":null}},{"start":{},"end":{}}],"line":216},"9":{"loc":{"start":{"line":222,"column":8},"end":{"line":224,"column":null}},"type":"binary-expr","locations":[{"start":{"line":223,"column":5},"end":{"line":223,"column":40}},{"start":{"line":223,"column":40},"end":{"line":223,"column":null}},{"start":{"line":224,"column":4},"end":{"line":224,"column":null}}],"line":222},"10":{"loc":{"start":{"line":230,"column":8},"end":{"line":232,"column":null}},"type":"binary-expr","locations":[{"start":{"line":230,"column":8},"end":{"line":230,"column":41}},{"start":{"line":230,"column":41},"end":{"line":232,"column":null}}],"line":230},"11":{"loc":{"start":{"line":238,"column":7},"end":{"line":244,"column":null}},"type":"binary-expr","locations":[{"start":{"line":238,"column":7},"end":{"line":238,"column":null}},{"start":{"line":239,"column":8},"end":{"line":244,"column":null}}],"line":238},"12":{"loc":{"start":{"line":262,"column":11},"end":{"line":268,"column":null}},"type":"binary-expr","locations":[{"start":{"line":262,"column":11},"end":{"line":262,"column":null}},{"start":{"line":263,"column":12},"end":{"line":268,"column":null}}],"line":262},"13":{"loc":{"start":{"line":267,"column":15},"end":{"line":267,"column":null}},"type":"binary-expr","locations":[{"start":{"line":267,"column":15},"end":{"line":267,"column":67}},{"start":{"line":267,"column":67},"end":{"line":267,"column":null}}],"line":267},"14":{"loc":{"start":{"line":270,"column":11},"end":{"line":273,"column":null}},"type":"binary-expr","locations":[{"start":{"line":270,"column":11},"end":{"line":270,"column":null}},{"start":{"line":271,"column":12},"end":{"line":273,"column":null}}],"line":270},"15":{"loc":{"start":{"line":278,"column":9},"end":{"line":286,"column":null}},"type":"binary-expr","locations":[{"start":{"line":278,"column":9},"end":{"line":278,"column":null}},{"start":{"line":279,"column":10},"end":{"line":286,"column":null}}],"line":278}},"s":{"0":3,"1":3,"2":3,"3":80,"4":4,"5":22,"6":27,"7":20,"8":7,"9":27,"10":14,"11":13,"12":13,"13":1,"14":12,"15":12,"16":12,"17":12,"18":12,"19":12,"20":5,"21":7,"22":3,"23":4,"24":2,"25":2,"26":2,"27":0,"28":80,"29":80,"30":80,"31":37,"32":80,"33":1,"34":1,"35":80,"36":80,"37":80},"f":{"0":80,"1":27,"2":80,"3":37,"4":1},"b":{"0":[4,22,27,20,7],"1":[14,13],"2":[1,12],"3":[5,7],"4":[3,4],"5":[2,2],"6":[2,0],"7":[0,0],"8":[1,0],"9":[80,60,27],"10":[80,22],"11":[80,22],"12":[80,27],"13":[27,15],"14":[80,7],"15":[80,8]},"meta":{"lastBranch":16,"lastFunction":5,"lastStatement":38,"seen":{"s:51:49:59:Infinity":0,"s:61:45:66:Infinity":1,"s:68:42:78:Infinity":2,"f:91:9:91:25":0,"b:93:4:99:Infinity:100:4:106:Infinity:107:4:113:Infinity:114:4:120:Infinity:121:4:127:Infinity":0,"s:92:2:128:Infinity":3,"s:94:6:99:Infinity":4,"s:101:6:106:Infinity":5,"s:108:6:113:Infinity":6,"s:115:6:120:Infinity":7,"s:122:6:127:Infinity":8,"f:140:9:140:27":1,"b:141:2:143:Infinity:undefined:undefined:undefined:undefined":1,"s:141:2:143:Infinity":9,"s:142:4:142:Infinity":10,"s:145:15:145:Infinity":11,"b:146:2:148:Infinity:undefined:undefined:undefined:undefined":2,"s:146:2:148:Infinity":12,"s:147:4:147:Infinity":13,"s:150:14:150:Infinity":14,"s:151:17:151:Infinity":15,"s:152:19:152:Infinity":16,"s:153:20:153:Infinity":17,"s:154:19:154:Infinity":18,"b:156:2:158:Infinity:undefined:undefined:undefined:undefined":3,"s:156:2:158:Infinity":19,"s:157:4:157:Infinity":20,"b:159:2:161:Infinity:undefined:undefined:undefined:undefined":4,"s:159:2:161:Infinity":21,"s:160:4:160:Infinity":22,"b:162:2:164:Infinity:undefined:undefined:undefined:undefined":5,"s:162:2:164:Infinity":23,"s:163:4:163:Infinity":24,"b:165:2:167:Infinity:undefined:undefined:undefined:undefined":6,"s:165:2:167:Infinity":25,"s:166:4:166:Infinity":26,"s:169:2:173:Infinity":27,"b:172:53:172:65:172:65:172:Infinity":7,"f:202:16:202:41":2,"s:207:17:207:Infinity":28,"s:208:32:208:Infinity":29,"s:211:2:213:Infinity":30,"f:211:12:211:18":3,"s:212:4:212:Infinity":31,"s:215:8:219:Infinity":32,"f:215:41:215:47":4,"b:216:4:218:Infinity:undefined:undefined:undefined:undefined":8,"s:216:4:218:Infinity":33,"s:217:6:217:Infinity":34,"s:222:8:224:Infinity":35,"b:223:5:223:40:223:40:223:Infinity:224:4:224:Infinity":9,"s:227:46:233:Infinity":36,"b:230:8:230:41:230:41:232:Infinity":10,"s:235:2:289:Infinity":37,"b:238:7:238:Infinity:239:8:244:Infinity":11,"b:262:11:262:Infinity:263:12:268:Infinity":12,"b:267:15:267:67:267:67:267:Infinity":13,"b:270:11:270:Infinity:271:12:273:Infinity":14,"b:278:9:278:Infinity:279:10:286:Infinity":15}}}
,"/home/natty/linkedin-automation/apps/web/components/providers.tsx": {"path":"/home/natty/linkedin-automation/apps/web/components/providers.tsx","statementMap":{"0":{"start":{"line":7,"column":25},"end":{"line":7,"column":null}},"1":{"start":{"line":10,"column":2},"end":{"line":12,"column":null}},"2":{"start":{"line":11,"column":4},"end":{"line":11,"column":null}},"3":{"start":{"line":14,"column":2},"end":{"line":14,"column":null}}},"fnMap":{"0":{"name":"Providers","decl":{"start":{"line":5,"column":16},"end":{"line":5,"column":26}},"loc":{"start":{"line":5,"column":71},"end":{"line":15,"column":null}},"line":5}},"branchMap":{"0":{"loc":{"start":{"line":10,"column":2},"end":{"line":12,"column":null}},"type":"if","locations":[{"start":{"line":10,"column":2},"end":{"line":12,"column":null}},{"start":{},"end":{}}],"line":10}},"s":{"0":0,"1":0,"2":0,"3":0},"f":{"0":0},"b":{"0":[0,0]},"meta":{"lastBranch":1,"lastFunction":1,"lastStatement":4,"seen":{"f:5:16:5:26":0,"s:7:25:7:Infinity":0,"b:10:2:12:Infinity:undefined:undefined:undefined:undefined":0,"s:10:2:12:Infinity":1,"s:11:4:11:Infinity":2,"s:14:2:14:Infinity":3}}}
,"/home/natty/linkedin-automation/apps/web/components/sidebar.tsx": {"path":"/home/natty/linkedin-automation/apps/web/components/sidebar.tsx","statementMap":{"0":{"start":{"line":9,"column":6},"end":{"line":15,"column":null}},"1":{"start":{"line":10,"column":8},"end":{"line":10,"column":null}},"2":{"start":{"line":10,"column":60},"end":{"line":10,"column":null}},"3":{"start":{"line":13,"column":19},"end":{"line":13,"column":null}},"4":{"start":{"line":17,"column":17},"end":{"line":23,"column":null}},"5":{"start":{"line":26,"column":8},"end":{"line":26,"column":null}},"6":{"start":{"line":28,"column":2},"end":{"line":58,"column":null}},"7":{"start":{"line":36,"column":10},"end":{"line":48,"column":null}}},"fnMap":{"0":{"name":"(anonymous_0)","decl":{"start":{"line":10,"column":2},"end":{"line":10,"column":8}},"loc":{"start":{"line":10,"column":8},"end":{"line":10,"column":null}},"line":10},"1":{"name":"(anonymous_1)","decl":{"start":{"line":10,"column":60},"end":{"line":10,"column":null}},"loc":{"start":{"line":10,"column":60},"end":{"line":10,"column":null}},"line":10},"2":{"name":"(anonymous_2)","decl":{"start":{"line":13,"column":13},"end":{"line":13,"column":19}},"loc":{"start":{"line":13,"column":19},"end":{"line":13,"column":null}},"line":13},"3":{"name":"Sidebar","decl":{"start":{"line":25,"column":16},"end":{"line":25,"column":26}},"loc":{"start":{"line":25,"column":26},"end":{"line":60,"column":null}},"line":25},"4":{"name":"(anonymous_4)","decl":{"start":{"line":35,"column":22},"end":{"line":35,"column":23}},"loc":{"start":{"line":36,"column":10},"end":{"line":48,"column":null}},"line":36}},"branchMap":{"0":{"loc":{"start":{"line":41,"column":14},"end":{"line":43,"column":null}},"type":"cond-expr","locations":[{"start":{"line":42,"column":18},"end":{"line":42,"column":null}},{"start":{"line":43,"column":18},"end":{"line":43,"column":null}}],"line":41}},"s":{"0":0,"1":0,"2":0,"3":0,"4":0,"5":0,"6":0,"7":0},"f":{"0":0,"1":0,"2":0,"3":0,"4":0},"b":{"0":[0,0]},"meta":{"lastBranch":1,"lastFunction":5,"lastStatement":8,"seen":{"s:9:6:15:Infinity":0,"f:10:2:10:8":0,"s:10:8:10:Infinity":1,"f:10:60:10:Infinity":1,"s:10:60:10:Infinity":2,"f:13:13:13:19":2,"s:13:19:13:Infinity":3,"s:17:17:23:Infinity":4,"f:25:16:25:26":3,"s:26:8:26:Infinity":5,"s:28:2:58:Infinity":6,"f:35:22:35:23":4,"s:36:10:48:Infinity":7,"b:42:18:42:Infinity:43:18:43:Infinity":0}}}
,"/home/natty/linkedin-automation/apps/web/components/ui/avatar.tsx": {"path":"/home/natty/linkedin-automation/apps/web/components/ui/avatar.tsx","statementMap":{"0":{"start":{"line":8,"column":15},"end":{"line":20,"column":null}},"1":{"start":{"line":12,"column":2},"end":{"line":19,"column":null}},"2":{"start":{"line":21,"column":0},"end":{"line":21,"column":null}},"3":{"start":{"line":23,"column":20},"end":{"line":32,"column":null}},"4":{"start":{"line":27,"column":2},"end":{"line":31,"column":null}},"5":{"start":{"line":33,"column":0},"end":{"line":33,"column":null}},"6":{"start":{"line":35,"column":23},"end":{"line":47,"column":null}},"7":{"start":{"line":39,"column":2},"end":{"line":46,"column":null}},"8":{"start":{"line":48,"column":0},"end":{"line":48,"column":null}}},"fnMap":{"0":{"name":"(anonymous_0)","decl":{"start":{"line":11,"column":2},"end":{"line":11,"column":3}},"loc":{"start":{"line":12,"column":2},"end":{"line":19,"column":null}},"line":12},"1":{"name":"(anonymous_1)","decl":{"start":{"line":26,"column":2},"end":{"line":26,"column":3}},"loc":{"start":{"line":27,"column":2},"end":{"line":31,"column":null}},"line":27},"2":{"name":"(anonymous_2)","decl":{"start":{"line":38,"column":2},"end":{"line":38,"column":3}},"loc":{"start":{"line":39,"column":2},"end":{"line":46,"column":null}},"line":39}},"branchMap":{},"s":{"0":0,"1":0,"2":0,"3":0,"4":0,"5":0,"6":0,"7":0,"8":0},"f":{"0":0,"1":0,"2":0},"b":{},"meta":{"lastBranch":0,"lastFunction":3,"lastStatement":9,"seen":{"s:8:15:20:Infinity":0,"f:11:2:11:3":0,"s:12:2:19:Infinity":1,"s:21:0:21:Infinity":2,"s:23:20:32:Infinity":3,"f:26:2:26:3":1,"s:27:2:31:Infinity":4,"s:33:0:33:Infinity":5,"s:35:23:47:Infinity":6,"f:38:2:38:3":2,"s:39:2:46:Infinity":7,"s:48:0:48:Infinity":8}}}
,"/home/natty/linkedin-automation/apps/web/components/ui/button.tsx": {"path":"/home/natty/linkedin-automation/apps/web/components/ui/button.tsx","statementMap":{"0":{"start":{"line":7,"column":6},"end":{"line":35,"column":null}},"1":{"start":{"line":43,"column":15},"end":{"line":54,"column":null}},"2":{"start":{"line":45,"column":17},"end":{"line":45,"column":null}},"3":{"start":{"line":46,"column":4},"end":{"line":51,"column":null}},"4":{"start":{"line":55,"column":0},"end":{"line":55,"column":null}}},"fnMap":{"0":{"name":"(anonymous_0)","decl":{"start":{"line":44,"column":2},"end":{"line":44,"column":3}},"loc":{"start":{"line":44,"column":68},"end":{"line":53,"column":null}},"line":44}},"branchMap":{"0":{"loc":{"start":{"line":44,"column":31},"end":{"line":44,"column":48}},"type":"default-arg","locations":[{"start":{"line":44,"column":41},"end":{"line":44,"column":48}}],"line":44},"1":{"loc":{"start":{"line":45,"column":17},"end":{"line":45,"column":null}},"type":"cond-expr","locations":[{"start":{"line":45,"column":27},"end":{"line":45,"column":34}},{"start":{"line":45,"column":34},"end":{"line":45,"column":null}}],"line":45}},"s":{"0":0,"1":0,"2":0,"3":0,"4":0},"f":{"0":0},"b":{"0":[0],"1":[0,0]},"meta":{"lastBranch":2,"lastFunction":1,"lastStatement":5,"seen":{"s:7:6:35:Infinity":0,"s:43:15:54:Infinity":1,"f:44:2:44:3":0,"b:44:41:44:48":0,"s:45:17:45:Infinity":2,"b:45:27:45:34:45:34:45:Infinity":1,"s:46:4:51:Infinity":3,"s:55:0:55:Infinity":4}}}
,"/home/natty/linkedin-automation/apps/web/components/ui/card.tsx": {"path":"/home/natty/linkedin-automation/apps/web/components/ui/card.tsx","statementMap":{"0":{"start":{"line":5,"column":13},"end":{"line":17,"column":null}},"1":{"start":{"line":9,"column":2},"end":{"line":16,"column":null}},"2":{"start":{"line":18,"column":0},"end":{"line":18,"column":null}},"3":{"start":{"line":20,"column":19},"end":{"line":29,"column":null}},"4":{"start":{"line":24,"column":2},"end":{"line":28,"column":null}},"5":{"start":{"line":30,"column":0},"end":{"line":30,"column":null}},"6":{"start":{"line":32,"column":18},"end":{"line":41,"column":null}},"7":{"start":{"line":36,"column":2},"end":{"line":40,"column":null}},"8":{"start":{"line":42,"column":0},"end":{"line":42,"column":null}},"9":{"start":{"line":44,"column":24},"end":{"line":53,"column":null}},"10":{"start":{"line":48,"column":2},"end":{"line":52,"column":null}},"11":{"start":{"line":54,"column":0},"end":{"line":54,"column":null}},"12":{"start":{"line":56,"column":20},"end":{"line":61,"column":null}},"13":{"start":{"line":60,"column":2},"end":{"line":60,"column":null}},"14":{"start":{"line":62,"column":0},"end":{"line":62,"column":null}},"15":{"start":{"line":64,"column":19},"end":{"line":73,"column":null}},"16":{"start":{"line":68,"column":2},"end":{"line":72,"column":null}},"17":{"start":{"line":74,"column":0},"end":{"line":74,"column":null}}},"fnMap":{"0":{"name":"(anonymous_0)","decl":{"start":{"line":8,"column":2},"end":{"line":8,"column":3}},"loc":{"start":{"line":9,"column":2},"end":{"line":16,"column":null}},"line":9},"1":{"name":"(anonymous_1)","decl":{"start":{"line":23,"column":2},"end":{"line":23,"column":3}},"loc":{"start":{"line":24,"column":2},"end":{"line":28,"column":null}},"line":24},"2":{"name":"(anonymous_2)","decl":{"start":{"line":35,"column":2},"end":{"line":35,"column":3}},"loc":{"start":{"line":36,"column":2},"end":{"line":40,"column":null}},"line":36},"3":{"name":"(anonymous_3)","decl":{"start":{"line":47,"column":2},"end":{"line":47,"column":3}},"loc":{"start":{"line":48,"column":2},"end":{"line":52,"column":null}},"line":48},"4":{"name":"(anonymous_4)","decl":{"start":{"line":59,"column":2},"end":{"line":59,"column":3}},"loc":{"start":{"line":60,"column":2},"end":{"line":60,"column":null}},"line":60},"5":{"name":"(anonymous_5)","decl":{"start":{"line":67,"column":2},"
[...]
":13},"end":{"line":208,"column":null}},"20":{"start":{"line":213,"column":13},"end":{"line":238,"column":null}},"21":{"start":{"line":218,"column":24},"end":{"line":218,"column":43}},"22":{"start":{"line":219,"column":45},"end":{"line":219,"column":55}},"23":{"start":{"line":234,"column":13},"end":{"line":237,"column":null}},"24":{"start":{"line":242,"column":13},"end":{"line":248,"column":null}},"25":{"start":{"line":252,"column":13},"end":{"line":256,"column":null}},"26":{"start":{"line":252,"column":62},"end":{"line":256,"column":2}},"27":{"start":{"line":258,"column":13},"end":{"line":265,"column":null}},"28":{"start":{"line":258,"column":75},"end":{"line":265,"column":2}},"29":{"start":{"line":267,"column":13},"end":{"line":277,"column":null}},"30":{"start":{"line":267,"column":67},"end":{"line":277,"column":2}},"31":{"start":{"line":279,"column":13},"end":{"line":292,"column":null}},"32":{"start":{"line":279,"column":65},"end":{"line":292,"column":2}}},"fnMap":{"0":{"name":"(anonymous_0)","decl":{"start":{"line":76,"column":16},"end":{"line":76,"column":22}},"loc":{"start":{"line":76,"column":22},"end":{"line":76,"column":41}},"line":76},"1":{"name":"(anonymous_1)","decl":{"start":{"line":79,"column":16},"end":{"line":79,"column":22}},"loc":{"start":{"line":79,"column":22},"end":{"line":79,"column":32}},"line":79},"2":{"name":"(anonymous_2)","decl":{"start":{"line":112,"column":18},"end":{"line":112,"column":24}},"loc":{"start":{"line":112,"column":24},"end":{"line":112,"column":43}},"line":112},"3":{"name":"(anonymous_3)","decl":{"start":{"line":115,"column":18},"end":{"line":115,"column":24}},"loc":{"start":{"line":115,"column":24},"end":{"line":115,"column":34}},"line":115},"4":{"name":"(anonymous_4)","decl":{"start":{"line":116,"column":47},"end":{"line":116,"column":53}},"loc":{"start":{"line":116,"column":53},"end":{"line":116,"column":67}},"line":116},"5":{"name":"(anonymous_5)","decl":{"start":{"line":151,"column":2},"end":{"line":151,"column":3}},"loc":{"start":{"line":151,"column":13},"end":{"line":156,"column":null}},"line":151},"6":{"name":"(anonymous_6)","decl":{"start":{"line":166,"column":18},"end":{"line":166,"column":24}},"loc":{"start":{"line":166,"column":24},"end":{"line":166,"column":43}},"line":166},"7":{"name":"(anonymous_7)","decl":{"start":{"line":169,"column":18},"end":{"line":169,"column":24}},"loc":{"start":{"line":169,"column":24},"end":{"line":169,"column":34}},"line":169},"8":{"name":"(anonymous_8)","decl":{"start":{"line":172,"column":18},"end":{"line":172,"column":24}},"loc":{"start":{"line":172,"column":24},"end":{"line":172,"column":34}},"line":172},"9":{"name":"(anonymous_9)","decl":{"start":{"line":175,"column":18},"end":{"line":175,"column":24}},"loc":{"start":{"line":175,"column":24},"end":{"line":175,"column":38}},"line":175},"10":{"name":"(anonymous_10)","decl":{"start":{"line":203,"column":2},"end":{"line":203,"column":3}},"loc":{"start":{"line":203,"column":13},"end":{"line":208,"column":null}},"line":203},"11":{"name":"(anonymous_11)","decl":{"start":{"line":218,"column":18},"end":{"line":218,"column":24}},"loc":{"start":{"line":218,"column":24},"end":{"line":218,"column":43}},"line":218},"12":{"name":"(anonymous_12)","decl":{"start":{"line":219,"column":39},"end":{"line":219,"column":45}},"loc":{"start":{"line":219,"column":45},"end":{"line":219,"column":55}},"line":219},"13":{"name":"(anonymous_13)","decl":{"start":{"line":234,"column":2},"end":{"line":234,"column":3}},"loc":{"start":{"line":234,"column":13},"end":{"line":237,"column":null}},"line":234},"14":{"name":"(anonymous_14)","decl":{"start":{"line":252,"column":47},"end":{"line":252,"column":48}},"loc":{"start":{"line":252,"column":62},"end":{"line":256,"column":2}},"line":252},"15":{"name":"(anonymous_15)","decl":{"start":{"line":258,"column":55},"end":{"line":258,"column":56}},"loc":{"start":{"line":258,"column":75},"end":{"line":265,"column":2}},"line":258},"16":{"name":"(anonymous_16)","decl":{"start":{"line":267,"column":47},"end":{"line":267,"column":48}},"loc":{"start":{"line":267,"column":67},"end":{"line":277,"column":2}},"line":267},"17":{"name":"(anonymous_17)","decl":{"start":{"line":279,"column":51},"end":{"line":279,"column":52}},"loc":{"start":{"line":279,"column":65},"end":{"line":292,"column":2}},"line":279}},"branchMap":{},"s":{"0":0,"1":0,"2":0,"3":0,"4":0,"5":0,"6":0,"7":0,"8":0,"9":0,"10":0,"11":0,"12":0,"13":0,"14":0,"15":0,"16":0,"17":0,"18":0,"19":0,"20":0,"21":0,"22":0,"23":0,"24":0,"25":0,"26":0,"27":0,"28":0,"29":0,"30":0,"31":0,"32":0},"f":{"0":0,"1":0,"2":0,"3":0,"4":0,"5":0,"6":0,"7":0,"8":0,"9":0,"10":0,"11":0,"12":0,"13":0,"14":0,"15":0,"16":0,"17":0},"b":{},"meta":{"lastBranch":0,"lastFunction":18,"lastStatement":33,"seen":{"s:21:13:21:Infinity":0,"s:23:13:23:Infinity":1,"s:25:13:32:Infinity":2,"s:34:13:40:Infinity":3,"s:42:13:42:Infinity":4,"s:46:13:69:Infinity":5,"s:73:13:103:Infinity":6,"f:76:16:76:22":0,"s:76:22:76:41":7,"f:79:16:79:22":1,"s:79:22:79:32":8,"s:107:13:157:Infinity":9,"f:112:18:112:24":2,"s:112:24:112:43":10,"f:115:18:115:24":3,"s:115:24:115:34":11,"f:116:47:116:53":4,"s:116:53:116:67":12,"f:151:2:151:3":5,"s:151:13:156:Infinity":13,"s:161:13:209:Infinity":14,"f:166:18:166:24":6,"s:166:24:166:43":15,"f:169:18:169:24":7,"s:169:24:169:34":16,"f:172:18:172:24":8,"s:172:24:172:34":17,"f:175:18:175:24":9,"s:175:24:175:38":18,"f:203:2:203:3":10,"s:203:13:208:Infinity":19,"s:213:13:238:Infinity":20,"f:218:18:218:24":11,"s:218:24:218:43":21,"f:219:39:219:45":12,"s:219:45:219:55":22,"f:234:2:234:3":13,"s:234:13:237:Infinity":23,"s:242:13:248:Infinity":24,"s:252:13:256:Infinity":25,"f:252:47:252:48":14,"s:252:62:256:2":26,"s:258:13:265:Infinity":27,"f:258:55:258:56":15,"s:258:75:265:2":28,"s:267:13:277:Infinity":29,"f:267:47:267:48":16,"s:267:67:277:2":30,"s:279:13:292:Infinity":31,"f:279:51:279:52":17,"s:279:65:292:2":32}}}
,"/home/natty/linkedin-automation/apps/web/lib/db/types.ts": {"path":"/home/natty/linkedin-automation/apps/web/lib/db/types.ts","statementMap":{},"fnMap":{},"branchMap":{},"s":{},"f":{},"b":{},"meta":{"lastBranch":0,"lastFunction":0,"lastStatement":0,"seen":{}}}
,"/home/natty/linkedin-automation/apps/web/lib/unipile/auth.ts": {"path":"/home/natty/linkedin-automation/apps/web/lib/unipile/auth.ts","statementMap":{"0":{"start":{"line":14,"column":31},"end":{"line":14,"column":null}},"1":{"start":{"line":33,"column":17},"end":{"line":33,"column":null}},"2":{"start":{"line":34,"column":2},"end":{"line":36,"column":null}},"3":{"start":{"line":35,"column":4},"end":{"line":35,"column":null}},"4":{"start":{"line":39,"column":24},"end":{"line":41,"column":null}},"5":{"start":{"line":42,"column":20},"end":{"line":42,"column":null}},"6":{"start":{"line":45,"column":8},"end":{"line":45,"column":null}},"7":{"start":{"line":46,"column":8},"end":{"line":46,"column":null}},"8":{"start":{"line":49,"column":27},"end":{"line":49,"column":null}},"9":{"start":{"line":51,"column":17},"end":{"line":60,"column":null}},"10":{"start":{"line":62,"column":2},"end":{"line":65,"column":null}}},"fnMap":{"0":{"name":"generateAuthLink","decl":{"start":{"line":32,"column":22},"end":{"line":32,"column":39}},"loc":{"start":{"line":32,"column":80},"end":{"line":66,"column":null}},"line":32}},"branchMap":{"0":{"loc":{"start":{"line":34,"column":2},"end":{"line":36,"column":null}},"type":"if","locations":[{"start":{"line":34,"column":2},"end":{"line":36,"column":null}},{"start":{},"end":{}}],"line":34},"1":{"loc":{"start":{"line":39,"column":24},"end":{"line":41,"column":null}},"type":"cond-expr","locations":[{"start":{"line":40,"column":6},"end":{"line":40,"column":null}},{"start":{"line":41,"column":6},"end":{"line":41,"column":null}}],"line":39}},"s":{"0":1,"1":6,"2":6,"3":1,"4":5,"5":6,"6":6,"7":6,"8":6,"9":6,"10":4},"f":{"0":6},"b":{"0":[1,5],"1":[1,4]},"meta":{"lastBranch":2,"lastFunction":1,"lastStatement":11,"seen":{"s:14:31:14:Infinity":0,"f:32:22:32:39":0,"s:33:17:33:Infinity":1,"b:34:2:36:Infinity:undefined:undefined:undefined:undefined":0,"s:34:2:36:Infinity":2,"s:35:4:35:Infinity":3,"s:39:24:41:Infinity":4,"b:40:6:40:Infinity:41:6:41:Infinity":1,"s:42:20:42:Infinity":5,"s:45:8:45:Infinity":6,"s:46:8:46:Infinity":7,"s:49:27:49:Infinity":8,"s:51:17:60:Infinity":9,"s:62:2:65:Infinity":10}}}
,"/home/natty/linkedin-automation/apps/web/lib/unipile/client.ts": {"path":"/home/natty/linkedin-automation/apps/web/lib/unipile/client.ts","statementMap":{"0":{"start":{"line":13,"column":18},"end":{"line":16,"column":null}},"1":{"start":{"line":19,"column":43},"end":{"line":19,"column":null}},"2":{"start":{"line":20,"column":45},"end":{"line":20,"column":null}},"3":{"start":{"line":26,"column":2},"end":{"line":29,"column":null}},"4":{"start":{"line":39,"column":2},"end":{"line":43,"column":null}},"5":{"start":{"line":40,"column":16},"end":{"line":40,"column":null}},"6":{"start":{"line":41,"column":4},"end":{"line":41,"column":null}},"7":{"start":{"line":42,"column":4},"end":{"line":42,"column":null}},"8":{"start":{"line":44,"column":2},"end":{"line":44,"column":null}},"9":{"start":{"line":53,"column":2},"end":{"line":60,"column":null}},"10":{"start":{"line":54,"column":16},"end":{"line":54,"column":null}},"11":{"start":{"line":55,"column":4},"end":{"line":55,"column":null}},"12":{"start":{"line":57,"column":4},"end":{"line":59,"column":null}},"13":{"start":{"line":58,"column":6},"end":{"line":58,"column":null}},"14":{"start":{"line":61,"column":2},"end":{"line":61,"column":null}}},"fnMap":{"0":{"name":"validateEnv","decl":{"start":{"line":25,"column":9},"end":{"line":25,"column":50}},"loc":{"start":{"line":25,"column":50},"end":{"line":30,"column":null}},"line":25},"1":{"name":"getUnipileClient","decl":{"start":{"line":38,"column":16},"end":{"line":38,"column":50}},"loc":{"start":{"line":38,"column":50},"end":{"line":45,"column":null}},"line":38},"2":{"name":"getUnipileConfig","decl":{"start":{"line":52,"column":16},"end":{"line":52,"column":52}},"loc":{"start":{"line":52,"column":52},"end":{"line":62,"column":null}},"line":52}},"branchMap":{"0":{"loc":{"start":{"line":39,"column":2},"end":{"line":43,"column":null}},"type":"if","locations":[{"start":{"line":39,"column":2},"end":{"line":43,"column":null}},{"start":{},"end":{}}],"line":39},"1":{"loc":{"start":{"line":53,"column":2},"end":{"line":60,"column":null}},"type":"if","locations":[{"start":{"line":53,"column":2},"end":{"line":60,"column":null}},{"start":{},"end":{}}],"line":53},"2":{"loc":{"start":{"line":57,"column":4},"end":{"line":59,"column":null}},"type":"if","locations":[{"start":{"line":57,"column":4},"end":{"line":59,"column":null}},{"start":{},"end":{}}],"line":57}},"s":{"0":8,"1":8,"2":8,"3":8,"4":4,"5":3,"6":3,"7":3,"8":3,"9":5,"10":5,"11":5,"12":5,"13":1,"14":1},"f":{"0":8,"1":4,"2":5},"b":{"0":[3,1],"1":[5,0],"2":[1,4]},"meta":{"lastBranch":3,"lastFunction":3,"lastStatement":15,"seen":{"s:13:18:16:Infinity":0,"s:19:43:19:Infinity":1,"s:20:45:20:Infinity":2,"f:25:9:25:50":0,"s:26:2:29:Infinity":3,"f:38:16:38:50":1,"b:39:2:43:Infinity:undefined:undefined:undefined:undefined":0,"s:39:2:43:Infinity":4,"s:40:16:40:Infinity":5,"s:41:4:41:Infinity":6,"s:42:4:42:Infinity":7,"s:44:2:44:Infinity":8,"f:52:16:52:52":2,"b:53:2:60:Infinity:undefined:undefined:undefined:undefined":1,"s:53:2:60:Infinity":9,"s:54:16:54:Infinity":10,"s:55:4:55:Infinity":11,"b:57:4:59:Infinity:undefined:undefined:undefined:undefined":2,"s:57:4:59:Infinity":12,"s:58:6:58:Infinity":13,"s:61:2:61:Infinity":14}}}
,"/home/natty/linkedin-automation/apps/web/lib/unipile/webhook-handlers.ts": {"path":"/home/natty/linkedin-automation/apps/web/lib/unipile/webhook-handlers.ts","statementMap":{"0":{"start":{"line":64,"column":17},"end":{"line":64,"column":null}},"1":{"start":{"line":65,"column":20},"end":{"line":65,"column":null}},"2":{"start":{"line":67,"column":2},"end":{"line":72,"column":null}},"3":{"start":{"line":68,"column":4},"end":{"line":71,"column":null}},"4":{"start":{"line":74,"column":2},"end":{"line":99,"column":null}},"5":{"start":{"line":75,"column":19},"end":{"line":84,"column":null}},"6":{"start":{"line":86,"column":4},"end":{"line":91,"column":null}},"7":{"start":{"line":87,"column":6},"end":{"line":90,"column":null}},"8":{"start":{"line":93,"column":4},"end":{"line":93,"column":null}},"9":{"start":{"line":95,"column":4},"end":{"line":98,"column":null}},"10":{"start":{"line":118,"column":20},"end":{"line":118,"column":null}},"11":{"start":{"line":120,"column":2},"end":{"line":125,"column":null}},"12":{"start":{"line":121,"column":4},"end":{"line":124,"column":null}},"13":{"start":{"line":127,"column":2},"end":{"line":147,"column":null}},"14":{"start":{"line":128,"column":4},"end":{"line":136,"column":null}},"15":{"start":{"line":141,"column":4},"end":{"line":141,"column":null}},"16":{"start":{"line":143,"column":4},"end":{"line":146,"column":null}},"17":{"start":{"line":162,"column":2},"end":{"line":178,"column":null}},"18":{"start":{"line":164,"column":6},"end":{"line":164,"column":null}},"19":{"start":{"line":166,"column":6},"end":{"line":166,"column":null}},"20":{"start":{"line":170,"column":6},"end":{"line":176,"column":null}},"21":{"start":{"line":177,"column":6},"end":{"line":177,"column":null}}},"fnMap":{"0":{"name":"handleAccountConnected","decl":{"start":{"line":61,"column":22},"end":{"line":61,"column":null}},"loc":{"start":{"line":63,"column":26},"end":{"line":100,"column":null}},"line":63},"1":{"name":"handleAccountDisconnected","decl":{"start":{"line":115,"column":22},"end":{"line":115,"column":null}},"loc":{"start":{"line":117,"column":26},"end":{"line":148,"column":null}},"line":117},"2":{"name":"dispatchWebhookEvent","decl":{"start":{"line":159,"column":22},"end":{"line":159,"column":null}},"loc":{"start":{"line":161,"column":26},"end":{"line":179,"column":null}},"line":161}},"branchMap":{"0":{"loc":{"start":{"line":67,"column":2},"end":{"line":72,"column":null}},"type":"if","locations":[{"start":{"line":67,"column":2},"end":{"line":72,"column":null}},{"start":{},"end":{}}],"line":67},"1":{"loc":{"start":{"line":67,"column":6},"end":{"line":67,"column":29}},"type":"binary-expr","locations":[{"start":{"line":67,"column":6},"end":{"line":67,"column":17}},{"start":{"line":67,"column":17},"end":{"line":67,"column":29}}],"line":67},"2":{"loc":{"start":{"line":86,"column":4},"end":{"line":91,"column":null}},"type":"if","locations":[{"start":{"line":86,"column":4},"end":{"line":91,"column":null}},{"start":{},"end":{}}],"line":86},"3":{"loc":{"start":{"line":97,"column":13},"end":{"line":97,"column":null}},"type":"cond-expr","locations":[{"start":{"line":97,"column":38},"end":{"line":97,"column":54}},{"start":{"line":97,"column":54},"end":{"line":97,"column":null}}],"line":97},"4":{"loc":{"start":{"line":120,"column":2},"end":{"line":125,"column":null}},"type":"if","locations":[{"start":{"line":120,"column":2},"end":{"line":125,"column":null}},{"start":{},"end":{}}],"line":120},"5":{"loc":{"start":{"line":145,"column":13},"end":{"line":145,"column":null}},"type":"cond-expr","locations":[{"start":{"line":145,"column":38},"end":{"line":145,"column":54}},{"start":{"line":145,"column":54},"end":{"line":145,"column":null}}],"line":145},"6":{"loc":{"start":{"line":162,"column":2},"end":{"line":178,"column":null}},"type":"switch","locations":[{"start":{"line":163,"column":4},"end":{"line":164,"column":null}},{"start":{"line":165,"column":4},"end":{"line":166,"column":null}},{"start":{"line":167,"column":4},"end":{"line":177,"column":null}}],"line":162}},"s":{"0":7,"1":7,"2":7,"3":2,"4":5,"5":5,"6":3,"7":1,"8":2,"9":2,"10":5,"11":5,"12":1,"13":4,"14":4,"15":3,"16":1,"17":4,"18":1,"19":1,"20":2,"21":2},"f":{"0":7,"1":5,"2":4},"b":{"0":[2,5],"1":[7,6],"2":[1,2],"3":[1,1],"4":[1,4],"5":[1,0],"6":[1,1,2]},"meta":{"lastBranch":7,"lastFunction":3,"lastStatement":22,"seen":{"f:61:22:61:Infinity":0,"s:64:17:64:Infinity":0,"s:65:20:65:Infinity":1,"b:67:2:72:Infinity:undefined:undefined:undefined:undefined":0,"s:67:2:72:Infinity":2,"b:67:6:67:17:67:17:67:29":1,"s:68:4:71:Infinity":3,"s:74:2:99:Infinity":4,"s:75:19:84:Infinity":5,"b:86:4:91:Infinity:undefined:undefined:undefined:undefined":2,"s:86:4:91:Infinity":6,"s:87:6:90:Infinity":7,"s:93:4:93:Infinity":8,"s:95:4:98:Infinity":9,"b:97:38:97:54:97:54:97:Infinity":3,"f:115:22:115:Infinity":1,"s:118:20:118:Infinity":10,"b:120:2:125:Infinity:undefined:undefined:undefined:undefined":4,"s:120:2:125:Infinity":11,"s:121:4:124:Infinity":12,"s:127:2:147:Infinity":13,"s:128:4:136:Infinity":14,"s:141:4:141:Infinity":15,"s:143:4:146:Infinity":16,"b:145:38:145:54:145:54:145:Infinity":5,"f:159:22:159:Infinity":2,"b:163:4:164:Infinity:165:4:166:Infinity:167:4:177:Infinity":6,"s:162:2:178:Infinity":17,"s:164:6:164:Infinity":18,"s:166:6:166:Infinity":19,"s:170:6:176:Infinity":20,"s:177:6:177:Infinity":21}}}
,"/home/natty/linkedin-automation/apps/web/lib/unipile/webhook-verify.ts": {"path":"/home/natty/linkedin-automation/apps/web/lib/unipile/webhook-verify.ts","statementMap":{"0":{"start":{"line":41,"column":2},"end":{"line":43,"column":null}},"1":{"start":{"line":42,"column":4},"end":{"line":42,"column":null}},"2":{"start":{"line":46,"column":17},"end":{"line":46,"column":null}},"3":{"start":{"line":47,"column":2},"end":{"line":51,"column":null}},"4":{"start":{"line":50,"column":4},"end":{"line":50,"column":null}},"5":{"start":{"line":54,"column":26},"end":{"line":54,"column":null}},"6":{"start":{"line":55,"column":23},"end":{"line":55,"column":null}},"7":{"start":{"line":59,"column":2},"end":{"line":61,"column":null}},"8":{"start":{"line":60,"column":4},"end":{"line":60,"column":null}},"9":{"start":{"line":64,"column":8},"end":{"line":64,"column":null}},"10":{"start":{"line":66,"column":2},"end":{"line":68,"column":null}},"11":{"start":{"line":67,"column":4},"end":{"line":67,"column":null}},"12":{"start":{"line":70,"column":2},"end":{"line":70,"column":null}}},"fnMap":{"0":{"name":"verifyWebhookSignature","decl":{"start":{"line":39,"column":16},"end":{"line":39,"column":39}},"loc":{"start":{"line":39,"column":86},"end":{"line":71,"column":null}},"line":39}},"branchMap":{"0":{"loc":{"start":{"line":41,"column":2},"end":{"line":43,"column":null}},"type":"if","locations":[{"start":{"line":41,"column":2},"end":{"line":43,"column":null}},{"start":{},"end":{}}],"line":41},"1":{"loc":{"start":{"line":41,"column":6},"end":{"line":41,"column":53}},"type":"binary-expr","locations":[{"start":{"line":41,"column":6},"end":{"line":41,"column":28}},{"start":{"line":41,"column":28},"end":{"line":41,"column":53}}],"line":41},"2":{"loc":{"start":{"line":47,"column":2},"end":{"line":51,"column":null}},"type":"if","locations":[{"start":{"line":47,"column":2},"end":{"line":51,"column":null}},{"start":{},"end":{}}],"line":47},"3":{"loc":{"start":{"line":59,"column":2},"end":{"line":61,"column":null}},"type":"if","locations":[{"start":{"line":59,"column":2},"end":{"line":61,"column":null}},{"start":{},"end":{}}],"line":59},"4":{"loc":{"start":{"line":66,"column":2},"end":{"line":68,"column":null}},"type":"if","locations":[{"start":{"line":66,"column":2},"end":{"line":68,"column":null}},{"start":{},"end":{}}],"line":66}},"s":{"0":10,"1":2,"2":8,"3":8,"4":1,"5":7,"6":7,"7":7,"8":3,"9":4,"10":4,"11":0,"12":4},"f":{"0":10},"b":{"0":[2,8],"1":[10,9],"2":[1,7],"3":[3,4],"4":[0,4]},"meta":{"lastBranch":5,"lastFunction":1,"lastStatement":13,"seen":{"f:39:16:39:39":0,"b:41:2:43:Infinity:undefined:undefined:undefined:undefined":0,"s:41:2:43:Infinity":0,"b:41:6:41:28:41:28:41:53":1,"s:42:4:42:Infinity":1,"s:46:17:46:Infinity":2,"b:47:2:51:Infinity:undefined:undefined:undefined:undefined":2,"s:47:2:51:Infinity":3,"s:50:4:50:Infinity":4,"s:54:26:54:Infinity":5,"s:55:23:55:Infinity":6,"b:59:2:61:Infinity:undefined:undefined:undefined:undefined":3,"s:59:2:61:Infinity":7,"s:60:4:60:Infinity":8,"s:64:8:64:Infinity":9,"b:66:2:68:Infinity:undefined:undefined:undefined:undefined":4,"s:66:2:68:Infinity":10,"s:67:4:67:Infinity":11,"s:70:2:70:Infinity":12}}}
}
