{"/Users/xander/Documents/WORK/PROJECTS/linkedin-automation/apps/web/app/layout.tsx": {"path":"/Users/xander/Documents/WORK/PROJECTS/linkedin-automation/apps/web/app/layout.tsx","statementMap":{"0":{"start":{"line":5,"column":34},"end":{"line":8,"column":null}},"1":{"start":{"line":15,"column":2},"end":{"line":20,"column":null}}},"fnMap":{"0":{"name":"RootLayout","decl":{"start":{"line":10,"column":24},"end":{"line":10,"column":35}},"loc":{"start":{"line":14,"column":3},"end":{"line":22,"column":null}},"line":14}},"branchMap":{},"s":{"0":0,"1":0},"f":{"0":0},"b":{},"meta":{"lastBranch":0,"lastFunction":1,"lastStatement":2,"seen":{"s:5:34:8:Infinity":0,"f:10:24:10:35":0,"s:15:2:20:Infinity":1}}}
,"/Users/xander/Documents/WORK/PROJECTS/linkedin-automation/apps/web/app/page.tsx": {"path":"/Users/xander/Documents/WORK/PROJECTS/linkedin-automation/apps/web/app/page.tsx","statementMap":{"0":{"start":{"line":5,"column":21},"end":{"line":5,"column":null}},"1":{"start":{"line":7,"column":2},"end":{"line":9,"column":null}},"2":{"start":{"line":8,"column":4},"end":{"line":8,"column":null}},"3":{"start":{"line":11,"column":2},"end":{"line":20,"column":null}}},"fnMap":{"0":{"name":"HomePage","decl":{"start":{"line":4,"column":30},"end":{"line":4,"column":41}},"loc":{"start":{"line":4,"column":41},"end":{"line":22,"column":null}},"line":4}},"branchMap":{"0":{"loc":{"start":{"line":7,"column":2},"end":{"line":9,"column":null}},"type":"if","locations":[{"start":{"line":7,"column":2},"end":{"line":9,"column":null}},{"start":{},"end":{}}],"line":7}},"s":{"0":0,"1":0,"2":0,"3":0},"f":{"0":0},"b":{"0":[0,0]},"meta":{"lastBranch":1,"lastFunction":1,"lastStatement":4,"seen":{"f:4:30:4:41":0,"s:5:21:5:Infinity":0,"b:7:2:9:Infinity:undefined:undefined:undefined:undefined":0,"s:7:2:9:Infinity":1,"s:8:4:8:Infinity":2,"s:11:2:20:Infinity":3}}}
,"/Users/xander/Documents/WORK/PROJECTS/linkedin-automation/apps/web/app/(auth)/sign-in/[[...sign-in]]/page.tsx": {"path":"/Users/xander/Documents/WORK/PROJECTS/linkedin-automation/apps/web/app/(auth)/sign-in/[[...sign-in]]/page.tsx","statementMap":{"0":{"start":{"line":4,"column":2},"end":{"line":7,"column":null}}},"fnMap":{"0":{"name":"SignInPage","decl":{"start":{"line":3,"column":24},"end":{"line":3,"column":37}},"loc":{"start":{"line":3,"column":37},"end":{"line":9,"column":null}},"line":3}},"branchMap":{},"s":{"0":0},"f":{"0":0},"b":{},"meta":{"lastBranch":0,"lastFunction":1,"lastStatement":1,"seen":{"f:3:24:3:37":0,"s:4:2:7:Infinity":0}}}
,"/Users/xander/Documents/WORK/PROJECTS/linkedin-automation/apps/web/app/(auth)/sign-up/[[...sign-up]]/page.tsx": {"path":"/Users/xander/Documents/WORK/PROJECTS/linkedin-automation/apps/web/app/(auth)/sign-up/[[...sign-up]]/page.tsx","statementMap":{"0":{"start":{"line":4,"column":2},"end":{"line":7,"column":null}}},"fnMap":{"0":{"name":"SignUpPage","decl":{"start":{"line":3,"column":24},"end":{"line":3,"column":37}},"loc":{"start":{"line":3,"column":37},"end":{"line":9,"column":null}},"line":3}},"branchMap":{},"s":{"0":0},"f":{"0":0},"b":{},"meta":{"lastBranch":0,"lastFunction":1,"lastStatement":1,"seen":{"f:3:24:3:37":0,"s:4:2:7:Infinity":0}}}
,"/Users/xander/Documents/WORK/PROJECTS/linkedin-automation/apps/web/app/(dashboard)/dashboard/layout.tsx": {"path":"/Users/xander/Documents/WORK/PROJECTS/linkedin-automation/apps/web/app/(dashboard)/dashboard/layout.tsx","statementMap":{"0":{"start":{"line":12,"column":2},"end":{"line":16,"column":null}},"1":{"start":{"line":13,"column":4},"end":{"line":15,"column":null}},"2":{"start":{"line":18,"column":2},"end":{"line":24,"column":null}}},"fnMap":{"0":{"name":"DashboardLayout","decl":{"start":{"line":6,"column":24},"end":{"line":6,"column":40}},"loc":{"start":{"line":10,"column":3},"end":{"line":26,"column":null}},"line":10},"1":{"name":"(anonymous_1)","decl":{"start":{"line":12,"column":12},"end":{"line":12,"column":18}},"loc":{"start":{"line":12,"column":18},"end":{"line":16,"column":5}},"line":12},"2":{"name":"(anonymous_2)","decl":{"start":{"line":13,"column":27},"end":{"line":13,"column":33}},"loc":{"start":{"line":13,"column":33},"end":{"line":15,"column":5}},"line":13}},"branchMap":{},"s":{"0":0,"1":0,"2":0},"f":{"0":0,"1":0,"2":0},"b":{},"meta":{"lastBranch":0,"lastFunction":3,"lastStatement":3,"seen":{"f:6:24:6:40":0,"s:12:2:16:Infinity":0,"f:12:12:12:18":1,"s:13:4:15:Infinity":1,"f:13:27:13:33":2,"s:18:2:24:Infinity":2}}}
,"/Users/xander/Documents/WORK/PROJECTS/linkedin-automation/apps/web/app/(dashboard)/dashboard/page.tsx": {"path":"/Users/xander/Documents/WORK/PROJECTS/linkedin-automation/apps/web/app/(dashboard)/dashboard/page.tsx","statementMap":{"0":{"start":{"line":5,"column":2},"end":{"line":61,"column":null}}},"fnMap":{"0":{"name":"DashboardPage","decl":{"start":{"line":4,"column":24},"end":{"line":4,"column":40}},"loc":{"start":{"line":4,"column":40},"end":{"line":63,"column":null}},"line":4}},"branchMap":{},"s":{"0":0},"f":{"0":0},"b":{},"meta":{"lastBranch":0,"lastFunction":1,"lastStatement":1,"seen":{"f:4:24:4:40":0,"s:5:2:61:Infinity":0}}}
,"/Users/xander/Documents/WORK/PROJECTS/linkedin-automation/apps/web/app/(dashboard)/dashboard/campaigns/page.tsx": {"path":"/Users/xander/Documents/WORK/PROJECTS/linkedin-automation/apps/web/app/(dashboard)/dashboard/campaigns/page.tsx","statementMap":{"0":{"start":{"line":13,"column":21},"end":{"line":13,"column":null}},"1":{"start":{"line":15,"column":2},"end":{"line":17,"column":null}},"2":{"start":{"line":16,"column":4},"end":{"line":16,"column":null}},"3":{"start":{"line":19,"column":24},"end":{"line":23,"column":null}},"4":{"start":{"line":25,"column":2},"end":{"line":76,"column":null}},"5":{"start":{"line":57,"column":14},"end":{"line":71,"column":null}}},"fnMap":{"0":{"name":"CampaignsPage","decl":{"start":{"line":12,"column":30},"end":{"line":12,"column":46}},"loc":{"start":{"line":12,"column":46},"end":{"line":78,"column":null}},"line":12},"1":{"name":"(anonymous_1)","decl":{"start":{"line":56,"column":31},"end":{"line":56,"column":32}},"loc":{"start":{"line":57,"column":14},"end":{"line":71,"column":null}},"line":57}},"branchMap":{"0":{"loc":{"start":{"line":15,"column":2},"end":{"line":17,"column":null}},"type":"if","locations":[{"start":{"line":15,"column":2},"end":{"line":17,"column":null}},{"start":{},"end":{}}],"line":15},"1":{"loc":{"start":{"line":40,"column":9},"end":{"line":73,"column":null}},"type":"cond-expr","locations":[{"start":{"line":41,"column":10},"end":{"line":53,"column":null}},{"start":{"line":55,"column":10},"end":{"line":73,"column":null}}],"line":40},"2":{"loc":{"start":{"line":64,"column":28},"end":{"line":64,"column":null}},"type":"binary-expr","locations":[{"start":{"line":64,"column":28},"end":{"line":64,"column":49}},{"start":{"line":64,"column":49},"end":{"line":64,"column":null}}],"line":64},"3":{"loc":{"start":{"line":65,"column":30},"end":{"line":65,"column":null}},"type":"binary-expr","locations":[{"start":{"line":65,"column":30},"end":{"line":65,"column":53}},{"start":{"line":65,"column":53},"end":{"line":65,"column":null}}],"line":65},"4":{"loc":{"start":{"line":66,"column":29},"end":{"line":66,"column":null}},"type":"binary-expr","locations":[{"start":{"line":66,"column":29},"end":{"line":66,"column":51}},{"start":{"line":66,"column":51},"end":{"line":66,"column":null}}],"line":66},"5":{"loc":{"start":{"line":67,"column":33},"end":{"line":67,"column":null}},"type":"binary-expr","locations":[{"start":{"line":67,"column":33},"end":{"line":67,"column":59}},{"start":{"line":67,"column":59},"end":{"line":67,"column":null}}],"line":67},"6":{"loc":{"start":{"line":68,"column":32},"end":{"line":68,"column":null}},"type":"binary-expr","locations":[{"start":{"line":68,"column":32},"end":{"line":68,"column":57}},{"start":{"line":68,"column":57},"end":{"line":68,"column":null}}],"line":68},"7":{"loc":{"start":{"line":69,"column":31},"end":{"line":69,"column":null}},"type":"binary-expr","locations":[{"start":{"line":69,"column":31},"end":{"line":69,"column":55}},{"start":{"line":69,"column":55},"end":{"line":69,"column":null}}],"line":69}},"s":{"0":0,"1":0,"2":0,"3":0,"4":0,"5":0},"f":{"0":0,"1":0},"b":{"0":[0,0],"1":[0,0],"2":[0,0],"3":[0,0],"4":[0,0],"5":[0,0],"6":[0,0],"7":[0,0]},"meta":{"lastBranch":8,"lastFunction":2,"lastStatement":6,"seen":{"f:12:30:12:46":0,"s:13:21:13:Infinity":0,"b:15:2:17:Infinity:undefined:undefined:undefined:undefined":0,"s:15:2:17:Infinity":1,"s:16:4:16:Infinity":2,"s:19:24:23:Infinity":3,"s:25:2:76:Infinity":4,"b:41:10:53:Infinity:55:10:73:Infinity":1,"f:56:31:56:32":1,"s:57:14:71:Infinity":5,"b:64:28:64:49:64:49:64:Infinity":2,"b:65:30:65:53:65:53:65:Infinity":3,"b:66:29:66:51:66:51:66:Infinity":4,"b:67:33:67:59:67:59:67:Infinity":5,"b:68:32:68:57:68:57:68:Infinity":6,"b:69:31:69:55:69:55:69:Infinity":7}}}
,"/Users/xander/Documents/WORK/PROJECTS/linkedin-automation/apps/web/app/(dashboard)/dashboard/campaigns/[id]/page.tsx": {"path":"/Users/xander/Documents/WORK/PROJECTS/linkedin-automation/apps/web/app/(dashboard)/dashboard/campaigns/[id]/page.tsx","statementMap":{"0":{"start":{"line":19,"column":21},"end":{"line":19,"column":null}},"1":{"start":{"line":21,"column":2},"end":{"line":23,"column":null}},"2":{"start":{"line":22,"column":4},"end":{"line":22,"column":null}},"3":{"start":{"line":25,"column":17},"end":{"line":25,"column":null}},"4":{"start":{"line":27,"column":21},"end":{"line":30,"column":null}},"5":{"start":{"line":32,"column":2},"end":{"line":34,"column":null}},"6":{"start":{"line":33,"column":4},"end":{"line":33,"column":null}},"7":{"start":{"line":36,"column":45},"end":{"line":40,"column":null}},"8":{"start":{"line":42,"column":44},"end":{"line":46,"column":null}},"9":{"start":{"line":48,"column":2},"end":{"line":250,"column":null}}},"fnMap":{"0":{"name":"CampaignDetailPage","decl":{"start":{"line":16,"column":30},"end":{"line":16,"column":49}},"loc":{"start":{"line":18,"column":28},"end":{"line":252,"column":null}},"line":18}},"branchMap":{"0":{"loc":{"start":{"line":21,"column":2},"end":{"line":23,"column":null}},"type":"if","locations":[{"start":{"line":21,"column":2},"end":{"line":23,"column":null}},{"start":{},"end":{}}],"line":21},"1":{"loc":{"start":{"line":32,"column":2},"end":{"line":34,"column":null}},"type":"if","locations":[{"start":{"line":32,"column":2},"end":{"line":34,"column":null}},{"start":{},"end":{}}],"line":32},"2":{"loc":{"start":{"line":79,"column":20},"end":{"line":81,"column":null}},"type":"cond-expr","locations":[{"start":{"line":80,"column":24},"end":{"line":80,"column":null}},{"start":{"line":81,"column":24},"end":{"line":81,"column":null}}],"line":79},"3":{"loc":{"start":{"line":84,"column":19},"end":{"line":84,"column":null}},"type":"cond-expr","locations":[{"start":{"line":84,"column":39},"end":{"line":84,"column":50}},{"start":{"line":84,"column":50},"end":{"line":84,"column":null}}],"line":84},"4":{"loc":{"start":{"line":96,"column":19},"end":{"line":96,"column":null}},"type":"binary-expr","locations":[{"start":{"line":96,"column":19},"end":{"line":96,"column":48}},{"start":{"line":96,"column":48},"end":{"line":96,"column":null}}],"line":96},"5":{"loc":{"start":{"line":102,"column":19},"end":{"line":102,"column":null}},"type":"binary-expr","locations":[{"start":{"line":102,"column":19},"end":{"line":102,"column":46}},{"start":{"line":102,"column":46},"end":{"line":102,"column":null}}],"line":102},"6":{"loc":{"start":{"line":105,"column":15},"end":{"line":116,"column":null}},"type":"binary-expr","locations":[{"start":{"line":105,"column":15},"end":{"line":105,"column":null}},{"start":{"line":106,"column":16},"end":{"line":116,"column":null}}],"line":105},"7":{"loc":{"start":{"line":121,"column":19},"end":{"line":124,"column":null}},"type":"cond-expr","locations":[{"start":{"line":122,"column":20},"end":{"line":122,"column":null}},{"start":{"line":124,"column":20},"end":{"line":124,"column":null}}],"line":121},"8":{"loc":{"start":{"line":140,"column":21},"end":{"line":140,"column":null}},"type":"binary-expr","locations":[{"start":{"line":140,"column":21},"end":{"line":140,"column":44}},{"start":{"line":140,"column":44},"end":{"line":140,"column":null}}],"line":140},"9":{"loc":{"start":{"line":146,"column":21},"end":{"line":146,"column":null}},"type":"binary-expr","locations":[{"start":{"line":146,"column":21},"end":{"line":146,"column":43}},{"start":{"line":146,"column":43},"end":{"line":146,"column":null}}],"line":146},"10":{"loc":{"start":{"line":152,"column":21},"end":{"line":152,"column":null}},"type":"binary-expr","locations":[{"start":{"line":152,"column":21},"end":{"line":152,"column":47}},{"start":{"line":152,"column":47},"end":{"line":152,"column":null}}],"line":152},"11":{"loc":{"start":{"line":158,"column":21},"end":{"line":158,"column":null}},"type":"binary-expr","locations":[{"start":{"line":158,"column":21},"end":{"line":158,"column":46}},{"start":{"line":158,"column":46},"end":{"line":158,"column":null}}],"line":158},"12":{"loc":{"start":{"line":162,"column":14},"end":{"line":194,"column":null}},"type":"binary-expr","locations":[{"start":{"line":162,"column":14},"end":{"line":165,"column":null}},{"start":{"line":166,"column":16},"end":{"line":194,"column":null}}],"line":162},"13":{"loc":{"start":{"line":165,"column":16},"end":{"line":165,"column":43}},"type":"binary-expr","locations":[{"start":{"line":165,"column":16},"end":{"line":165,"column":38}},{"start":{"line":165,"column":38},"end":{"line":165,"column":43}}],"line":165},"14":{"loc":{"start":{"line":175,"column":28},"end":{"line":175,"column":null}},"type":"binary-expr","locations":[{"start":{"line":175,"column":28},"end":{"line":175,"column":54}},{"start":{"line":175,"column":54},"end":{"line":175,"column":null}}],"line":175},"15":{"loc":{"start":{"line":176,"column":29},"end":{"line":176,"column":null}},"type":"binary-expr","locations":[{"start":{"line":176,"column":29},"end":{"line":176,"column":51}},{"start":{"line":176,"column":51},"end":{"line":176,"column":null}}],"line":176},"16":{"loc":{"start":{"line":186,"column":28},"end":{"line":186,"column":null}},"type":"binary-expr","locations":[{"start":{"line":186,"column":28},"end":{"line":186,"column":53}},{"start":{"line":186,"column":53},"end":{"line":186,"column":null}}],"line":186},"17":{"loc":{"start":{"line":187,"column":29},"end":{"line":187,"column":null}},"type":"binary-expr","locations":[{"start":{"line":187,"column":29},"end":{"line":187,"column":51}},{"start":{"line":187,"column":51},"end":{"line":187,"column":null}}],"line":187},"18":{"loc":{"start":{"line":214,"column":16},"end":{"line":232,"column":null}},"type":"cond-expr","locations":[{"start":{"line":215,"column":16},"end":{"line":221,"column":null}},{"start":{"line":223,"column":16},"end":{"line":232,"column":null}}],"line":214},"19":{"loc":{"start":{"line":214,"column":16},"end":{"line":214,"column":44}},"type":"binary-expr","locations":[{"start":{"line":214,"column":16},"end":{"line":214,"column":39}},{"start":{"line":214,"column":39},"end":{"line":214,"column":44}}],"line":214}},"s":{"0":0,"1":0,"2":0,"3":0,"4":0,"5":0,"6":0,"7":0,"8":0,"9":0},"f":{"0":0},"b":{"0":[0,0],"1":[0,0],"2":[0,0],"3":[0,0],"4":[0,0],"5":[0,0],"6":[0,0],"7":[0,0],"8":[0,0],"9":[0,0],"10":[0,0],"11":[0,0],"12":[0,0],"13":[0,0],"14":[0,0],"15":[0,0],"16":[0,0],"17":[0,0],"18":[0,0],"19":[0,0]},"meta":{"lastBranch":20,"lastFunction":1,"lastStatement":10,"seen":{"f:16:30:16:49":0,"s:19:21:19:Infinity":0,"b:21:2:23:Infinity:undefined:undefined:undefined:undefined":0,"s:21:2:23:Infinity":1,"s:22:4:22:Infinity":2,"s:25:17:25:Infinity":3,"s:27:21:30:Infinity":4,"b:32:2:34:Infinity:undefined:undefined:undefined:undefined":1,"s:32:2:34:Infinity":5,"s:33:4:33:Infinity":6,"s:36:45:40:Infinity":7,"s:42:44:46:Infinity":8,"s:48:2:250:Infinity":9,"b:80:24:80:Infinity:81:24:81:Infinity":2,"b:84:39:84:50:84:50:84:Infinity":3,"b:96:19:96:48:96:48:96:Infinity":4,"b:102:19:102:46:102:46:102:Infinity":5,"b:105:15:105:Infinity:106:16:116:Infinity":6,"b:122:20:122:Infinity:124:20:124:Infinity":7,"b:140:21:140:44:140:44:140:Infinity":8,"b:146:21:146:43:146:43:146:Infinity":9,"b:152:21:152:47:152:47:152:Infinity":10,"b:158:21:158:46:158:46:158:Infinity":11,"b:162:14:165:Infinity:166:16:194:Infinity":12,"b:165:16:165:38:165:38:165:43":13,"b:175:28:175:54:175:54:175:Infinity":14,"b:176:29:176:51:176:51:176:Infinity":15,"b:186:28:186:53:186:53:186:Infinity":16,"b:187:29:187:51:187:51:187:Infinity":17,"b:215:16:221:Infinity:223:16:232:Infinity":18,"b:214:16:214:39:214:39:214:44":19}}}
,"/Users/xander/Documents/WORK/PROJECTS/linkedin-automation/apps/web/app/(dashboard)/dashboard/campaigns/[id]/edit/edit-campaign-form.tsx": {"path":"/Users/xander/Documents/WORK/PROJECTS/linkedin-automation/apps/web/app/(dashboard)/dashboard/campaigns/[id]/edit/edit-campaign-form.tsx","statementMap":{"0":{"start":{"line":22,"column":8},"end":{"line":22,"column":null}},"1":{"start":{"line":24,"column":23},"end":{"line":50,"column":null}},"2":{"start":{"line":31,"column":21},"end":{"line":40,"column":null}},"3":{"start":{"line":42,"column":4},"end":{"line":45,"column":null}},"4":{"start":{"line":43,"column":24},"end":{"line":43,"column":null}},"5":{"start":{"line":44,"column":6},"end":{"line":44,"column":null}},"6":{"start":{"line":47,"column":4},"end":{"line":47,"column":null}},"7":{"start":{"line":48,"column":4},"end":{"line":48,"column":null}},"8":{"start":{"line":49,"column":4},"end":{"line":49,"column":null}},"9":{"start":{"line":52,"column":2},"end":{"line":57,"column":null}}},"fnMap":{"0":{"name":"EditCampaignForm","decl":{"start":{"line":18,"column":16},"end":{"line":18,"column":33}},"loc":{"start":{"line":21,"column":26},"end":{"line":59,"column":null}},"line":21},"1":{"name":"(anonymous_1)","decl":{"start":{"line":24,"column":23},"end":{"line":24,"column":30}},"loc":{"start":{"line":30,"column":8},"end":{"line":50,"column":null}},"line":30}},"branchMap":{"0":{"loc":{"start":{"line":38,"column":22},"end":{"line":38,"column":null}},"type":"binary-expr","locations":[{"start":{"line":38,"column":22},"end":{"line":38,"column":45}},{"start":{"line":38,"column":45},"end":{"line":38,"column":null}}],"line":38},"1":{"loc":{"start":{"line":42,"column":4},"end":{"line":45,"column":null}},"type":"if","locations":[{"start":{"line":42,"column":4},"end":{"line":45,"column":null}},{"start":{},"end":{}}],"line":42},"2":{"loc":{"start":{"line":44,"column":22},"end":{"line":44,"column":68}},"type":"binary-expr","locations":[{"start":{"line":44,"column":22},"end":{"line":44,"column":41}},{"start":{"line":44,"column":41},"end":{"line":44,"column":68}}],"line":44}},"s":{"0":0,"1":0,"2":0,"3":0,"4":0,"5":0,"6":0,"7":0,"8":0,"9":0},"f":{"0":0,"1":0},"b":{"0":[0,0],"1":[0,0],"2":[0,0]},"meta":{"lastBranch":3,"lastFunction":2,"lastStatement":10,"seen":{"f:18:16:18:33":0,"s:22:8:22:Infinity":0,"s:24:23:50:Infinity":1,"f:24:23:24:30":1,"s:31:21:40:Infinity":2,"b:38:22:38:45:38:45:38:Infinity":0,"b:42:4:45:Infinity:undefined:undefined:undefined:undefined":1,"s:42:4:45:Infinity":3,"s:43:24:43:Infinity":4,"s:44:6:44:Infinity":5,"b:44:22:44:41:44:41:44:68":2,"s:47:4:47:Infinity":6,"s:48:4:48:Infinity":7,"s:49:4:49:Infinity":8,"s:52:2:57:Infinity":9}}}
,"/Users/xander/Documents/WORK/PROJECTS/linkedin-automation/apps/web/app/(dashboard)/dashboard/campaigns/[id]/edit/page.tsx": {"path":"/Users/xander/Documents/WORK/PROJECTS/linkedin-automation/apps/web/app/(dashboard)/dashboard/campaigns/[id]/edit/page.tsx","statementMap":{"0":{"start":{"line":25,"column":21},"end":{"line":25,"column":null}},"1":{"start":{"line":27,"column":2},"end":{"line":29,"column":null}},"2":{"start":{"line":28,"column":4},"end":{"line":28,"column":null}},"3":{"start":{"line":31,"column":17},"end":{"line":31,"column":null}},"4":{"start":{"line":33,"column":21},"end":{"line":36,"column":null}},"5":{"start":{"line":38,"column":2},"end":{"line":40,"column":null}},"6":{"start":{"line":39,"column":4},"end":{"line":39,"column":null}},"7":{"start":{"line":42,"column":2},"end":{"line":76,"column":null}}},"fnMap":{"0":{"name":"EditCampaignPage","decl":{"start":{"line":22,"column":30},"end":{"line":22,"column":47}},"loc":{"start":{"line":24,"column":26},"end":{"line":78,"column":null}},"line":24}},"branchMap":{"0":{"loc":{"start":{"line":27,"column":2},"end":{"line":29,"column":null}},"type":"if","locations":[{"start":{"line":27,"column":2},"end":{"line":29,"column":null}},{"start":{},"end":{}}],"line":27},"1":{"loc":{"start":{"line":38,"column":2},"end":{"line":40,"column":null}},"type":"if","locations":[{"start":{"line":38,"column":2},"end":{"line":40,"column":null}},{"start":{},"end":{}}],"line":38},"2":{"loc":{"start":{"line":68,"column":32},"end":{"line":68,"column":null}},"type":"binary-expr","locations":[{"start":{"line":68,"column":32},"end":{"line":68,"column":57}},{"start":{"line":68,"column":57},"end":{"line":68,"column":null}}],"line":68},"3":{"loc":{"start":{"line":69,"column":31},"end":{"line":69,"column":null}},"type":"binary-expr","locations":[{"start":{"line":69,"column":31},"end":{"line":69,"column":55}},{"start":{"line":69,"column":55},"end":{"line":69,"column":null}}],"line":69}},"s":{"0":0,"1":0,"2":0,"3":0,"4":0,"5":0,"6":0,"7":0},"f":{"0":0},"b":{"0":[0,0],"1":[0,0],"2":[0,0],"3":[0,0]},"meta":{"lastBranch":4,"lastFunction":1,"lastStatement":8,"seen":{"f:22:30:22:47":0,"s:25:21:25:Infinity":0,"b:27:2:29:Infinity:undefined:undefined:undefined:undefined":0,"s:27:2:29:Infinity":1,"s:28:4:28:Infinity":2,"s:31:17:31:Infinity":3,"s:33:21:36:Infinity":4,"b:38:2:40:Infinity:undefined:undefined:undefined:undefined":1,"s:38:2:40:Infinity":5,"s:39:4:39:Infinity":6,"s:42:2:76:Infinity":7,"b:68:32:68:57:68:57:68:Infinity":2,"b:69:31:69:55:69:55:69:Infinity":3}}}
,"/Users/xander/Documents/WORK/PROJECTS/linkedin-automation/apps/web/app/(dashboard)/dashboard/campaigns/new/page.tsx": {"path":"/Users/xander/Documents/WORK/PROJECTS/linkedin-automation/apps/web/app/(dashboard)/dashboard/campaigns/new/page.tsx","statementMap":{"0":{"start":{"line":6,"column":2},"end":{"line":25,"column":null}}},"fnMap":{"0":{"name":"NewCampaignPage","decl":{"start":{"line":5,"column":24},"end":{"line":5,"column":42}},"loc":{"start":{"line":5,"column":42},"end":{"line":27,"column":null}},"line":5}},"branchMap":{},"s":{"0":0},"f":{"0":0},"b":{},"meta":{"lastBranch":0,"lastFunction":1,"lastStatement":1,"seen":{"f:5:24:5:42":0,"s:6:2:25:Infinity":0}}}
,"/Users/xander/Documents/WORK/PROJECTS/linkedin-automation/apps/web/app/(dashboard)/messages/messages-filters.tsx": {"path":"/Users/xander/Documents/WORK/PROJECTS/linkedin-automation/apps/web/app/(dashboard)/messages/messages-filters.tsx","statementMap":{"0":{"start":{"line":30,"column":8},"end":{"line":30,"column":null}},"1":{"start":{"line":31,"column":8},"end":{"line":31,"column":null}},"2":{"start":{"line":37,"column":19},"end":{"line":37,"column":null}},"3":{"start":{"line":39,"column":4},"end":{"line":43,"column":null}},"4":{"start":{"line":40,"column":6},"end":{"line":40,"column":null}},"5":{"start":{"line":42,"column":6},"end":{"line":42,"column":null}},"6":{"start":{"line":45,"column":4},"end":{"line":45,"column":null}},"7":{"start":{"line":48,"column":2},"end":{"line":82,"column":null}},"8":{"start":{"line":53,"column":34},"end":{"line":53,"column":null}},"9":{"start":{"line":61,"column":12},"end":{"line":63,"column":null}},"10":{"start":{"line":71,"column":34},"end":{"line":71,"column":null}}},"fnMap":{"0":{"name":"MessagesFilters","decl":{"start":{"line":25,"column":16},"end":{"line":25,"column":32}},"loc":{"start":{"line":29,"column":25},"end":{"line":84,"column":null}},"line":29},"1":{"name":"updateFilters","decl":{"start":{"line":36,"column":11},"end":{"line":36,"column":25}},"loc":{"start":{"line":36,"column":65},"end":{"line":46,"column":null}},"line":36},"2":{"name":"(anonymous_2)","decl":{"start":{"line":53,"column":23},"end":{"line":53,"column":24}},"loc":{"start":{"line":53,"column":34},"end":{"line":53,"column":null}},"line":53},"3":{"name":"(anonymous_3)","decl":{"start":{"line":60,"column":25},"end":{"line":60,"column":26}},"loc":{"start":{"line":61,"column":12},"end":{"line":63,"column":null}},"line":61},"4":{"name":"(anonymous_4)","decl":{"start":{"line":71,"column":23},"end":{"line":71,"column":24}},"loc":{"start":{"line":71,"column":34},"end":{"line":71,"column":null}},"line":71}},"branchMap":{"0":{"loc":{"start":{"line":39,"column":4},"end":{"line":43,"column":null}},"type":"if","locations":[{"start":{"line":39,"column":4},"end":{"line":43,"column":null}},{"start":{"line":41,"column":11},"end":{"line":43,"column":null}}],"line":39},"1":{"loc":{"start":{"line":39,"column":8},"end":{"line":39,"column":34}},"type":"binary-expr","locations":[{"start":{"line":39,"column":8},"end":{"line":39,"column":17}},{"start":{"line":39,"column":17},"end":{"line":39,"column":34}}],"line":39},"2":{"loc":{"start":{"line":52,"column":15},"end":{"line":52,"column":null}},"type":"binary-expr","locations":[{"start":{"line":52,"column":15},"end":{"line":52,"column":34}},{"start":{"line":52,"column":34},"end":{"line":52,"column":null}}],"line":52},"3":{"loc":{"start":{"line":70,"column":15},"end":{"line":70,"column":null}},"type":"binary-expr","locations":[{"start":{"line":70,"column":15},"end":{"line":70,"column":32}},{"start":{"line":70,"column":32},"end":{"line":70,"column":null}}],"line":70}},"s":{"0":0,"1":0,"2":0,"3":0,"4":0,"5":0,"6":0,"7":0,"8":0,"9":0,"10":0},"f":{"0":0,"1":0,"2":0,"3":0,"4":0},"b":{"0":[0,0],"1":[0,0],"2":[0,0],"3":[0,0]},"meta":{"lastBranch":4,"lastFunction":5,"lastStatement":11,"seen":{"f:25:16:25:32":0,"s:30:8:30:Infinity":0,"s:31:8:31:Infinity":1,"f:36:11:36:25":1,"s:37:19:37:Infinity":2,"b:39:4:43:Infinity:41:11:43:Infinity":0,"s:39:4:43:Infinity":3,"b:39:8:39:17:39:17:39:34":1,"s:40:6:40:Infinity":4,"s:42:6:42:Infinity":5,"s:45:4:45:Infinity":6,"s:48:2:82:Infinity":7,"b:52:15:52:34:52:34:52:Infinity":2,"f:53:23:53:24":2,"s:53:34:53:Infinity":8,"f:60:25:60:26":3,"s:61:12:63:Infinity":9,"b:70:15:70:32:70:32:70:Infinity":3,"f:71:23:71:24":4,"s:71:34:71:Infinity":10}}}
,"/Users/xander/Documents/WORK/PROJECTS/linkedin-automation/apps/web/app/(dashboard)/messages/page.tsx": {"path":"/Users/xander/Documents/WORK/PROJECTS/linkedin-automation/apps/web/app/(dashboard)/messages/page.tsx","statementMap":{"0":{"start":{"line":30,"column":21},"end":{"line":30,"column":null}},"1":{"start":{"line":32,"column":2},"end":{"line":34,"column":null}},"2":{"start":{"line":33,"column":4},"end":{"line":33,"column":null}},"3":{"start":{"line":36,"column":17},"end":{"line":36,"column":null}},"4":{"start":{"line":37,"column":25},"end":{"line":37,"column":null}},"5":{"start":{"line":38,"column":23},"end":{"line":38,"column":null}},"6":{"start":{"line":41,"column":24},"end":{"line":48,"column":null}},"7":{"start":{"line":51,"column":27},"end":{"line":57,"column":null}},"8":{"start":{"line":60,"column":23},"end":{"line":97,"column":null}},"9":{"start":{"line":102,"column":19},"end":{"line":125,"column":null}},"10":{"start":{"line":103,"column":41},"end":{"line":103,"column":null}},"11":{"start":{"line":106,"column":4},"end":{"line":115,"column":null}},"12":{"start":{"line":107,"column":6},"end":{"line":114,"column":null}},"13":{"start":{"line":108,"column":23},"end":{"line":108,"column":null}},"14":{"start":{"line":109,"column":8},"end":{"line":111,"column":null}},"15":{"start":{"line":110,"column":10},"end":{"line":110,"column":null}},"16":{"start":{"line":117,"column":4},"end":{"line":124,"column":null}},"17":{"start":{"line":127,"column":23},"end":{"line":127,"column":null}},"18":{"start":{"line":127,"column":50},"end":{"line":127,"column":79}},"19":{"start":{"line":128,"column":24},"end":{"line":128,"column":null}},"20":{"start":{"line":128,"column":51},"end":{"line":128,"column":81}},"21":{"start":{"line":130,"column":2},"end":{"line":202,"column":null}},"22":{"start":{"line":176,"column":14},"end":{"line":197,"column":null}}},"fnMap":{"0":{"name":"MessagesPage","decl":{"start":{"line":29,"column":30},"end":{"line":29,"column":43}},"loc":{"start":{"line":29,"column":80},"end":{"line":204,"column":null}},"line":29},"1":{"name":"(anonymous_1)","decl":{"start":{"line":102,"column":36},"end":{"line":102,"column":37}},"loc":{"start":{"line":102,"column":45},"end":{"line":125,"column":3}},"line":102},"2":{"name":"(anonymous_2)","decl":{"start":{"line":127,"column":43},"end":{"line":127,"column":44}},"loc":{"start":{"line":127,"column":50},"end":{"line":127,"column":79}},"line":127},"3":{"name":"(anonymous_3)","decl":{"start":{"line":128,"column":44},"end":{"line":128,"column":45}},"loc":{"start":{"line":128,"column":51},"end":{"line":128,"column":81}},"line":128},"4":{"name":"(anonymous_4)","decl":{"start":{"line":175,"column":26},"end":{"line":175,"column":27}},"loc":{"start":{"line":176,"column":14},"end":{"line":197,"column":null}},"line":176}},"branchMap":{"0":{"loc":{"start":{"line":32,"column":2},"end":{"line":34,"column":null}},"type":"if","locations":[{"start":{"line":32,"column":2},"end":{"line":34,"column":null}},{"start":{},"end":{}}],"line":32},"1":{"loc":{"start":{"line":51,"column":27},"end":{"line":57,"column":null}},"type":"cond-expr","locations":[{"start":{"line":52,"column":6},"end":{"line":56,"column":null}},{"start":{"line":56,"column":57},"end":{"line":57,"column":null}}],"line":51},"2":{"loc":{"start":{"line":52,"column":6},"end":{"line":56,"column":null}},"type":"cond-expr","locations":[{"start":{"line":52,"column":23},"end":{"line":53,"column":null}},{"start":{"line":54,"column":8},"end":{"line":56,"column":null}}],"line":52},"3":{"loc":{"start":{"line":54,"column":8},"end":{"line":56,"column":null}},"type":"cond-expr","locations":[{"start":{"line":54,"column":25},"end":{"line":55,"column":null}},{"start":{"line":55,"column":39},"end":{"line":56,"column":null}}],"line":54},"4":{"loc":{"start":{"line":89,"column":6},"end":{"line":95,"column":null}},"type":"cond-expr","locations":[{"start":{"line":89,"column":6},"end":{"line":94,"column":null}},{"start":{"line":94,"column":10},"end":{"line":95,"column":null}}],"line":89},"5":{"loc":{"start":{"line":106,"column":4},"end":{"line":115,"column":null}},"type":"if","locations":[{"start":{"line":106,"column":4},"end":{"line":115,"column":null}},{"start":{},"end":{}}],"line":106},"6":{"loc":{"start":{"line":109,"column":8},"end":{"line":111,"column":null}},"type":"if","locations":[{"start":{"line":109,"column":8},"end":{"line":111,"column":null}},{"start":{},"end":{}}],"line":109},"7":{"loc":{"start":{"line":155,"column":9},"end":{"line":199,"column":null}},"type":"cond-expr","locations":[{"start":{"line":156,"column":10},"end":{"line":172,"column":null}},{"start":{"line":174,"column":10},"end":{"line":199,"column":null}}],"line":155},"8":{"loc":{"start":{"line":159,"column":17},"end":{"line":159,"column":null}},"type":"cond-expr","locations":[{"start":{"line":159,"column":47},"end":{"line":159,"column":53}},{"start":{"line":159,"column":53},"end":{"line":159,"column":null}}],"line":159},"9":{"loc":{"start":{"line":162,"column":17},"end":{"line":164,"column":null}},"type":"cond-expr","locations":[{"start":{"line":163,"column":20},"end":{"line":163,"column":null}},{"start":{"line":164,"column":20},"end":{"line":164,"column":null}}],"line":162},"10":{"loc":{"start":{"line":167,"column":17},"end":{"line":169,"column":null}},"type":"cond-expr","locations":[{"start":{"line":168,"column":20},"end":{"line":168,"column":null}},{"start":{"line":169,"column":20},"end":{"line":169,"column":null}}],"line":167}},"s":{"0":0,"1":0,"2":0,"3":0,"4":0,"5":0,"6":0,"7":0,"8":0,"9":0,"10":0,"11":0,"12":0,"13":0,"14":0,"15":0,"16":0,"17":0,"18":0,"19":0,"20":0,"21":0,"22":0},"f":{"0":0,"1":0,"2":0,"3":0,"4":0},"b":{"0":[0,0],"1":[0,0],"2":[0,0],"3":[0,0],"4":[0,0],"5":[0,0],"6":[0,0],"7":[0,0],"8":[0,0],"9":[0,0],"10":[0,0]},"meta":{"lastBranch":11,"lastFunction":5,"lastStatement":23,"seen":{"f:29:30:29:43":0,"s:30:21:30:Infinity":0,"b:32:2:34:Infinity:undefined:undefined:undefined:undefined":0,"s:32:2:34:Infinity":1,"s:33:4:33:Infinity":2,"s:36:17:36:Infinity":3,"s:37:25:37:Infinity":4,"s:38:23:38:Infinity":5,"s:41:24:48:Infinity":6,"s:51:27:57:Infinity":7,"b:52:6:56:Infinity:56:57:57:Infinity":1,"b:52:23:53:Infinity:54:8:56:Infinity":2,"b:54:25:55:Infinity:55:39:56:Infinity":3,"s:60:23:97:Infinity":8,"b:89:6:94:Infinity:94:10:95:Infinity":4,"s:102:19:125:Infinity":9,"f:102:36:102:37":1,"s:103:41:103:Infinity":10,"b:106:4:115:Infinity:undefined:undefined:undefined:undefined":5,"s:106:4:115:Infinity":11,"s:107:6:114:Infinity":12,"s:108:23:108:Infinity":13,"b:109:8:111:Infinity:undefined:undefined:undefined:undefined":6,"s:109:8:111:Infinity":14,"s:110:10:110:Infinity":15,"s:117:4:124:Infinity":16,"s:127:23:127:Infinity":17,"f:127:43:127:44":2,"s:127:50:127:79":18,"s:128:24:128:Infinity":19,"f:128:44:128:45":3,"s:128:51:128:81":20,"s:130:2:202:Infinity":21,"b:156:10:172:Infinity:174:10:199:Infinity":7,"b:159:47:159:53:159:53:159:Infinity":8,"b:163:20:163:Infinity:164:20:164:Infinity":9,"b:168:20:168:Infinity:169:20:169:Infinity":10,"f:175:26:175:27":4,"s:176:14:197:Infinity":22}}}
,"/Users/xander/Documents/WORK/PROJECTS/linkedin-automation/apps/web/app/(dashboard)/onboarding/client.tsx": {"path":"/Users/xander/Documents/WORK/PROJECTS/linkedin-automation/apps/web/app/(dashboard)/onboarding/client.tsx","statementMap":{"0":{"start":{"line":16,"column":45},"end":{"line":24,"column":null}},"1":{"start":{"line":26,"column":40},"end":{"line":33,"column":null}},"2":{"start":{"line":35,"column":41},"end":{"line":41,"column":null}},"3":{"start":{"line":43,"column":47},"end":{"line":49,"column":null}},"4":{"start":{"line":51,"column":51},"end":{"line":55,"column":null}},"5":{"start":{"line":57,"column":42},"end":{"line":68,"column":null}},"6":{"start":{"line":70,"column":50},"end":{"line":74,"column":null}},"7":{"start":{"line":76,"column":48},"end":{"line":84,"column":null}},"8":{"start":{"line":86,"column":54},"end":{"line":88,"column":null}},"9":{"start":{"line":90,"column":45},"end":{"line":99,"column":null}},"10":{"start":{"line":101,"column":50},"end":{"line":105,"column":null}},"11":{"start":{"line":124,"column":32},"end":{"line":124,"column":null}},"12":{"start":{"line":125,"column":24},"end":{"line":125,"column":null}},"13":{"start":{"line":129,"column":27},"end":{"line":134,"column":null}},"14":{"start":{"line":130,"column":4},"end":{"line":132,"column":null}},"15":{"start":{"line":131,"column":6},"end":{"line":131,"column":null}},"16":{"start":{"line":133,"column":4},"end":{"line":133,"column":null}},"17":{"start":{"line":136,"column":26},"end":{"line":136,"column":null}},"18":{"start":{"line":142,"column":8},"end":{"line":176,"column":null}},"19":{"start":{"line":143,"column":4},"end":{"line":143,"column":null}},"20":{"start":{"line":144,"column":4},"end":{"line":144,"column":null}},"21":{"start":{"line":145,"column":4},"end":{"line":145,"column":null}},"22":{"start":{"line":147,"column":4},"end":{"line":175,"column":null}},"23":{"start":{"line":148,"column":23},"end":{"line":153,"column":null}},"24":{"start":{"line":155,"column":6},"end":{"line":160,"column":null}},"25":{"start":{"line":157,"column":21},"end":{"line":157,"column":null}},"26":{"start":{"line":157,"column":56},"end":{"line":157,"column":59}},"27":{"start":{"line":158,"column":8},"end":{"line":158,"column":null}},"28":{"start":{"line":159,"column":8},"end":{"line":159,"column":null}},"29":{"start":{"line":162,"column":19},"end":{"line":162,"column":null}},"30":{"start":{"line":164,"column":6},"end":{"line":166,"column":null}},"31":{"start":{"line":165,"column":8},"end":{"line":165,"column":null}},"32":{"start":{"line":169,"column":6},"end":{"line":169,"column":null}},"33":{"start":{"line":171,"column":27},"end":{"line":171,"column":null}},"34":{"start":{"line":172,"column":6},"end":{"line":172,"column":null}},"35":{"start":{"line":173,"column":6},"end":{"line":173,"column":null}},"36":{"start":{"line":174,"column":6},"end":{"line":174,"column":null}},"37":{"start":{"line":179,"column":2},"end":{"line":216,"column":null}},"38":{"start":{"line":180,"column":4},"end":{"line":214,"column":null}},"39":{"start":{"line":208,"column":31},"end":{"line":208,"column":68}},"40":{"start":{"line":218,"column":2},"end":{"line":247,"column":null}}},"fnMap":{"0":{"name":"OnboardingClient","decl":{"start":{"line":120,"column":16},"end":{"line":120,"column":33}},"loc":{"start":{"line":123,"column":26},"end":{"line":249,"column":null}},"line":123},"1":{"name":"(anonymous_1)","decl":{"start":{"line":129,"column":27},"end":{"line":129,"column":51}},"loc":{"start":{"line":129,"column":51},"end":{"line":134,"column":null}},"line":129},"2":{"name":"(anonymous_2)","decl":{"start":{"line":142,"column":36},"end":{"line":142,"column":48}},"loc":{"start":{"line":142,"column":48},"end":{"line":176,"column":5}},"line":142},"3":{"name":"(anonymous_3)","decl":{"start":{"line":157,"column":49},"end":{"line":157,"column":56}},"loc":{"start":{"line":157,"column":56},"end":{"line":157,"column":59}},"line":157},"4":{"name":"(anonymous_4)","decl":{"start":{"line":208,"column":23},"end":{"line":208,"column":29}},"loc":{"start":{"line":208,"column":29},"end":{"line":208,"column":null}},"line":208}},"branchMap":{"0":{"loc":{"start":{"line":130,"column":4},"end":{"line":132,"column":null}},"type":"if","locations":[{"start":{"line":130,"column":4},"end":{"line":132,"column":null}},{"start":{},"end":{}}],"line":130},"1":{"loc":{"start":{"line":131,"column":48},"end":{"line":131,"column":95}},"type":"binary-expr","locations":[{"start":{"line":131,"column":48},"end":{"line":131,"column":70}},{"start":{"line":131,"column":48},"end":{"line":131,"column":95}}],"line":131},"2":{"loc":{"start":{"line":155,"column":6},"end":{"line":160,"column":null}},"type":"if","locations":[{"start":{"line":155,"column":6},"end":{"line":160,"column":null}},{"start":{},"end":{}}],"line":155},"3":{"loc":{"start":{"line":164,"column":6},"end":{"line":166,"column":null}},"type":"if","locations":[{"start":{"line":164,"column":6},"end":{"line":166,"column":null}},{"start":{},"end":{}}],"line":164},"4":{"loc":{"start":{"line":171,"column":27},"end":{"line":171,"column":null}},"type":"cond-expr","locations":[{"start":{"line":171,"column":50},"end":{"line":171,"column":64}},{"start":{"line":171,"column":64},"end":{"line":171,"column":null}}],"line":171},"5":{"loc":{"start":{"line":179,"column":2},"end":{"line":216,"column":null}},"type":"if","locations":[{"start":{"line":179,"column":2},"end":{"line":216,"column":null}},{"start":{},"end":{}}],"line":179},"6":{"loc":{"start":{"line":235,"column":17},"end":{"line":235,"column":null}},"type":"cond-expr","locations":[{"start":{"line":235,"column":29},"end":{"line":235,"column":52}},{"start":{"line":235,"column":52},"end":{"line":235,"column":null}}],"line":235},"7":{"loc":{"start":{"line":238,"column":11},"end":{"line":238,"column":null}},"type":"cond-expr","locations":[{"start":{"line":238,"column":23},"end":{"line":238,"column":41}},{"start":{"line":238,"column":41},"end":{"line":238,"column":null}}],"line":238},"8":{"loc":{"start":{"line":241,"column":9},"end":{"line":244,"column":null}},"type":"binary-expr","locations":[{"start":{"line":241,"column":9},"end":{"line":241,"column":null}},{"start":{"line":242,"column":10},"end":{"line":244,"column":null}}],"line":241}},"s":{"0":1,"1":1,"2":1,"3":1,"4":1,"5":1,"6":1,"7":1,"8":1,"9":1,"10":1,"11":15,"12":15,"13":15,"14":8,"15":3,"16":5,"17":15,"18":15,"19":4,"20":4,"21":4,"22":4,"23":4,"24":3,"25":1,"26":0,"27":1,"28":1,"29":2,"30":2,"31":1,"32":1,"33":3,"34":3,"35":3,"36":3,"37":15,"38":3,"39":1,"40":12},"f":{"0":15,"1":8,"2":4,"3":0,"4":1},"b":{"0":[3,5],"1":[3,1],"2":[1,2],"3":[1,1],"4":[3,0],"5":[3,12],"6":[4,8],"7":[4,8],"8":[15,3]},"meta":{"lastBranch":9,"lastFunction":5,"lastStatement":41,"seen":{"s:16:45:24:Infinity":0,"s:26:40:33:Infinity":1,"s:35:41:41:Infinity":2,"s:43:47:49:Infinity":3,"s:51:51:55:Infinity":4,"s:57:42:68:Infinity":5,"s:70:50:74:Infinity":6,"s:76:48:84:Infinity":7,"s:86:54:88:Infinity":8,"s:90:45:99:Infinity":9,"s:101:50:105:Infinity":10,"f:120:16:120:33":0,"s:124:32:124:Infinity":11,"s:125:24:125:Infinity":12,"s:129:27:134:Infinity":13,"f:129:27:129:51":1,"b:130:4:132:Infinity:undefined:undefined:undefined:undefined":0,"s:130:4:132:Infinity":14,"s:131:6:131:Infinity":15,"b:131:48:131:70:131:48:131:95":1,"s:133:4:133:Infinity":16,"s:136:26:136:Infinity":17,"s:142:8:176:Infinity":18,"f:142:36:142:48":2,"s:143:4:143:Infinity":19,"s:144:4:144:Infinity":20,"s:145:4:145:Infinity":21,"s:147:4:175:Infinity":22,"s:148:23:153:Infinity":23,"b:155:6:160:Infinity:undefined:undefined:undefined:undefined":2,"s:155:6:160:Infinity":24,"s:157:21:157:Infinity":25,"f:157:49:157:56":3,"s:157:56:157:59":26,"s:158:8:158:Infinity":27,"s:159:8:159:Infinity":28,"s:162:19:162:Infinity":29,"b:164:6:166:Infinity:undefined:undefined:undefined:undefined":3,"s:164:6:166:Infinity":30,"s:165:8:165:Infinity":31,"s:169:6:169:Infinity":32,"s:171:27:171:Infinity":33,"b:171:50:171:64:171:64:171:Infinity":4,"s:172:6:172:Infinity":34,"s:173:6:173:Infinity":35,"s:174:6:174:Infinity":36,"b:179:2:216:Infinity:undefined:undefined:undefined:undefined":5,"s:179:2:216:Infinity":37,"s:180:4:214:Infinity":38,"f:208:23:208:29":4,"s:208:31:208:68":39,"s:218:2:247:Infinity":40,"b:235:29:235:52:235:52:235:Infinity":6,"b:238:23:238:41:238:41:238:Infinity":7,"b:241:9:241:Infinity:242:10:244:Infinity":8}}}
,"/Users/xander/Documents/WORK/PROJECTS/linkedin-automation/apps/web/app/(dashboard)/onboarding/page.tsx": {"path":"/Users/xander/Documents/WORK/PROJECTS/linkedin-automation/apps/web/app/(dashboard)/onboarding/page.tsx","statementMap":{"0":{"start":{"line":18,"column":17},"end":{"line":25,"column":null}},"1":{"start":{"line":27,"column":2},"end":{"line":29,"column":null}},"2":{"start":{"line":28,"column":4},"end":{"line":28,"column":null}},"3":{"start":{"line":31,"column":15},"end":{"line":31,"column":null}},"4":{"start":{"line":32,"column":2},"end":{"line":35,"column":null}},"5":{"start":{"line":40,"column":21},"end":{"line":40,"column":null}},"6":{"start":{"line":41,"column":2},"end":{"line":43,"column":null}},"7":{"start":{"line":42,"column":4},"end":{"line":42,"column":null}},"8":{"start":{"line":46,"column":37},"end":{"line":46,"column":null}},"9":{"start":{"line":48,"column":2},"end":{"line":48,"column":null}}},"fnMap":{"0":{"name":"getConnectionStatus","decl":{"start":{"line":17,"column":15},"end":{"line":17,"column":35}},"loc":{"start":{"line":17,"column":51},"end":{"line":36,"column":null}},"line":17},"1":{"name":"OnboardingPage","decl":{"start":{"line":38,"column":30},"end":{"line":38,"column":47}},"loc":{"start":{"line":38,"column":47},"end":{"line":49,"column":null}},"line":38}},"branchMap":{"0":{"loc":{"start":{"line":27,"column":2},"end":{"line":29,"column":null}},"type":"if","locations":[{"start":{"line":27,"column":2},"end":{"line":29,"column":null}},{"start":{},"end":{}}],"line":27},"1":{"loc":{"start":{"line":34,"column":17},"end":{"line":34,"column":null}},"type":"binary-expr","locations":[{"start":{"line":34,"column":17},"end":{"line":34,"column":60}},{"start":{"line":34,"column":60},"end":{"line":34,"column":null}}],"line":34},"2":{"loc":{"start":{"line":41,"column":2},"end":{"line":43,"column":null}},"type":"if","locations":[{"start":{"line":41,"column":2},"end":{"line":43,"column":null}},{"start":{},"end":{}}],"line":41}},"s":{"0":0,"1":0,"2":0,"3":0,"4":0,"5":0,"6":0,"7":0,"8":0,"9":0},"f":{"0":0,"1":0},"b":{"0":[0,0],"1":[0,0],"2":[0,0]},"meta":{"lastBranch":3,"lastFunction":2,"lastStatement":10,"seen":{"f:17:15:17:35":0,"s:18:17:25:Infinity":0,"b:27:2:29:Infinity:undefined:undefined:undefined:undefined":0,"s:27:2:29:Infinity":1,"s:28:4:28:Infinity":2,"s:31:15:31:Infinity":3,"s:32:2:35:Infinity":4,"b:34:17:34:60:34:60:34:Infinity":1,"f:38:30:38:47":1,"s:40:21:40:Infinity":5,"b:41:2:43:Infinity:undefined:undefined:undefined:undefined":2,"s:41:2:43:Infinity":6,"s:42:4:42:Infinity":7,"s:46:37:46:Infinity":8,"s:48:2:48:Infinity":9}}}
,"/Users/xander/Documents/WORK/PROJECTS/linkedin-automation/apps/web/app/(dashboard)/onboarding/error/client.tsx": {"path":"/Users/xander/Documents/WORK/PROJECTS/linkedin-automation/apps/web/app/(dashboard)/onboarding/error/client.tsx","statementMap":{"0":{"start":{"line":15,"column":45},"end":{"line":23,"column":null}},"1":{"start":{"line":25,"column":40},"end":{"line":33,"column":null}},"2":{"start":{"line":35,"column":54},"end":{"line":44,"column":null}},"3":{"start":{"line":46,"column":41},"end":{"line":51,"column":null}},"4":{"start":{"line":53,"column":47},"end":{"line":58,"column":null}},"5":{"start":{"line":60,"column":51},"end":{"line":64,"column":null}},"6":{"start":{"line":66,"column":42},"end":{"line":77,"column":null}},"7":{"start":{"line":79,"column":44},"end":{"line":85,"column":null}},"8":{"start":{"line":87,"column":45},"end":{"line":92,"column":null}},"9":{"start":{"line":94,"column":44},"end":{"line":100,"column":null}},"10":{"start":{"line":107,"column":35},"end":{"line":110,"column":null}},"11":{"start":{"line":112,"column":2},"end":{"line":160,"column":null}},"12":{"start":{"line":145,"column":27},"end":{"line":145,"column":65}}},"fnMap":{"0":{"name":"ErrorClient","decl":{"start":{"line":106,"column":16},"end":{"line":106,"column":30}},"loc":{"start":{"line":106,"column":30},"end":{"line":162,"column":null}},"line":106},"1":{"name":"(anonymous_1)","decl":{"start":{"line":145,"column":19},"end":{"line":145,"column":25}},"loc":{"start":{"line":145,"column":25},"end":{"line":145,"column":null}},"line":145}},"branchMap":{},"s":{"0":0,"1":0,"2":0,"3":0,"4":0,"5":0,"6":0,"7":0,"8":0,"9":0,"10":0,"11":0,"12":0},"f":{"0":0,"1":0},"b":{},"meta":{"lastBranch":0,"lastFunction":2,"lastStatement":13,"seen":{"s:15:45:23:Infinity":0,"s:25:40:33:Infinity":1,"s:35:54:44:Infinity":2,"s:46:41:51:Infinity":3,"s:53:47:58:Infinity":4,"s:60:51:64:Infinity":5,"s:66:42:77:Infinity":6,"s:79:44:85:Infinity":7,"s:87:45:92:Infinity":8,"s:94:44:100:Infinity":9,"f:106:16:106:30":0,"s:107:35:110:Infinity":10,"s:112:2:160:Infinity":11,"f:145:19:145:25":1,"s:145:27:145:65":12}}}
,"/Users/xander/Documents/WORK/PROJECTS/linkedin-automation/apps/web/app/(dashboard)/onboarding/error/page.tsx": {"path":"/Users/xander/Documents/WORK/PROJECTS/linkedin-automation/apps/web/app/(dashboard)/onboarding/error/page.tsx","statementMap":{"0":{"start":{"line":14,"column":21},"end":{"line":14,"column":null}},"1":{"start":{"line":15,"column":2},"end":{"line":17,"column":null}},"2":{"start":{"line":16,"column":4},"end":{"line":16,"column":null}},"3":{"start":{"line":19,"column":2},"end":{"line":19,"column":null}}},"fnMap":{"0":{"name":"OnboardingErrorPage","decl":{"start":{"line":12,"column":30},"end":{"line":12,"column":52}},"loc":{"start":{"line":12,"column":52},"end":{"line":20,"column":null}},"line":12}},"branchMap":{"0":{"loc":{"start":{"line":15,"column":2},"end":{"line":17,"column":null}},"type":"if","locations":[{"start":{"line":15,"column":2},"end":{"line":17,"column":null}},{"start":{},"end":{}}],"line":15}},"s":{"0":0,"1":0,"2":0,"3":0},"f":{"0":0},"b":{"0":[0,0]},"meta":{"lastBranch":1,"lastFunction":1,"lastStatement":4,"seen":{"f:12:30:12:52":0,"s:14:21:14:Infinity":0,"b:15:2:17:Infinity:undefined:undefined:undefined:undefined":0,"s:15:2:17:Infinity":1,"s:16:4:16:Infinity":2,"s:19:2:19:Infinity":3}}}
,"/Users/xander/Documents/WORK/PROJECTS/linkedin-automation/apps/web/app/(dashboard)/onboarding/success/client.tsx": {"path":"/Users/xander/Documents/WORK/PROJECTS/linkedin-automation/apps/web/app/(dashboard)/onboarding/success/client.tsx","statementMap":{"0":{"start":{"line":17,"column":25},"end":{"line":17,"column":null}},"1":{"start":{"line":18,"column":19},"end":{"line":18,"column":null}},"2":{"start":{"line":24,"column":45},"end":{"line":32,"column":null}},"3":{"start":{"line":34,"column":40},"end":{"line":42,"column":null}},"4":{"start":{"line":44,"column":52},"end":{"line":48,"column":null}},"5":{"start":{"line":50,"column":43},"end":{"line":57,"column":null}},"6":{"start":{"line":59,"column":54},"end":{"line":68,"column":null}},"7":{"start":{"line":70,"column":41},"end":{"line":75,"column":null}},"8":{"start":{"line":77,"column":47},"end":{"line":82,"column":null}},"9":{"start":{"line":84,"column":51},"end":{"line":88,"column":null}},"10":{"start":{"line":90,"column":42},"end":{"line":101,"column":null}},"11":{"start":{"line":103,"column":51},"end":{"line":107,"column":null}},"12":{"start":{"line":109,"column":46},"end":{"line":114,"column":null}},"13":{"start":{"line":116,"column":48},"end":{"line":121,"column":null}},"14":{"start":{"line":123,"column":47},"end":{"line":127,"column":null}},"15":{"start":{"line":140,"column":32},"end":{"line":140,"column":null}},"16":{"start":{"line":141,"column":46},"end":{"line":141,"column":null}},"17":{"start":{"line":142,"column":8},"end":{"line":142,"column":null}},"18":{"start":{"line":143,"column":8},"end":{"line":143,"column":null}},"19":{"start":{"line":144,"column":8},"end":{"line":144,"column":null}},"20":{"start":{"line":147,"column":2},"end":{"line":149,"column":null}},"21":{"start":{"line":148,"column":4},"end":{"line":148,"column":null}},"22":{"start":{"line":155,"column":8},"end":{"line":195,"column":null}},"23":{"start":{"line":156,"column":4},"end":{"line":194,"column":null}},"24":{"start":{"line":157,"column":23},"end":{"line":162,"column":null}},"25":{"start":{"line":165,"column":6},"end":{"line":168,"column":null}},"26":{"start":{"line":166,"column":8},"end":{"line":166,"column":null}},"27":{"start":{"line":167,"column":8},"end":{"line":167,"column":null}},"28":{"start":{"line":170,"column":6},"end":{"line":174,"column":null}},"29":{"start":{"line":172,"column":8},"end":{"line":172,"column":null}},"30":{"start":{"line":173,"column":8},"end":{"line":173,"column":null}},"31":{"start":{"line":176,"column":19},"end":{"line":176,"column":null}},"32":{"start":{"line":178,"column":6},"end":{"line":188,"column":null}},"33":{"start":{"line":180,"column":8},"end":{"line":186,"column":null}},"34":{"start":{"line":181,"column":10},"end":{"line":184,"column":null}},"35":{"start":{"line":185,"column":10},"end":{"line":185,"column":null}},"36":{"start":{"line":187,"column":8},"end":{"line":187,"column":null}},"37":{"start":{"line":190,"column":6},"end":{"line":190,"column":null}},"38":{"start":{"line":192,"column":6},"end":{"line":192,"column":null}},"39":{"start":{"line":193,"column":6},"end":{"line":193,"column":null}},"40":{"start":{"line":201,"column":2},"end":{"line":246,"column":null}},"41":{"start":{"line":203,"column":4},"end":{"line":203,"column":null}},"42":{"start":{"line":205,"column":17},"end":{"line":237,"column":null}},"43":{"start":{"line":206,"column":6},"end":{"line":206,"column":null}},"44":{"start":{"line":206,"column":32},"end":{"line":206,"column":null}},"45":{"start":{"line":207,"column":6},"end":{"line":209,"column":null}},"46":{"start":{"line":208,"column":8},"end":{"line":208,"column":null}},"47":{"start":{"line":211,"column":22},"end":{"line":211,"column":null}},"48":{"start":{"line":214,"column":6},"end":{"line":220,"column":null}},"49":{"start":{"line":215,"column":8},"end":{"line":218,"column":null}},"50":{"start":{"line":216,"column":10},"end":{"line":216,"column":null}},"51":{"start":{"line":217,"column":10},"end":{"line":217,"column":null}},"52":{"start":{"line":219,"column":8},"end":{"line":219,"column":null}},"53":{"start":{"line":222,"column":6},"end":{"line":222,"column":null}},"54":{"start":{"line":223,"column":21},"end":{"line":223,"column":null}},"55":{"start":{"line":225,"column":6},"end":{"line":225,"column":null}},"56":{"start":{"line":225,"column":32},"end":{"line":225,"column":null}},"57":{"start":{"line":227,"column":6},"end":{"line":231,"column":null}},"58":{"start":{"line":229,"column":8},"end":{"line":229,"column":null}},"59":{"start":{"line":230,"column":8},"end":{"line":230,"column":null}},"60":{"start":{"line":233,"column":6},"end":{"line":235,"column":null}},"61":{"start":{"line":234,"column":8},"end":{"line":234,"column":null}},"62":{"start":{"line":240,"column":4},"end":{"line":240,"column":null}},"63":{"start":{"line":242,"column":4},"end":{"line":245,"column":null}},"64":{"start":{"line":243,"column":6},"end":{"line":243,"column":null}},"65":{"start":{"line":244,"column":6},"end":{"line":244,"column":null}},"66":{"start":{"line":249,"column":2},"end":{"line":288,"column":null}},"67":{"start":{"line":250,"column":4},"end":{"line":286,"column":null}},"68":{"start":{"line":272,"column":27},"end":{"line":272,"column":null}},"69":{"start":{"line":281,"column":29},"end":{"line":281,"column":67}},"70":{"start":{"line":291,"column":2},"end":{"line":329,"column":null}},"71":{"start":{"line":292,"column":4},"end":{"line":327,"column":null}},"72":{"start":{"line":322,"column":29},"end":{"line":322,"column":66}},"73":{"start":{"line":332,"column":2},"end":{"line":353,"column":null}}},"fnMap":{"0":{"name":"SuccessClient","decl":{"start":{"line":139,"column":16},"end":{"line":139,"column":32}},"loc":{"start":{"line":139,"column":32},"end":{"line":355,"column":null}},"line":139},"1":{"name":"(anonymous_1)","decl":{"start":{"line":147,"column":12},"end":{"line":147,"column":18}},"loc":{"start":{"line":147,"column":18},"end":{"line":149,"column":5}},"line":147},"2":{"name":"(anonymous_2)","decl":{"start":{"line":155,"column":34},"end":{"line":155,"column":93}},"loc":{"start":{"line":155,"column":93},"end":{"line":195,"column":5}},"line":155},"3":{"name":"(anonymous_3)","decl":{"start":{"line":201,"column":12},"end":{"line":201,"column":18}},"loc":{"start":{"line":201,"column":18},"end":{"line":246,"column":5}},"line":201},"4":{"name":"(anonymous_4)","decl":{"start":{"line":205,"column":17},"end":{"line":205,"column":29}},"loc":{"start":{"line":205,"column":29},"end":{"line":237,"column":null}},"line":205},"5":{"name":"(anonymous_5)","decl":{"start":{"line":242,"column":11},"end":{"line":242,"column":17}},"loc":{"start":{"line":242,"column":17},"end":{"line":245,"column":null}},"line":242},"6":{"name":"(anonymous_6)","decl":{"start":{"line":272,"column":21},"end":{"line":272,"column":27}},"loc":{"start":{"line":272,"column":27},"end":{"line":272,"column":null}},"line":272},"7":{"name":"(anonymous_7)","decl":{"start":{"line":281,"column":21},"end":{"line":281,"column":27}},"loc":{"start":{"line":281,"column":27},"end":{"line":281,"column":null}},"line":281},"8":{"name":"(anonymous_8)","decl":{"start":{"line":322,"column":21},"end":{"line":322,"column":27}},"loc":{"start":{"line":322,"column":27},"end":{"line":322,"column":null}},"line":322}},"branchMap":{"0":{"loc":{"start":{"line":165,"column":6},"end":{"line":168,"column":null}},"type":"if","locations":[{"start":{"line":165,"column":6},"end":{"line":168,"column":null}},{"start":{},"end":{}}],"line":165},"1":{"loc":{"start":{"line":170,"column":6},"end":{"line":174,"column":null}},"type":"if","locations":[{"start":{"line":170,"column":6},"end":{"line":174,"column":null}},{"start":{},"end":{}}],"line":170},"2":{"loc":{"start":{"line":178,"column":6},"end":{"line":188,"column":null}},"type":"if","locations":[{"start":{"line":178,"column":6},"end":{"line":188,"column":null}},{"start":{},"end":{}}],"line":178},"3":{"loc":{"start":{"line":180,"column":8},"end":{"line":186,"column":null}},"type":"if","locations":[{"start":{"line":180,"column":8},"end":{"line":186,"column":null}},{"start":{},"end":{}}],"line":180},"4":{"loc":{"start":{"line":183,"column":25},"end":{"line":183,"column":null}},"type":"binary-expr","locations":[{"start":{"line":183,"column":25},"end":{"line":183,"column":45}},{"start":{"line":183,"column":30},"end":{"line":183,"column":null}}],"line":183},"5":{"loc":{"start":{"line":206,"column":6},"end":{"line":206,"column":null}},"type":"if","locations":[{"start":{"line":206,"column":6},"end":{"line":206,"column":null}},{"start":{},"end":{}}],"line":206},"6":{"loc":{"start":{"line":207,"column":6},"end":{"line":209,"column":null}},"type":"if","locations":[{"start":{"line":207,"column":6},"end":{"line":209,"column":null}},{"start":{},"end":{}}],"line":207},"7":{"loc":{"start":{"line":214,"column":6},"end":{"line":220,"column":null}},"type":"if","locations":[{"start":{"line":214,"column":6},"end":{"line":220,"column":null}},{"start":{},"end":{}}],"line":214},"8":{"loc":{"start":{"line":215,"column":8},"end":{"line":218,"column":null}},"type":"if","locations":[{"start":{"line":215,"column":8},"end":{"line":218,"column":null}},{"start":{},"end":{}}],"line":215},"9":{"loc":{"start":{"line":225,"column":6},"end":{"line":225,"column":null}},"type":"if","locations":[{"start":{"line":225,"column":6},"end":{"line":225,"column":null}},{"start":{},"end":{}}],"line":225},"10":{"loc":{"start":{"line":227,"column":6},"end":{"line":231,"column":null}},"type":"if","locations":[{"start":{"line":227,"column":6},"end":{"line":231,"column":null}},{"start":{},"end":{}}],"line":227},"11":{"loc":{"start":{"line":233,"column":6},"end":{"line":235,"column":null}},"type":"if","locations":[{"start":{"line":233,"column":6},"end":{"line":235,"column":null}},{"start":{},"end":{}}],"line":233},"12":{"loc":{"start":{"line":249,"column":2},"end":{"line":288,"column":null}},"type":"if","locations":[{"start":{"line":249,"column":2},"end":{"line":288,"column":null}},{"start":{},"end":{}}],"line":249},"13":{"loc":{"start":{"line":291,"column":2},"end":{"line":329,"column":null}},"type":"if","locations":[{"start":{"line":291,"column":2},"end":{"line":329,"column":null}},{"start":{},"end":{}}],"line":291}},"s":{"0":1,"1":1,"2":1,"3":1,"4":1,"5":1,"6":1,"7":1,"8":1,"9":1,"10":1,"11":1,"12":1,"13":1,"14":1,"15":10,"16":10,"17":10,"18":10,"19":10,"20":10,"21":6,"22":10,"23":6,"24":6,"25":5,"26":1,"27":1,"28":4,"29":0,"30":0,"31":4,"32":4,"33":4,"34":4,"35":4,"36":4,"37":0,"38":0,"39":0,"40":10,"41":6,"42":6,"43":6,"44":0,"45":6,"46":0,"47":6,"48":6,"49":0,"50":0,"51":0,"52":0,"53":6,"54":6,"55":5,"56":0,"57":5,"58":1,"59":1,"60":4,"61":0,"62":6,"63":6,"64":6,"65":6,"66":10,"67":0,"68":0,"69":0,"70":10,"71":4,"72":1,"73":6},"f":{"0":10,"1":6,"2":6,"3":6,"4":6,"5":6,"6":0,"7":0,"8":1},"b":{"0":[1,4],"1":[0,4],"2":[4,0],"3":[4,0],"4":[4,0],"5":[0,6],"6":[0,6],"7":[0,6],"8":[0,0],"9":[0,5],"10":[1,4],"11":[0,4],"12":[0,10],"13":[4,6]},"meta":{"lastBranch":14,"lastFunction":9,"lastStatement":74,"seen":{"s:17:25:17:Infinity":0,"s:18:19:18:Infinity":1,"s:24:45:32:Infinity":2,"s:34:40:42:Infinity":3,"s:44:52:48:Infinity":4,"s:50:43:57:Infinity":5,"s:59:54:68:Infinity":6,"s:70:41:75:Infinity":7,"s:77:47:82:Infinity":8,"s:84:51:88:Infinity":9,"s:90:42:101:Infinity":10,"s:103:51:107:Infinity":11,"s:109:46:114:Infinity":12,"s:116:48:121:Infinity":13,"s:123:47:127:Infinity":14,"f:139:16:139:32":0,"s:140:32:140:Infinity":15,"s:141:46:141:Infinity":16,"s:142:8:142:Infinity":17,"s:143:8:143:Infinity":18,"s:144:8:144:Infinity":19,"s:147:2:149:Infinity":20,"f:147:12:147:18":1,"s:148:4:148:Infinity":21,"s:155:8:195:Infinity":22,"f:155:34:155:93":2,"s:156:4:194:Infinity":23,"s:157:23:162:Infinity":24,"b:165:6:168:Infinity:undefined:undefined:undefined:undefined":0,"s:165:6:168:Infinity":25,"s:166:8:166:Infinity":26,"s:167:8:167:Infinity":27,"b:170:6:174:Infinity:undefined:undefined:undefined:undefined":1,"s:170:6:174:Infinity":28,"s:172:8:172:Infinity":29,"s:173:8:173:Infinity":30,"s:176:19:176:Infinity":31,"b:178:6:188:Infinity:undefined:undefined:undefined:undefined":2,"s:178:6:188:Infinity":32,"b:180:8:186:Infinity:undefined:undefined:undefined:undefined":3,"s:180:8:186:Infinity":33,"s:181:10:184:Infinity":34,"b:183:25:183:45:183:30:183:Infinity":4,"s:185:10:185:Infinity":35,"s:187:8:187:Infinity":36,"s:190:6:190:Infinity":37,"s:192:6:192:Infinity":38,"s:193:6:193:Infinity":39,"s:201:2:246:Infinity":40,"f:201:12:201:18":3,"s:203:4:203:Infinity":41,"s:205:17:237:Infinity":42,"f:205:17:205:29":4,"b:206:6:206:Infinity:undefined:undefined:undefined:undefined":5,"s:206:6:206:Infinity":43,"s:206:32:206:Infinity":44,"b:207:6:209:Infinity:undefined:undefined:undefined:undefined":6,"s:207:6:209:Infinity":45,"s:208:8:208:Infinity":46,"s:211:22:211:Infinity":47,"b:214:6:220:Infinity:undefined:undefined:undefined:undefined":7,"s:214:6:220:Infinity":48,"b:215:8:218:Infinity:undefined:undefined:undefined:undefined":8,"s:215:8:218:Infinity":49,"s:216:10:216:Infinity":50,"s:217:10:217:Infinity":51,"s:219:8:219:Infinity":52,"s:222:6:222:Infinity":53,"s:223:21:223:Infinity":54,"b:225:6:225:Infinity:undefined:undefined:undefined:undefined":9,"s:225:6:225:Infinity":55,"s:225:32:225:Infinity":56,"b:227:6:231:Infinity:undefined:undefined:undefined:undefined":10,"s:227:6:231:Infinity":57,"s:229:8:229:Infinity":58,"s:230:8:230:Infinity":59,"b:233:6:235:Infinity:undefined:undefined:undefined:undefined":11,"s:233:6:235:Infinity":60,"s:234:8:234:Infinity":61,"s:240:4:240:Infinity":62,"s:242:4:245:Infinity":63,"f:242:11:242:17":5,"s:243:6:243:Infinity":64,"s:244:6:244:Infinity":65,"b:249:2:288:Infinity:undefined:undefined:undefined:undefined":12,"s:249:2:288:Infinity":66,"s:250:4:286:Infinity":67,"f:272:21:272:27":6,"s:272:27:272:Infinity":68,"f:281:21:281:27":7,"s:281:29:281:67":69,"b:291:2:329:Infinity:undefined:undefined:undefined:undefined":13,"s:291:2:329:Infinity":70,"s:292:4:327:Infinity":71,"f:322:21:322:27":8,"s:322:29:322:66":72,"s:332:2:353:Infinity":73}}}
,"/Users/xander/Documents/WORK/PROJECTS/linkedin-automation/apps/web/app/(dashboard)/onboarding/success/page.tsx": {"path":"/Users/xander/Documents/WORK/PROJECTS/linkedin-automation/apps/web/app/(dashboard)/onboarding/success/page.tsx","statementMap":{"0":{"start":{"line":15,"column":21},"end":{"line":15,"column":null}},"1":{"start":{"line":16,"column":2},"end":{"line":18,"column":null}},"2":{"start":{"line":17,"column":4},"end":{"line":17,"column":null}},"3":{"start":{"line":20,"column":2},"end":{"line":20,"column":null}}},"fnMap":{"0":{"name":"OnboardingSuccessPage","decl":{"start":{"line":13,"column":30},"end":{"line":13,"column":54}},"loc":{"start":{"line":13,"column":54},"end":{"line":21,"column":null}},"line":13}},"branchMap":{"0":{"loc":{"start":{"line":16,"column":2},"end":{"line":18,"column":null}},"type":"if","locations":[{"start":{"line":16,"column":2},"end":{"line":18,"column":null}},{"start":{},"end":{}}],"line":16}},"s":{"0":0,"1":0,"2":0,"3":0},"f":{"0":0},"b":{"0":[0,0]},"meta":{"lastBranch":1,"lastFunction":1,"lastStatement":4,"seen":{"f:13:30:13:54":0,"s:15:21:15:Infinity":0,"b:16:2:18:Infinity:undefined:undefined:undefined:undefined":0,"s:16:2:18:Infinity":1,"s:17:4:17:Infinity":2,"s:20:2:20:Infinity":3}}}
,"/Users/xander/Documents/WORK/PROJECTS/linkedin-automation/apps/web/app/api/actions/[id]/route.ts": {"path":"/Users/xander/Documents/WORK/PROJECTS/linkedin-automation/apps/web/app/api/actions/[id]/route.ts","statementMap":{"0":{"start":{"line":21,"column":27},"end":{"line":21,"column":null}},"1":{"start":{"line":26,"column":27},"end":{"line":37,"column":null}},"2":{"start":{"line":35,"column":20},"end":{"line":35,"column":50}},"3":{"start":{"line":61,"column":21},"end":{"line":61,"column":null}},"4":{"start":{"line":63,"column":2},"end":{"line":65,"column":null}},"5":{"start":{"line":64,"column":4},"end":{"line":64,"column":null}},"6":{"start":{"line":67,"column":2},"end":{"line":152,"column":null}},"7":{"start":{"line":68,"column":19},"end":{"line":68,"column":null}},"8":{"start":{"line":71,"column":17},"end":{"line":71,"column":null}},"9":{"start":{"line":72,"column":19},"end":{"line":72,"column":null}},"10":{"start":{"line":74,"column":4},"end":{"line":84,"column":null}},"11":{"start":{"line":75,"column":26},"end":{"line":75,"column":null}},"12":{"start":{"line":76,"column":25},"end":{"line":76,"column":null}},"13":{"start":{"line":77,"column":6},"end":{"line":83,"column":null}},"14":{"start":{"line":88,"column":29},"end":{"line":97,"column":null}},"15":{"start":{"line":99,"column":4},"end":{"line":101,"column":null}},"16":{"start":{"line":100,"column":6},"end":{"line":100,"column":null}},"17":{"start":{"line":104,"column":4},"end":{"line":106,"column":null}},"18":{"start":{"line":105,"column":6},"end":{"line":105,"column":null}},"19":{"start":{"line":109,"column":23},"end":{"line":112,"column":null}},"20":{"start":{"line":114,"column":4},"end":{"line":116,"column":null}},"21":{"start":{"line":115,"column":6},"end":{"line":115,"column":null}},"22":{"start":{"line":119,"column":48},"end":{"line":121,"column":null}},"23":{"start":{"line":124,"column":4},"end":{"line":127,"column":null}},"24":{"start":{"line":125,"column":6},"end":{"line":125,"column":null}},"25":{"start":{"line":126,"column":6},"end":{"line":126,"column":null}},"26":{"start":{"line":130,"column":4},"end":{"line":136,"column":null}},"27":{"start":{"line":131,"column":6},"end":{"line":131,"column":null}},"28":{"start":{"line":132,"column":6},"end":{"line":132,"column":null}},"29":{"start":{"line":133,"column":4},"end":{"line":136,"column":null}},"30":{"start":{"line":134,"column":6},"end":{"line":134,"column":null}},"31":{"start":{"line":135,"column":6},"end":{"line":135,"column":null}},"32":{"start":{"line":139,"column":22},"end":{"line":143,"column":null}},"33":{"start":{"line":145,"column":4},"end":{"line":145,"column":null}},"34":{"start":{"line":147,"column":4},"end":{"line":147,"column":null}},"35":{"start":{"line":148,"column":4},"end":{"line":151,"column":null}}},"fnMap":{"0":{"name":"(anonymous_0)","decl":{"start":{"line":35,"column":10},"end":{"line":35,"column":11}},"loc":{"start":{"line":35,"column":20},"end":{"line":35,"column":50}},"line":35},"1":{"name":"PATCH","decl":{"start":{"line":57,"column":22},"end":{"line":57,"column":null}},"loc":{"start":{"line":60,"column":2},"end":{"line":153,"column":null}},"line":60}},"branchMap":{"0":{"loc":{"start":{"line":63,"column":2},"end":{"line":65,"column":null}},"type":"if","locations":[{"start":{"line":63,"column":2},"end":{"line":65,"column":null}},{"start":{},"end":{}}],"line":63},"1":{"loc":{"start":{"line":74,"column":4},"end":{"line":84,"column":null}},"type":"if","locations":[{"start":{"line":74,"column":4},"end":{"line":84,"column":null}},{"start":{},"end":{}}],"line":74},"2":{"loc":{"start":{"line":80,"column":19},"end":{"line":80,"column":null}},"type":"cond-expr","locations":[{"start":{"line":80,"column":57},"end":{"line":80,"column":71}},{"start":{"line":80,"column":71},"end":{"line":80,"column":null}}],"line":80},"3":{"loc":{"start":{"line":99,"column":4},"end":{"line":101,"column":null}},"type":"if","locations":[{"start":{"line":99,"column":4},"end":{"line":101,"column":null}},{"start":{},"end":{}}],"line":99},"4":{"loc":{"start":{"line":104,"column":4},"end":{"line":106,"column":null}},"type":"if","locations":[{"start":{"line":104,"column":4},"end":{"line":106,"column":null}},{"start":{},"end":{}}],"line":104},"5":{"loc":{"start":{"line":114,"column":4},"end":{"line":116,"column":null}},"type":"if","locations":[{"start":{"line":114,"column":4},"end":{"line":116,"column":null}},{"start":{},"end":{}}],"line":114},"6":{"loc":{"start":{"line":124,"column":4},"end":{"line":127,"column":null}},"type":"if","locations":[{"start":{"line":124,"column":4},"end":{"line":127,"column":null}},{"start":{},"end":{}}],"line":124},"7":{"loc":{"start":{"line":130,"column":4},"end":{"line":136,"column":null}},"type":"if","locations":[{"start":{"line":130,"column":4},"end":{"line":136,"column":null}},{"start":{"line":133,"column":4},"end":{"line":136,"column":null}}],"line":130},"8":{"loc":{"start":{"line":133,"column":4},"end":{"line":136,"column":null}},"type":"if","locations":[{"start":{"line":133,"column":4},"end":{"line":136,"column":null}},{"start":{},"end":{}}],"line":133}},"s":{"0":0,"1":0,"2":0,"3":0,"4":0,"5":0,"6":0,"7":0,"8":0,"9":0,"10":0,"11":0,"12":0,"13":0,"14":0,"15":0,"16":0,"17":0,"18":0,"19":0,"20":0,"21":0,"22":0,"23":0,"24":0,"25":0,"26":0,"27":0,"28":0,"29":0,"30":0,"31":0,"32":0,"33":0,"34":0,"35":0},"f":{"0":0,"1":0},"b":{"0":[0,0],"1":[0,0],"2":[0,0],"3":[0,0],"4":[0,0],"5":[0,0],"6":[0,0],"7":[0,0],"8":[0,0]},"meta":{"lastBranch":9,"lastFunction":2,"lastStatement":36,"seen":{"s:21:27:21:Infinity":0,"s:26:27:37:Infinity":1,"f:35:10:35:11":0,"s:35:20:35:50":2,"f:57:22:57:Infinity":1,"s:61:21:61:Infinity":3,"b:63:2:65:Infinity:undefined:undefined:undefined:undefined":0,"s:63:2:65:Infinity":4,"s:64:4:64:Infinity":5,"s:67:2:152:Infinity":6,"s:68:19:68:Infinity":7,"s:71:17:71:Infinity":8,"s:72:19:72:Infinity":9,"b:74:4:84:Infinity:undefined:undefined:undefined:undefined":1,"s:74:4:84:Infinity":10,"s:75:26:75:Infinity":11,"s:76:25:76:Infinity":12,"s:77:6:83:Infinity":13,"b:80:57:80:71:80:71:80:Infinity":2,"s:88:29:97:Infinity":14,"b:99:4:101:Infinity:undefined:undefined:undefined:undefined":3,"s:99:4:101:Infinity":15,"s:100:6:100:Infinity":16,"b:104:4:106:Infinity:undefined:undefined:undefined:undefined":4,"s:104:4:106:Infinity":17,"s:105:6:105:Infinity":18,"s:109:23:112:Infinity":19,"b:114:4:116:Infinity:undefined:undefined:undefined:undefined":5,"s:114:4:116:Infinity":20,"s:115:6:115:Infinity":21,"s:119:48:121:Infinity":22,"b:124:4:127:Infinity:undefined:undefined:undefined:undefined":6,"s:124:4:127:Infinity":23,"s:125:6:125:Infinity":24,"s:126:6:126:Infinity":25,"b:130:4:136:Infinity:133:4:136:Infinity":7,"s:130:4:136:Infinity":26,"s:131:6:131:Infinity":27,"s:132:6:132:Infinity":28,"b:133:4:136:Infinity:undefined:undefined:undefined:undefined":8,"s:133:4:136:Infinity":29,"s:134:6:134:Infinity":30,"s:135:6:135:Infinity":31,"s:139:22:143:Infinity":32,"s:145:4:145:Infinity":33,"s:147:4:147:Infinity":34,"s:148:4:151:Infinity":35}}}
,"/Users/xander/Documents/WORK/PROJECTS/linkedin-automation/apps/web/app/api/auth/unipile/connect/route.ts": {"path":"/Users/xander/Documents/WORK/PROJECTS/linkedin-automation/apps/web/app/api/auth/unipile/connect/route.ts","statementMap":{"0":{"start":{"line":23,"column":21},"end":{"line":23,"column":null}},"1":{"start":{"line":24,"column":2},"end":{"line":26,"column":null}},"2":{"start":{"line":25,"column":4},"end":{"line":25,"column":null}},"3":{"start":{"line":28,"column":2},"end":{"line":56,"column":null}},"4":{"start":{"line":29,"column":19},"end":{"line":29,"column":null}},"5":{"start":{"line":32,"column":4},"end":{"line":39,"column":null}},"6":{"start":{"line":41,"column":4},"end":{"line":41,"column":null}},"7":{"start":{"line":43,"column":25},"end":{"line":43,"column":null}},"8":{"start":{"line":46,"column":4},"end":{"line":53,"column":null}},"9":{"start":{"line":55,"column":4},"end":{"line":55,"column":null}}},"fnMap":{"0":{"name":"POST","decl":{"start":{"line":21,"column":22},"end":{"line":21,"column":29}},"loc":{"start":{"line":21,"column":29},"end":{"line":57,"column":null}},"line":21}},"branchMap":{"0":{"loc":{"start":{"line":24,"column":2},"end":{"line":26,"column":null}},"type":"if","locations":[{"start":{"line":24,"column":2},"end":{"line":26,"column":null}},{"start":{},"end":{}}],"line":24},"1":{"loc":{"start":{"line":43,"column":25},"end":{"line":43,"column":null}},"type":"cond-expr","locations":[{"start":{"line":43,"column":50},"end":{"line":43,"column":66}},{"start":{"line":43,"column":66},"end":{"line":43,"column":null}}],"line":43}},"s":{"0":4,"1":4,"2":1,"3":3,"4":3,"5":1,"6":1,"7":2,"8":2,"9":2},"f":{"0":4},"b":{"0":[1,3],"1":[1,1]},"meta":{"lastBranch":2,"lastFunction":1,"lastStatement":10,"seen":{"f:21:22:21:29":0,"s:23:21:23:Infinity":0,"b:24:2:26:Infinity:undefined:undefined:undefined:undefined":0,"s:24:2:26:Infinity":1,"s:25:4:25:Infinity":2,"s:28:2:56:Infinity":3,"s:29:19:29:Infinity":4,"s:32:4:39:Infinity":5,"s:41:4:41:Infinity":6,"s:43:25:43:Infinity":7,"b:43:50:43:66:43:66:43:Infinity":1,"s:46:4:53:Infinity":8,"s:55:4:55:Infinity":9}}}
,"/Users/xander/Documents/WORK/PROJECTS/linkedin-automation/apps/web/app/api/campaigns/route.ts": {"path":"/Users/xander/Documents/WORK/PROJECTS/linkedin-automation/apps/web/app/api/campaigns/route.ts","statementMap":{"0":{"start":{"line":17,"column":21},"end":{"line":17,"column":null}},"1":{"start":{"line":18,"column":22},"end":{"line":18,"column":null}},"2":{"start":{"line":19,"column":18},"end":{"line":19,"column":null}},"3":{"start":{"line":35,"column":21},"end":{"line":35,"column":null}},"4":{"start":{"line":37,"column":2},"end":{"line":39,"column":null}},"5":{"start":{"line":38,"column":4},"end":{"line":38,"column":null}},"6":{"start":{"line":41,"column":2},"end":{"line":101,"column":null}},"7":{"start":{"line":43,"column":16},"end":{"line":43,"column":null}},"8":{"start":{"line":44,"column":22},"end":{"line":44,"column":null}},"9":{"start":{"line":45,"column":23},"end":{"line":45,"column":null}},"10":{"start":{"line":48,"column":15},"end":{"line":48,"column":null}},"11":{"start":{"line":49,"column":4},"end":{"line":54,"column":null}},"12":{"start":{"line":50,"column":25},"end":{"line":50,"column":null}},"13":{"start":{"line":51,"column":6},"end":{"line":53,"column":null}},"14":{"start":{"line":52,"column":8},"end":{"line":52,"column":null}},"15":{"start":{"line":57,"column":16},"end":{"line":57,"column":null}},"16":{"start":{"line":58,"column":4},"end":{"line":63,"column":null}},"17":{"start":{"line":59,"column":26},"end":{"line":59,"column":null}},"18":{"start":{"line":60,"column":6},"end":{"line":62,"column":null}},"19":{"start":{"line":61,"column":8},"end":{"line":61,"column":null}},"20":{"start":{"line":66,"column":10},"end":{"line":66,"column":null}},"21":{"start":{"line":69,"column":26},"end":{"line":72,"column":null}},"22":{"start":{"line":74,"column":18},"end":{"line":74,"column":null}},"23":{"start":{"line":75,"column":23},"end":{"line":75,"column":null}},"24":{"start":{"line":78,"column":26},"end":{"line":84,"column":null}},"25":{"start":{"line":86,"column":4},"end":{"line":94,"column":null}},"26":{"start":{"line":96,"column":4},"end":{"line":96,"column":null}},"27":{"start":{"line":97,"column":4},"end":{"line":100,"column":null}},"28":{"start":{"line":107,"column":29},"end":{"line":129,"column":null}},"29":{"start":{"line":118,"column":8},"end":{"line":118,"column":null}},"30":{"start":{"line":118,"column":18},"end":{"line":118,"column":null}},"31":{"start":{"line":119,"column":8},"end":{"line":124,"column":null}},"32":{"start":{"line":120,"column":10},"end":{"line":120,"column":null}},"33":{"start":{"line":121,"column":10},"end":{"line":121,"column":null}},"34":{"start":{"line":123,"column":10},"end":{"line":123,"column":null}},"35":{"start":{"line":132,"column":21},"end":{"line":132,"column":null}},"36":{"start":{"line":134,"column":2},"end":{"line":136,"column":null}},"37":{"start":{"line":135,"column":4},"end":{"line":135,"column":null}},"38":{"start":{"line":138,"column":2},"end":{"line":176,"column":null}},"39":{"start":{"line":139,"column":17},"end":{"line":139,"column":null}},"40":{"start":{"line":140,"column":19},"end":{"line":140,"column":null}},"41":{"start":{"line":142,"column":4},"end":{"line":151,"column":null}},"42":{"start":{"line":143,"column":26},"end":{"line":143,"column":null}},"43":{"start":{"line":144,"column":6},"end":{"line":150,"column":null}},"44":{"start":{"line":154,"column":6},"end":{"line":154,"column":null}},"45":{"start":{"line":156,"column":23},"end":{"line":167,"column":null}},"46":{"start":{"line":169,"column":4},"end":{"line":169,"column":null}},"47":{"start":{"line":171,"column":4},"end":{"line":171,"column":null}},"48":{"start":{"line":172,"column":4},"end":{"line":175,"column":null}}},"fnMap":{"0":{"name":"GET","decl":{"start":{"line":34,"column":22},"end":{"line":34,"column":26}},"loc":{"start":{"line":34,"column":44},"end":{"line":102,"column":null}},"line":34},"1":{"name":"(anonymous_1)","decl":{"start":{"line":117,"column":6},"end":{"line":117,"column":7}},"loc":{"start":{"line":117,"column":15},"end":{"line":125,"column":null}},"line":117},"2":{"name":"POST","decl":{"start":{"line":131,"column":22},"end":{"line":131,"column":27}},"loc":{"start":{"line":131,"column":45},"end":{"line":177,"column":null}},"line":131}},"branchMap":{"0":{"loc":{"start":{"line":37,"column":2},"end":{"line":39,"column":null}},"type":"if","locations":[{"start":{"line":37,"column":2},"end":{"line":39,"column":null}},{"start":{},"end":{}}],"line":37},"1":{"loc":{"start":{"line":49,"column":4},"end":{"line":54,"column":null}},"type":"if","locations":[{"start":{"line":49,"column":4},"end":{"line":54,"column":null}},{"start":{},"end":{}}],"line":49},"2":{"loc":{"start":{"line":51,"column":6},"end":{"line":53,"column":null}},"type":"if","locations":[{"start":{"line":51,"column":6},"end":{"line":53,"column":null}},{"start":{},"end":{}}],"line":51},"3":{"loc":{"start":{"line":51,"column":10},"end":{"line":51,"column":48}},"type":"binary-expr","locations":[{"start":{"line":51,"column":10},"end":{"line":51,"column":32}},{"start":{"line":51,"column":32},"end":{"line":51,"column":48}}],"line":51},"4":{"loc":{"start":{"line":58,"column":4},"end":{"line":63,"column":null}},"type":"if","locations":[{"start":{"line":58,"column":4},"end":{"line":63,"column":null}},{"start":{},"end":{}}],"line":58},"5":{"loc":{"start":{"line":60,"column":6},"end":{"line":62,"column":null}},"type":"if","locations":[{"start":{"line":60,"column":6},"end":{"line":62,"column":null}},{"start":{},"end":{}}],"line":60},"6":{"loc":{"start":{"line":60,"column":10},"end":{"line":60,"column":50}},"type":"binary-expr","locations":[{"start":{"line":60,"column":10},"end":{"line":60,"column":33}},{"start":{"line":60,"column":33},"end":{"line":60,"column":50}}],"line":60},"7":{"loc":{"start":{"line":74,"column":18},"end":{"line":74,"column":null}},"type":"binary-expr","locations":[{"start":{"line":74,"column":18},"end":{"line":74,"column":40}},{"start":{"line":74,"column":40},"end":{"line":74,"column":null}}],"line":74},"8":{"loc":{"start":{"line":118,"column":8},"end":{"line":118,"column":null}},"type":"if","locations":[{"start":{"line":118,"column":8},"end":{"line":118,"column":null}},{"start":{},"end":{}}],"line":118},"9":{"loc":{"start":{"line":134,"column":2},"end":{"line":136,"column":null}},"type":"if","locations":[{"start":{"line":134,"column":2},"end":{"line":136,"column":null}},{"start":{},"end":{}}],"line":134},"10":{"loc":{"start":{"line":142,"column":4},"end":{"line":151,"column":null}},"type":"if","locations":[{"start":{"line":142,"column":4},"end":{"line":151,"column":null}},{"start":{},"end":{}}],"line":142},"11":{"loc":{"start":{"line":161,"column":14},"end":{"line":161,"column":null}},"type":"binary-expr","locations":[{"start":{"line":161,"column":14},"end":{"line":161,"column":22}},{"start":{"line":161,"column":22},"end":{"line":161,"column":null}}],"line":161},"12":{"loc":{"start":{"line":162,"column":13},"end":{"line":162,"column":null}},"type":"binary-expr","locations":[{"start":{"line":162,"column":13},"end":{"line":162,"column":20}},{"start":{"line":162,"column":20},"end":{"line":162,"column":null}}],"line":162},"13":{"loc":{"start":{"line":163,"column":22},"end":{"line":163,"column":null}},"type":"binary-expr","locations":[{"start":{"line":163,"column":22},"end":{"line":163,"column":38}},{"start":{"line":163,"column":38},"end":{"line":163,"column":null}}],"line":163},"14":{"loc":{"start":{"line":164,"column":28},"end":{"line":164,"column":null}},"type":"binary-expr","locations":[{"start":{"line":164,"column":28},"end":{"line":164,"column":50}},{"start":{"line":164,"column":50},"end":{"line":164,"column":null}}],"line":164},"15":{"loc":{"start":{"line":165,"column":21},"end":{"line":165,"column":null}},"type":"binary-expr","locations":[{"start":{"line":165,"column":21},"end":{"line":165,"column":36}},{"start":{"line":165,"column":36},"end":{"line":165,"column":null}}],"line":165}},"s":{"0":1,"1":1,"2":1,"3":13,"4":13,"5":1,"6":12,"7":12,"8":12,"9":12,"10":12,"11":12,"12":3,"13":3,"14":1,"15":12,"16":12,"17":5,"18":5,"19":3,"20":12,"21":12,"22":11,"23":13,"24":13,"25":11,"26":1,"27":1,"28":1,"29":12,"30":10,"31":2,"32":2,"33":2,"34":1,"35":13,"36":13,"37":1,"38":12,"39":12
[...]
6,"column":null}},"25":{"start":{"line":158,"column":6},"end":{"line":160,"column":null}},"26":{"start":{"line":162,"column":6},"end":{"line":162,"column":null}},"27":{"start":{"line":166,"column":4},"end":{"line":174,"column":null}},"28":{"start":{"line":167,"column":6},"end":{"line":173,"column":null}},"29":{"start":{"line":177,"column":4},"end":{"line":186,"column":null}},"30":{"start":{"line":188,"column":4},"end":{"line":194,"column":null}}},"fnMap":{"0":{"name":"(anonymous_0)","decl":{"start":{"line":46,"column":2},"end":{"line":46,"column":9}},"loc":{"start":{"line":46,"column":29},"end":{"line":195,"column":null}},"line":46},"1":{"name":"(anonymous_1)","decl":{"start":{"line":50,"column":67},"end":{"line":50,"column":79}},"loc":{"start":{"line":50,"column":79},"end":{"line":58,"column":5}},"line":50},"2":{"name":"(anonymous_2)","decl":{"start":{"line":68,"column":46},"end":{"line":68,"column":58}},"loc":{"start":{"line":68,"column":58},"end":{"line":80,"column":5}},"line":68},"3":{"name":"(anonymous_3)","decl":{"start":{"line":83,"column":54},"end":{"line":83,"column":66}},"loc":{"start":{"line":83,"column":66},"end":{"line":95,"column":5}},"line":83},"4":{"name":"(anonymous_4)","decl":{"start":{"line":98,"column":64},"end":{"line":98,"column":76}},"loc":{"start":{"line":98,"column":76},"end":{"line":113,"column":5}},"line":98},"5":{"name":"(anonymous_5)","decl":{"start":{"line":116,"column":58},"end":{"line":116,"column":70}},"loc":{"start":{"line":116,"column":70},"end":{"line":133,"column":5}},"line":116},"6":{"name":"(anonymous_6)","decl":{"start":{"line":138,"column":53},"end":{"line":138,"column":65}},"loc":{"start":{"line":138,"column":65},"end":{"line":163,"column":5}},"line":138},"7":{"name":"(anonymous_7)","decl":{"start":{"line":166,"column":44},"end":{"line":166,"column":56}},"loc":{"start":{"line":166,"column":56},"end":{"line":174,"column":5}},"line":166}},"branchMap":{"0":{"loc":{"start":{"line":57,"column":13},"end":{"line":57,"column":null}},"type":"cond-expr","locations":[{"start":{"line":57,"column":35},"end":{"line":57,"column":49}},{"start":{"line":57,"column":49},"end":{"line":57,"column":null}}],"line":57},"1":{"loc":{"start":{"line":60,"column":4},"end":{"line":65,"column":null}},"type":"if","locations":[{"start":{"line":60,"column":4},"end":{"line":65,"column":null}},{"start":{},"end":{}}],"line":60},"2":{"loc":{"start":{"line":75,"column":6},"end":{"line":77,"column":null}},"type":"if","locations":[{"start":{"line":75,"column":6},"end":{"line":77,"column":null}},{"start":{},"end":{}}],"line":75},"3":{"loc":{"start":{"line":90,"column":6},"end":{"line":92,"column":null}},"type":"if","locations":[{"start":{"line":90,"column":6},"end":{"line":92,"column":null}},{"start":{},"end":{}}],"line":90},"4":{"loc":{"start":{"line":140,"column":8},"end":{"line":140,"column":null}},"type":"binary-expr","locations":[{"start":{"line":140,"column":8},"end":{"line":140,"column":32}},{"start":{"line":140,"column":32},"end":{"line":140,"column":null}}],"line":140},"5":{"loc":{"start":{"line":153,"column":18},"end":{"line":153,"column":null}},"type":"cond-expr","locations":[{"start":{"line":153,"column":38},"end":{"line":153,"column":51}},{"start":{"line":153,"column":51},"end":{"line":153,"column":null}}],"line":153},"6":{"loc":{"start":{"line":154,"column":22},"end":{"line":154,"column":null}},"type":"cond-expr","locations":[{"start":{"line":154,"column":42},"end":{"line":154,"column":55}},{"start":{"line":154,"column":55},"end":{"line":154,"column":null}}],"line":154},"7":{"loc":{"start":{"line":159,"column":104},"end":{"line":159,"column":146}},"type":"cond-expr","locations":[{"start":{"line":159,"column":124},"end":{"line":159,"column":137}},{"start":{"line":159,"column":137},"end":{"line":159,"column":146}}],"line":159},"8":{"loc":{"start":{"line":170,"column":23},"end":{"line":170,"column":51}},"type":"binary-expr","locations":[{"start":{"line":170,"column":23},"end":{"line":170,"column":46}},{"start":{"line":170,"column":46},"end":{"line":170,"column":51}}],"line":170}},"s":{"0":1,"1":0,"2":0,"3":0,"4":0,"5":0,"6":0,"7":0,"8":0,"9":0,"10":0,"11":0,"12":0,"13":0,"14":0,"15":0,"16":0,"17":0,"18":0,"19":0,"20":0,"21":0,"22":0,"23":0,"24":0,"25":0,"26":0,"27":0,"28":0,"29":0,"30":0},"f":{"0":0,"1":0,"2":0,"3":0,"4":0,"5":0,"6":0,"7":0},"b":{"0":[0,0],"1":[0,0],"2":[0,0],"3":[0,0],"4":[0,0],"5":[0,0],"6":[0,0],"7":[0,0],"8":[0,0]},"meta":{"lastBranch":9,"lastFunction":8,"lastStatement":31,"seen":{"s:31:39:196:Infinity":0,"f:46:2:46:9":0,"s:47:43:47:Infinity":1,"s:50:27:58:Infinity":2,"f:50:67:50:79":1,"s:51:23:55:Infinity":3,"s:57:6:57:Infinity":4,"b:57:35:57:49:57:49:57:Infinity":0,"b:60:4:65:Infinity:undefined:undefined:undefined:undefined":1,"s:60:4:65:Infinity":5,"s:61:6:63:Infinity":6,"s:64:6:64:Infinity":7,"s:68:17:80:Infinity":8,"f:68:46:68:58":2,"s:69:21:73:Infinity":9,"b:75:6:77:Infinity:undefined:undefined:undefined:undefined":2,"s:75:6:77:Infinity":10,"s:76:8:76:Infinity":11,"s:79:6:79:Infinity":12,"s:83:21:95:Infinity":13,"f:83:54:83:66":3,"s:84:21:88:Infinity":14,"b:90:6:92:Infinity:undefined:undefined:undefined:undefined":3,"s:90:6:92:Infinity":15,"s:91:8:91:Infinity":16,"s:94:6:94:Infinity":17,"s:98:29:113:Infinity":18,"f:98:64:98:76":4,"s:99:6:112:Infinity":19,"s:116:26:133:Infinity":20,"f:116:58:116:70":5,"s:117:6:132:Infinity":21,"s:138:21:163:Infinity":22,"f:138:53:138:65":6,"s:140:8:140:Infinity":23,"b:140:8:140:32:140:32:140:Infinity":4,"s:142:26:156:Infinity":24,"b:153:38:153:51:153:51:153:Infinity":5,"b:154:42:154:55:154:55:154:Infinity":6,"s:158:6:160:Infinity":25,"b:159:124:159:137:159:137:159:146":7,"s:162:6:162:Infinity":26,"s:166:4:174:Infinity":27,"f:166:44:166:56":7,"s:167:6:173:Infinity":28,"b:170:23:170:46:170:46:170:51":8,"s:177:4:186:Infinity":29,"s:188:4:194:Infinity":30}}}
,"/Users/xander/Documents/WORK/PROJECTS/linkedin-automation/apps/web/lib/unipile/auth.ts": {"path":"/Users/xander/Documents/WORK/PROJECTS/linkedin-automation/apps/web/lib/unipile/auth.ts","statementMap":{"0":{"start":{"line":14,"column":31},"end":{"line":14,"column":null}},"1":{"start":{"line":33,"column":17},"end":{"line":33,"column":null}},"2":{"start":{"line":34,"column":2},"end":{"line":36,"column":null}},"3":{"start":{"line":35,"column":4},"end":{"line":35,"column":null}},"4":{"start":{"line":39,"column":24},"end":{"line":41,"column":null}},"5":{"start":{"line":42,"column":20},"end":{"line":42,"column":null}},"6":{"start":{"line":45,"column":8},"end":{"line":45,"column":null}},"7":{"start":{"line":46,"column":8},"end":{"line":46,"column":null}},"8":{"start":{"line":49,"column":27},"end":{"line":49,"column":null}},"9":{"start":{"line":51,"column":17},"end":{"line":60,"column":null}},"10":{"start":{"line":62,"column":2},"end":{"line":65,"column":null}}},"fnMap":{"0":{"name":"generateAuthLink","decl":{"start":{"line":32,"column":22},"end":{"line":32,"column":39}},"loc":{"start":{"line":32,"column":80},"end":{"line":66,"column":null}},"line":32}},"branchMap":{"0":{"loc":{"start":{"line":34,"column":2},"end":{"line":36,"column":null}},"type":"if","locations":[{"start":{"line":34,"column":2},"end":{"line":36,"column":null}},{"start":{},"end":{}}],"line":34},"1":{"loc":{"start":{"line":39,"column":24},"end":{"line":41,"column":null}},"type":"cond-expr","locations":[{"start":{"line":40,"column":6},"end":{"line":40,"column":null}},{"start":{"line":41,"column":6},"end":{"line":41,"column":null}}],"line":39}},"s":{"0":1,"1":6,"2":6,"3":1,"4":5,"5":6,"6":6,"7":6,"8":6,"9":6,"10":4},"f":{"0":6},"b":{"0":[1,5],"1":[1,4]},"meta":{"lastBranch":2,"lastFunction":1,"lastStatement":11,"seen":{"s:14:31:14:Infinity":0,"f:32:22:32:39":0,"s:33:17:33:Infinity":1,"b:34:2:36:Infinity:undefined:undefined:undefined:undefined":0,"s:34:2:36:Infinity":2,"s:35:4:35:Infinity":3,"s:39:24:41:Infinity":4,"b:40:6:40:Infinity:41:6:41:Infinity":1,"s:42:20:42:Infinity":5,"s:45:8:45:Infinity":6,"s:46:8:46:Infinity":7,"s:49:27:49:Infinity":8,"s:51:17:60:Infinity":9,"s:62:2:65:Infinity":10}}}
,"/Users/xander/Documents/WORK/PROJECTS/linkedin-automation/apps/web/lib/unipile/client.ts": {"path":"/Users/xander/Documents/WORK/PROJECTS/linkedin-automation/apps/web/lib/unipile/client.ts","statementMap":{"0":{"start":{"line":13,"column":18},"end":{"line":16,"column":null}},"1":{"start":{"line":19,"column":43},"end":{"line":19,"column":null}},"2":{"start":{"line":20,"column":45},"end":{"line":20,"column":null}},"3":{"start":{"line":26,"column":2},"end":{"line":29,"column":null}},"4":{"start":{"line":39,"column":2},"end":{"line":43,"column":null}},"5":{"start":{"line":40,"column":16},"end":{"line":40,"column":null}},"6":{"start":{"line":41,"column":4},"end":{"line":41,"column":null}},"7":{"start":{"line":42,"column":4},"end":{"line":42,"column":null}},"8":{"start":{"line":44,"column":2},"end":{"line":44,"column":null}},"9":{"start":{"line":53,"column":2},"end":{"line":60,"column":null}},"10":{"start":{"line":54,"column":16},"end":{"line":54,"column":null}},"11":{"start":{"line":55,"column":4},"end":{"line":55,"column":null}},"12":{"start":{"line":57,"column":4},"end":{"line":59,"column":null}},"13":{"start":{"line":58,"column":6},"end":{"line":58,"column":null}},"14":{"start":{"line":61,"column":2},"end":{"line":61,"column":null}}},"fnMap":{"0":{"name":"validateEnv","decl":{"start":{"line":25,"column":9},"end":{"line":25,"column":50}},"loc":{"start":{"line":25,"column":50},"end":{"line":30,"column":null}},"line":25},"1":{"name":"getUnipileClient","decl":{"start":{"line":38,"column":16},"end":{"line":38,"column":50}},"loc":{"start":{"line":38,"column":50},"end":{"line":45,"column":null}},"line":38},"2":{"name":"getUnipileConfig","decl":{"start":{"line":52,"column":16},"end":{"line":52,"column":52}},"loc":{"start":{"line":52,"column":52},"end":{"line":62,"column":null}},"line":52}},"branchMap":{"0":{"loc":{"start":{"line":39,"column":2},"end":{"line":43,"column":null}},"type":"if","locations":[{"start":{"line":39,"column":2},"end":{"line":43,"column":null}},{"start":{},"end":{}}],"line":39},"1":{"loc":{"start":{"line":53,"column":2},"end":{"line":60,"column":null}},"type":"if","locations":[{"start":{"line":53,"column":2},"end":{"line":60,"column":null}},{"start":{},"end":{}}],"line":53},"2":{"loc":{"start":{"line":57,"column":4},"end":{"line":59,"column":null}},"type":"if","locations":[{"start":{"line":57,"column":4},"end":{"line":59,"column":null}},{"start":{},"end":{}}],"line":57}},"s":{"0":8,"1":8,"2":8,"3":8,"4":4,"5":3,"6":3,"7":3,"8":3,"9":5,"10":5,"11":5,"12":5,"13":1,"14":1},"f":{"0":8,"1":4,"2":5},"b":{"0":[3,1],"1":[5,0],"2":[1,4]},"meta":{"lastBranch":3,"lastFunction":3,"lastStatement":15,"seen":{"s:13:18:16:Infinity":0,"s:19:43:19:Infinity":1,"s:20:45:20:Infinity":2,"f:25:9:25:50":0,"s:26:2:29:Infinity":3,"f:38:16:38:50":1,"b:39:2:43:Infinity:undefined:undefined:undefined:undefined":0,"s:39:2:43:Infinity":4,"s:40:16:40:Infinity":5,"s:41:4:41:Infinity":6,"s:42:4:42:Infinity":7,"s:44:2:44:Infinity":8,"f:52:16:52:52":2,"b:53:2:60:Infinity:undefined:undefined:undefined:undefined":1,"s:53:2:60:Infinity":9,"s:54:16:54:Infinity":10,"s:55:4:55:Infinity":11,"b:57:4:59:Infinity:undefined:undefined:undefined:undefined":2,"s:57:4:59:Infinity":12,"s:58:6:58:Infinity":13,"s:61:2:61:Infinity":14}}}
,"/Users/xander/Documents/WORK/PROJECTS/linkedin-automation/apps/web/lib/unipile/webhook-handlers.ts": {"path":"/Users/xander/Documents/WORK/PROJECTS/linkedin-automation/apps/web/lib/unipile/webhook-handlers.ts","statementMap":{"0":{"start":{"line":64,"column":17},"end":{"line":64,"column":null}},"1":{"start":{"line":65,"column":20},"end":{"line":65,"column":null}},"2":{"start":{"line":67,"column":2},"end":{"line":72,"column":null}},"3":{"start":{"line":68,"column":4},"end":{"line":71,"column":null}},"4":{"start":{"line":74,"column":2},"end":{"line":99,"column":null}},"5":{"start":{"line":75,"column":19},"end":{"line":84,"column":null}},"6":{"start":{"line":86,"column":4},"end":{"line":91,"column":null}},"7":{"start":{"line":87,"column":6},"end":{"line":90,"column":null}},"8":{"start":{"line":93,"column":4},"end":{"line":93,"column":null}},"9":{"start":{"line":95,"column":4},"end":{"line":98,"column":null}},"10":{"start":{"line":118,"column":20},"end":{"line":118,"column":null}},"11":{"start":{"line":120,"column":2},"end":{"line":125,"column":null}},"12":{"start":{"line":121,"column":4},"end":{"line":124,"column":null}},"13":{"start":{"line":127,"column":2},"end":{"line":147,"column":null}},"14":{"start":{"line":128,"column":4},"end":{"line":136,"column":null}},"15":{"start":{"line":141,"column":4},"end":{"line":141,"column":null}},"16":{"start":{"line":143,"column":4},"end":{"line":146,"column":null}},"17":{"start":{"line":162,"column":2},"end":{"line":178,"column":null}},"18":{"start":{"line":164,"column":6},"end":{"line":164,"column":null}},"19":{"start":{"line":166,"column":6},"end":{"line":166,"column":null}},"20":{"start":{"line":170,"column":6},"end":{"line":176,"column":null}},"21":{"start":{"line":177,"column":6},"end":{"line":177,"column":null}}},"fnMap":{"0":{"name":"handleAccountConnected","decl":{"start":{"line":61,"column":22},"end":{"line":61,"column":null}},"loc":{"start":{"line":63,"column":26},"end":{"line":100,"column":null}},"line":63},"1":{"name":"handleAccountDisconnected","decl":{"start":{"line":115,"column":22},"end":{"line":115,"column":null}},"loc":{"start":{"line":117,"column":26},"end":{"line":148,"column":null}},"line":117},"2":{"name":"dispatchWebhookEvent","decl":{"start":{"line":159,"column":22},"end":{"line":159,"column":null}},"loc":{"start":{"line":161,"column":26},"end":{"line":179,"column":null}},"line":161}},"branchMap":{"0":{"loc":{"start":{"line":67,"column":2},"end":{"line":72,"column":null}},"type":"if","locations":[{"start":{"line":67,"column":2},"end":{"line":72,"column":null}},{"start":{},"end":{}}],"line":67},"1":{"loc":{"start":{"line":67,"column":6},"end":{"line":67,"column":29}},"type":"binary-expr","locations":[{"start":{"line":67,"column":6},"end":{"line":67,"column":17}},{"start":{"line":67,"column":17},"end":{"line":67,"column":29}}],"line":67},"2":{"loc":{"start":{"line":86,"column":4},"end":{"line":91,"column":null}},"type":"if","locations":[{"start":{"line":86,"column":4},"end":{"line":91,"column":null}},{"start":{},"end":{}}],"line":86},"3":{"loc":{"start":{"line":97,"column":13},"end":{"line":97,"column":null}},"type":"cond-expr","locations":[{"start":{"line":97,"column":38},"end":{"line":97,"column":54}},{"start":{"line":97,"column":54},"end":{"line":97,"column":null}}],"line":97},"4":{"loc":{"start":{"line":120,"column":2},"end":{"line":125,"column":null}},"type":"if","locations":[{"start":{"line":120,"column":2},"end":{"line":125,"column":null}},{"start":{},"end":{}}],"line":120},"5":{"loc":{"start":{"line":145,"column":13},"end":{"line":145,"column":null}},"type":"cond-expr","locations":[{"start":{"line":145,"column":38},"end":{"line":145,"column":54}},{"start":{"line":145,"column":54},"end":{"line":145,"column":null}}],"line":145},"6":{"loc":{"start":{"line":162,"column":2},"end":{"line":178,"column":null}},"type":"switch","locations":[{"start":{"line":163,"column":4},"end":{"line":164,"column":null}},{"start":{"line":165,"column":4},"end":{"line":166,"column":null}},{"start":{"line":167,"column":4},"end":{"line":177,"column":null}}],"line":162}},"s":{"0":7,"1":7,"2":7,"3":2,"4":5,"5":5,"6":3,"7":1,"8":2,"9":2,"10":5,"11":5,"12":1,"13":4,"14":4,"15":3,"16":1,"17":4,"18":1,"19":1,"20":2,"21":2},"f":{"0":7,"1":5,"2":4},"b":{"0":[2,5],"1":[7,6],"2":[1,2],"3":[1,1],"4":[1,4],"5":[1,0],"6":[1,1,2]},"meta":{"lastBranch":7,"lastFunction":3,"lastStatement":22,"seen":{"f:61:22:61:Infinity":0,"s:64:17:64:Infinity":0,"s:65:20:65:Infinity":1,"b:67:2:72:Infinity:undefined:undefined:undefined:undefined":0,"s:67:2:72:Infinity":2,"b:67:6:67:17:67:17:67:29":1,"s:68:4:71:Infinity":3,"s:74:2:99:Infinity":4,"s:75:19:84:Infinity":5,"b:86:4:91:Infinity:undefined:undefined:undefined:undefined":2,"s:86:4:91:Infinity":6,"s:87:6:90:Infinity":7,"s:93:4:93:Infinity":8,"s:95:4:98:Infinity":9,"b:97:38:97:54:97:54:97:Infinity":3,"f:115:22:115:Infinity":1,"s:118:20:118:Infinity":10,"b:120:2:125:Infinity:undefined:undefined:undefined:undefined":4,"s:120:2:125:Infinity":11,"s:121:4:124:Infinity":12,"s:127:2:147:Infinity":13,"s:128:4:136:Infinity":14,"s:141:4:141:Infinity":15,"s:143:4:146:Infinity":16,"b:145:38:145:54:145:54:145:Infinity":5,"f:159:22:159:Infinity":2,"b:163:4:164:Infinity:165:4:166:Infinity:167:4:177:Infinity":6,"s:162:2:178:Infinity":17,"s:164:6:164:Infinity":18,"s:166:6:166:Infinity":19,"s:170:6:176:Infinity":20,"s:177:6:177:Infinity":21}}}
,"/Users/xander/Documents/WORK/PROJECTS/linkedin-automation/apps/web/lib/unipile/webhook-verify.ts": {"path":"/Users/xander/Documents/WORK/PROJECTS/linkedin-automation/apps/web/lib/unipile/webhook-verify.ts","statementMap":{"0":{"start":{"line":15,"column":32},"end":{"line":15,"column":null}},"1":{"start":{"line":41,"column":2},"end":{"line":43,"column":null}},"2":{"start":{"line":42,"column":4},"end":{"line":42,"column":null}},"3":{"start":{"line":46,"column":17},"end":{"line":46,"column":null}},"4":{"start":{"line":47,"column":2},"end":{"line":51,"column":null}},"5":{"start":{"line":50,"column":4},"end":{"line":50,"column":null}},"6":{"start":{"line":54,"column":26},"end":{"line":54,"column":null}},"7":{"start":{"line":55,"column":23},"end":{"line":55,"column":null}},"8":{"start":{"line":59,"column":2},"end":{"line":61,"column":null}},"9":{"start":{"line":60,"column":4},"end":{"line":60,"column":null}},"10":{"start":{"line":64,"column":18},"end":{"line":64,"column":null}},"11":{"start":{"line":66,"column":2},"end":{"line":68,"column":null}},"12":{"start":{"line":67,"column":4},"end":{"line":67,"column":null}},"13":{"start":{"line":70,"column":2},"end":{"line":70,"column":null}}},"fnMap":{"0":{"name":"verifyWebhookSignature","decl":{"start":{"line":39,"column":16},"end":{"line":39,"column":39}},"loc":{"start":{"line":39,"column":86},"end":{"line":71,"column":null}},"line":39}},"branchMap":{"0":{"loc":{"start":{"line":41,"column":2},"end":{"line":43,"column":null}},"type":"if","locations":[{"start":{"line":41,"column":2},"end":{"line":43,"column":null}},{"start":{},"end":{}}],"line":41},"1":{"loc":{"start":{"line":41,"column":6},"end":{"line":41,"column":53}},"type":"binary-expr","locations":[{"start":{"line":41,"column":6},"end":{"line":41,"column":28}},{"start":{"line":41,"column":28},"end":{"line":41,"column":53}}],"line":41},"2":{"loc":{"start":{"line":47,"column":2},"end":{"line":51,"column":null}},"type":"if","locations":[{"start":{"line":47,"column":2},"end":{"line":51,"column":null}},{"start":{},"end":{}}],"line":47},"3":{"loc":{"start":{"line":59,"column":2},"end":{"line":61,"column":null}},"type":"if","locations":[{"start":{"line":59,"column":2},"end":{"line":61,"column":null}},{"start":{},"end":{}}],"line":59},"4":{"loc":{"start":{"line":66,"column":2},"end":{"line":68,"column":null}},"type":"if","locations":[{"start":{"line":66,"column":2},"end":{"line":68,"column":null}},{"start":{},"end":{}}],"line":66}},"s":{"0":10,"1":11,"2":2,"3":9,"4":9,"5":1,"6":8,"7":8,"8":8,"9":4,"10":4,"11":4,"12":0,"13":4},"f":{"0":11},"b":{"0":[2,9],"1":[11,10],"2":[1,8],"3":[4,4],"4":[0,4]},"meta":{"lastBranch":5,"lastFunction":1,"lastStatement":14,"seen":{"s:15:32:15:Infinity":0,"f:39:16:39:39":0,"b:41:2:43:Infinity:undefined:undefined:undefined:undefined":0,"s:41:2:43:Infinity":1,"b:41:6:41:28:41:28:41:53":1,"s:42:4:42:Infinity":2,"s:46:17:46:Infinity":3,"b:47:2:51:Infinity:undefined:undefined:undefined:undefined":2,"s:47:2:51:Infinity":4,"s:50:4:50:Infinity":5,"s:54:26:54:Infinity":6,"s:55:23:55:Infinity":7,"b:59:2:61:Infinity:undefined:undefined:undefined:undefined":3,"s:59:2:61:Infinity":8,"s:60:4:60:Infinity":9,"s:64:18:64:Infinity":10,"b:66:2:68:Infinity:undefined:undefined:undefined:undefined":4,"s:66:2:68:Infinity":11,"s:67:4:67:Infinity":12,"s:70:2:70:Infinity":13}}}
}
